{"Event":{"EventData":{"Binary":"440073006D005300760063002F0034000000","param1":"Device Setup Manager","param2":"running"},"System":{"Channel":"System","Computer":"WIN-4CKB6CSHOSJ","Correlation":null,"EventID":7036,"EventID_attributes":{"Qualifiers":16384},"EventRecordID":897,"Execution_attributes":{"ProcessID":676,"ThreadID":2860},"Keywords":"0x8080000000000000","Level":4,"Opcode":0,"Provider_attributes":{"EventSourceName":"Service Control Manager","Guid":"{555908d1-a6d7-4695-8e1e-26931d2012f4}","Name":"Service Control Manager"},"Security":null,"Task":0,"TimeCreated_attributes":{"SystemTime":"2023-02-10T07:30:06.040065Z"},"Version":0}},"Event_attributes":{"xmlns":"http://schemas.microsoft.com/win/2004/08/events/event"}}
{"Event":{"EventData":{"Binary":"41007000700058005300760063002F0034000000","param1":"AppX Deployment Service (AppXSVC)","param2":"running"},"System":{"Channel":"System","Computer":"WIN-4CKB6CSHOSJ","Correlation":null,"EventID":7036,"EventID_attributes":{"Qualifiers":16384},"EventRecordID":898,"Execution_attributes":{"ProcessID":676,"ThreadID":2084},"Keywords":"0x8080000000000000","Level":4,"Opcode":0,"Provider_attributes":{"EventSourceName":"Service Control Manager","Guid":"{555908d1-a6d7-4695-8e1e-26931d2012f4}","Name":"Service Control Manager"},"Security":null,"Task":0,"TimeCreated_attributes":{"SystemTime":"2023-02-10T07:30:06.633434Z"},"Version":0}},"Event_attributes":{"xmlns":"http://schemas.microsoft.com/win/2004/08/events/event"}}
{"Event":{"EventData":{"TSId":2,"UserSid":"S-1-5-21-2015006658-2617748372-1685106364-1000"},"System":{"Channel":"System","Computer":"WIN-4CKB6CSHOSJ","Correlation":null,"EventID":7001,"EventRecordID":899,"Execution_attributes":{"ProcessID":5620,"ThreadID":3424},"Keywords":"0x2000200000000000","Level":4,"Opcode":0,"Provider_attributes":{"Guid":"DBE9B383-7CF3-4331-91CC-A3CB16A3B538","Name":"Microsoft-Windows-Winlogon"},"Security_attributes":{"UserID":"S-1-5-18"},"Task":1101,"TimeCreated_attributes":{"SystemTime":"2023-02-10T07:30:07.838699Z"},"Version":0}},"Event_attributes":{"xmlns":"http://schemas.microsoft.com/win/2004/08/events/event"}}
{"Event":{"EventData":{"Binary":"43004400500055007300650072005300760063005F003300330033003800640061002F0034000000","param1":"Connected Devices Platform User Service_3338da","param2":"running"},"System":{"Channel":"System","Computer":"WIN-4CKB6CSHOSJ","Correlation":null,"EventID":7036,"EventID_attributes":{"Qualifiers":16384},"EventRecordID":900,"Execution_attributes":{"ProcessID":676,"ThreadID":2860},"Keywords":"0x8080000000000000","Level":4,"Opcode":0,"Provider_attributes":{"EventSourceName":"Service Control Manager","Guid":"{555908d1-a6d7-4695-8e1e-26931d2012f4}","Name":"Service Control Manager"},"Security":null,"Task":0,"TimeCreated_attributes":{"SystemTime":"2023-02-10T07:30:08.399326Z"},"Version":0}},"Event_attributes":{"xmlns":"http://schemas.microsoft.com/win/2004/08/events/event"}}
{"Event":{"EventData":{"Binary":"570070006E00550073006500720053006500720076006900630065005F003300330033003800640061002F0034000000","param1":"Windows Push Notifications User Service_3338da","param2":"running"},"System":{"Channel":"System","Computer":"WIN-4CKB6CSHOSJ","Correlation":null,"EventID":7036,"EventID_attributes":{"Qualifiers":16384},"EventRecordID":901,"Execution_attributes":{"ProcessID":676,"ThreadID":2860},"Keywords":"0x8080000000000000","Level":4,"Opcode":0,"Provider_attributes":{"EventSourceName":"Service Control Manager","Guid":"{555908d1-a6d7-4695-8e1e-26931d2012f4}","Name":"Service Control Manager"},"Security":null,"Task":0,"TimeCreated_attributes":{"SystemTime":"2023-02-10T07:30:08.461624Z"},"Version":0}},"Event_attributes":{"xmlns":"http://schemas.microsoft.com/win/2004/08/events/event"}}
{"Event":{"EventData":{"Binary":"77006C00690064007300760063002F0034000000","param1":"Microsoft Account Sign-in Assistant","param2":"running"},"System":{"Channel":"System","Computer":"WIN-4CKB6CSHOSJ","Correlation":null,"EventID":7036,"EventID_attributes":{"Qualifiers":16384},"EventRecordID":902,"Execution_attributes":{"ProcessID":676,"ThreadID":2084},"Keywords":"0x8080000000000000","Level":4,"Opcode":0,"Provider_attributes":{"EventSourceName":"Service Control Manager","Guid":"{555908d1-a6d7-4695-8e1e-26931d2012f4}","Name":"Service Control Manager"},"Security":null,"Task":0,"TimeCreated_attributes":{"SystemTime":"2023-02-10T07:30:09.212276Z"},"Version":0}},"Event_attributes":{"xmlns":"http://schemas.microsoft.com/win/2004/08/events/event"}}
{"Event":{"EventData":{"Binary":"4100700070004D0067006D0074002F0034000000","param1":"Application Management","param2":"running"},"System":{"Channel":"System","Computer":"WIN-4CKB6CSHOSJ","Correlation":null,"EventID":7036,"EventID_attributes":{"Qualifiers":16384},"EventRecordID":903,"Execution_attributes":{"ProcessID":676,"ThreadID":2860},"Keywords":"0x8080000000000000","Level":4,"Opcode":0,"Provider_attributes":{"EventSourceName":"Service Control Manager","Guid":"{555908d1-a6d7-4695-8e1e-26931d2012f4}","Name":"Service Control Manager"},"Security":null,"Task":0,"TimeCreated_attributes":{"SystemTime":"2023-02-10T07:30:54.925211Z"},"Version":0}},"Event_attributes":{"xmlns":"http://schemas.microsoft.com/win/2004/08/events/event"}}
{"Event":{"EventData":{"Binary":"440073006D005300760063002F0031000000","param1":"Device Setup Manager","param2":"stopped"},"System":{"Channel":"System","Computer":"WIN-4CKB6CSHOSJ","Correlation":null,"EventID":7036,"EventID_attributes":{"Qualifiers":16384},"EventRecordID":904,"Execution_attributes":{"ProcessID":676,"ThreadID":2860},"Keywords":"0x8080000000000000","Level":4,"Opcode":0,"Provider_attributes":{"EventSourceName":"Service Control Manager","Guid":"{555908d1-a6d7-4695-8e1e-26931d2012f4}","Name":"Service Control Manager"},"Security":null,"Task":0,"TimeCreated_attributes":{"SystemTime":"2023-02-10T07:30:54.940812Z"},"Version":0}},"Event_attributes":{"xmlns":"http://schemas.microsoft.com/win/2004/08/events/event"}}
{"Event":{"EventData":{"Binary":"7300700070007300760063002F0034000000","param1":"Software Protection","param2":"running"},"System":{"Channel":"System","Computer":"WIN-4CKB6CSHOSJ","Correlation":null,"EventID":7036,"EventID_attributes":{"Qualifiers":16384},"EventRecordID":905,"Execution_attributes":{"ProcessID":676,"ThreadID":4268},"Keywords":"0x8080000000000000","Level":4,"Opcode":0,"Provider_attributes":{"EventSourceName":"Service Control Manager","Guid":"{555908d1-a6d7-4695-8e1e-26931d2012f4}","Name":"Service Control Manager"},"Security":null,"Task":0,"TimeCreated_attributes":{"SystemTime":"2023-02-10T07:31:53.885942Z"},"Version":0}},"Event_attributes":{"xmlns":"http://schemas.microsoft.com/win/2004/08/events/event"}}
{"Event":{"EventData":{"Binary":"7300700070007300760063002F0031000000","param1":"Software Protection","param2":"stopped"},"System":{"Channel":"System","Computer":"WIN-4CKB6CSHOSJ","Correlation":null,"EventID":7036,"EventID_attributes":{"Qualifiers":16384},"EventRecordID":906,"Execution_attributes":{"ProcessID":676,"ThreadID":2084},"Keywords":"0x8080000000000000","Level":4,"Opcode":0,"Provider_attributes":{"EventSourceName":"Service Control Manager","Guid":"{555908d1-a6d7-4695-8e1e-26931d2012f4}","Name":"Service Control Manager"},"Security":null,"Task":0,"TimeCreated_attributes":{"SystemTime":"2023-02-10T07:32:24.420719Z"},"Version":0}},"Event_attributes":{"xmlns":"http://schemas.microsoft.com/win/2004/08/events/event"}}
{"Event":{"EventData":{"Binary":"57006100610053004D0065006400690063005300760063002F0034000000","param1":"Windows Update Medic Service","param2":"running"},"System":{"Channel":"System","Computer":"WIN-4CKB6CSHOSJ","Correlation":null,"EventID":7036,"EventID_attributes":{"Qualifiers":16384},"EventRecordID":907,"Execution_attributes":{"ProcessID":676,"ThreadID":2084},"Keywords":"0x8080000000000000","Level":4,"Opcode":0,"Provider_attributes":{"EventSourceName":"Service Control Manager","Guid":"{555908d1-a6d7-4695-8e1e-26931d2012f4}","Name":"Service Control Manager"},"Security":null,"Task":0,"TimeCreated_attributes":{"SystemTime":"2023-02-10T07:32:29.550375Z"},"Version":0}},"Event_attributes":{"xmlns":"http://schemas.microsoft.com/win/2004/08/events/event"}}
{"Event":{"EventData":{"Binary":"770069007300760063002F0034000000","param1":"Windows Insider Service","param2":"running"},"System":{"Channel":"System","Computer":"WIN-4CKB6CSHOSJ","Correlation":null,"EventID":7036,"EventID_attributes":{"Qualifiers":16384},"EventRecordID":908,"Execution_attributes":{"ProcessID":676,"ThreadID":2084},"Keywords":"0x8080000000000000","Level":4,"Opcode":0,"Provider_attributes":{"EventSourceName":"Service Control Manager","Guid":"{555908d1-a6d7-4695-8e1e-26931d2012f4}","Name":"Service Control Manager"},"Security":null,"Task":0,"TimeCreated_attributes":{"SystemTime":"2023-02-10T07:32:29.846401Z"},"Version":0}},"Event_attributes":{"xmlns":"http://schemas.microsoft.com/win/2004/08/events/event"}}
{"Event":{"EventData":{"Binary":"7300700070007300760063002F0034000000","param1":"Software Protection","param2":"running"},"System":{"Channel":"System","Computer":"WIN-4CKB6CSHOSJ","Correlation":null,"EventID":7036,"EventID_attributes":{"Qualifiers":16384},"EventRecordID":909,"Execution_attributes":{"ProcessID":676,"ThreadID":2084},"Keywords":"0x8080000000000000","Level":4,"Opcode":0,"Provider_attributes":{"EventSourceName":"Service Control Manager","Guid":"{555908d1-a6d7-4695-8e1e-26931d2012f4}","Name":"Service Control Manager"},"Security":null,"Task":0,"TimeCreated_attributes":{"SystemTime":"2023-02-10T07:32:29.986906Z"},"Version":0}},"Event_attributes":{"xmlns":"http://schemas.microsoft.com/win/2004/08/events/event"}}
{"Event":{"EventData":{"Binary":"7300700070007300760063002F0031000000","param1":"Software Protection","param2":"stopped"},"System":{"Channel":"System","Computer":"WIN-4CKB6CSHOSJ","Correlation":null,"EventID":7036,"EventID_attributes":{"Qualifiers":16384},"EventRecordID":910,"Execution_attributes":{"ProcessID":676,"ThreadID":2084},"Keywords":"0x8080000000000000","Level":4,"Opcode":0,"Provider_attributes":{"EventSourceName":"Service Control Manager","Guid":"{555908d1-a6d7-4695-8e1e-26931d2012f4}","Name":"Service Control Manager"},"Security":null,"Task":0,"TimeCreated_attributes":{"SystemTime":"2023-02-10T07:33:00.670267Z"},"Version":0}},"Event_attributes":{"xmlns":"http://schemas.microsoft.com/win/2004/08/events/event"}}
{"Event":{"EventData":{"Binary":"57006100610053004D0065006400690063005300760063002F0031000000","param1":"Windows Update Medic Service","param2":"stopped"},"System":{"Channel":"System","Computer":"WIN-4CKB6CSHOSJ","Correlation":null,"EventID":7036,"EventID_attributes":{"Qualifiers":16384},"EventRecordID":911,"Execution_attributes":{"ProcessID":676,"ThreadID":3520},"Keywords":"0x8080000000000000","Level":4,"Opcode":0,"Provider_attributes":{"EventSourceName":"Service Control Manager","Guid":"{555908d1-a6d7-4695-8e1e-26931d2012f4}","Name":"Service Control Manager"},"Security":null,"Task":0,"TimeCreated_attributes":{"SystemTime":"2023-02-10T07:33:29.555411Z"},"Version":0}},"Event_attributes":{"xmlns":"http://schemas.microsoft.com/win/2004/08/events/event"}}
{"Event":{"EventData":{"Binary":"770069007300760063002F0031000000","param1":"Windows Insider Service","param2":"stopped"},"System":{"Channel":"System","Computer":"WIN-4CKB6CSHOSJ","Correlation":null,"EventID":7036,"EventID_attributes":{"Qualifiers":16384},"EventRecordID":912,"Execution_attributes":{"ProcessID":676,"ThreadID":3520},"Keywords":"0x8080000000000000","Level":4,"Opcode":0,"Provider_attributes":{"EventSourceName":"Service Control Manager","Guid":"{555908d1-a6d7-4695-8e1e-26931d2012f4}","Name":"Service Control Manager"},"Security":null,"Task":0,"TimeCreated_attributes":{"SystemTime":"2023-02-10T07:33:30.110338Z"},"Version":0}},"Event_attributes":{"xmlns":"http://schemas.microsoft.com/win/2004/08/events/event"}}
{"Event":{"EventData":{"Binary":"41007000700058005300760063002F0031000000","param1":"AppX Deployment Service (AppXSVC)","param2":"stopped"},"System":{"Channel":"System","Computer":"WIN-4CKB6CSHOSJ","Correlation":null,"EventID":7036,"EventID_attributes":{"Qualifiers":16384},"EventRecordID":913,"Execution_attributes":{"ProcessID":676,"ThreadID":2940},"Keywords":"0x8080000000000000","Level":4,"Opcode":0,"Provider_attributes":{"EventSourceName":"Service Control Manager","Guid":"{555908d1-a6d7-4695-8e1e-26931d2012f4}","Name":"Service Control Manager"},"Security":null,"Task":0,"TimeCreated_attributes":{"SystemTime":"2023-02-10T07:35:11.301879Z"},"Version":0}},"Event_attributes":{"xmlns":"http://schemas.microsoft.com/win/2004/08/events/event"}}
{"Event":{"EventData":{"Address":"02000000C0A8E002000000000000000000000000000000000000000000000000000000000000000000000000000000000000000000000000000000000000000000000000000000000000000000000000000000000000000000000000000000000000000000000000000000000000000000000000000000000000000000000000","AddressLength":128,"QueryName":"wpad"},"System":{"Channel":"System","Computer":"WIN-4CKB6CSHOSJ","Correlation":null,"EventID":1014,"EventRecordID":914,"Execution_attributes":{"ProcessID":1792,"ThreadID":5892},"Keywords":"0x4000000010000000","Level":3,"Opcode":0,"Provider_attributes":{"Guid":"1C95126E-7EEA-49A9-A3FE-A378B03DDB4D","Name":"Microsoft-Windows-DNS-Client"},"Security_attributes":{"UserID":"S-1-5-20"},"Task":1014,"TimeCreated_attributes":{"SystemTime":"2023-02-10T07:35:58.646204Z"},"Version":0}},"Event_attributes":{"xmlns":"http://schemas.microsoft.com/win/2004/08/events/event"}}
{"Event":{"EventData":{"Binary":"77006C00690064007300760063002F0031000000","param1":"Microsoft Account Sign-in Assistant","param2":"stopped"},"System":{"Channel":"System","Computer":"WIN-4CKB6CSHOSJ","Correlation":null,"EventID":7036,"EventID_attributes":{"Qualifiers":16384},"EventRecordID":915,"Execution_attributes":{"ProcessID":676,"ThreadID":3520},"Keywords":"0x8080000000000000","Level":4,"Opcode":0,"Provider_attributes":{"EventSourceName":"Service Control Manager","Guid":"{555908d1-a6d7-4695-8e1e-26931d2012f4}","Name":"Service Control Manager"},"Security":null,"Task":0,"TimeCreated_attributes":{"SystemTime":"2023-02-10T07:36:09.028035Z"},"Version":0}},"Event_attributes":{"xmlns":"http://schemas.microsoft.com/win/2004/08/events/event"}}
{"Event":{"EventData":{"Binary":"5300630044006500760069006300650045006E0075006D002F0034000000","param1":"Smart Card Device Enumeration Service","param2":"running"},"System":{"Channel":"System","Computer":"WIN-4CKB6CSHOSJ","Correlation":null,"EventID":7036,"EventID_attributes":{"Qualifiers":16384},"EventRecordID":916,"Execution_attributes":{"ProcessID":676,"ThreadID":3520},"Keywords":"0x8080000000000000","Level":4,"Opcode":0,"Provider_attributes":{"EventSourceName":"Service Control Manager","Guid":"{555908d1-a6d7-4695-8e1e-26931d2012f4}","Name":"Service Control Manager"},"Security":null,"Task":0,"TimeCreated_attributes":{"SystemTime":"2023-02-10T07:36:36.611036Z"},"Version":0}},"Event_attributes":{"xmlns":"http://schemas.microsoft.com/win/2004/08/events/event"}}
{"Event":{"EventData":{"Binary":"5300630044006500760069006300650045006E0075006D002F0031000000","param1":"Smart Card Device Enumeration Service","param2":"stopped"},"System":{"Channel":"System","Computer":"WIN-4CKB6CSHOSJ","Correlation":null,"EventID":7036,"EventID_attributes":{"Qualifiers":16384},"EventRecordID":917,"Execution_attributes":{"ProcessID":676,"ThreadID":1168},"Keywords":"0x8080000000000000","Level":4,"Opcode":0,"Provider_attributes":{"EventSourceName":"Service Control Manager","Guid":"{555908d1-a6d7-4695-8e1e-26931d2012f4}","Name":"Service Control Manager"},"Security":null,"Task":0,"TimeCreated_attributes":{"SystemTime":"2023-02-10T07:38:39.776452Z"},"Version":0}},"Event_attributes":{"xmlns":"http://schemas.microsoft.com/win/2004/08/events/event"}}
{"Event":{"EventData":{"TSId":3,"UserSid":"S-1-5-21-2015006658-2617748372-1685106364-1002"},"System":{"Channel":"System","Computer":"WIN-4CKB6CSHOSJ","Correlation":null,"EventID":7001,"EventRecordID":918,"Execution_attributes":{"ProcessID":5948,"ThreadID":812},"Keywords":"0x2000200000000000","Level":4,"Opcode":0,"Provider_attributes":{"Guid":"DBE9B383-7CF3-4331-91CC-A3CB16A3B538","Name":"Microsoft-Windows-Winlogon"},"Security_attributes":{"UserID":"S-1-5-18"},"Task":1101,"TimeCreated_attributes":{"SystemTime":"2023-02-10T07:43:43.879614Z"},"Version":0}},"Event_attributes":{"xmlns":"http://schemas.microsoft.com/win/2004/08/events/event"}}
{"Event":{"EventData":{"Binary":"43004400500055007300650072005300760063005F003300390036003900610032002F0034000000","param1":"Connected Devices Platform User Service_3969a2","param2":"running"},"System":{"Channel":"System","Computer":"WIN-4CKB6CSHOSJ","Correlation":null,"EventID":7036,"EventID_attributes":{"Qualifiers":16384},"EventRecordID":919,"Execution_attributes":{"ProcessID":676,"ThreadID":1564},"Keywords":"0x8080000000000000","Level":4,"Opcode":0,"Provider_attributes":{"EventSourceName":"Service Control Manager","Guid":"{555908d1-a6d7-4695-8e1e-26931d2012f4}","Name":"Service Control Manager"},"Security":null,"Task":0,"TimeCreated_attributes":{"SystemTime":"2023-02-10T07:43:44.585189Z"},"Version":0}},"Event_attributes":{"xmlns":"http://schemas.microsoft.com/win/2004/08/events/event"}}
{"Event":{"EventData":{"Binary":"570070006E00550073006500720053006500720076006900630065005F003300390036003900610032002F0034000000","param1":"Windows Push Notifications User Service_3969a2","param2":"running"},"System":{"Channel":"System","Computer":"WIN-4CKB6CSHOSJ","Correlation":null,"EventID":7036,"EventID_attributes":{"Qualifiers":16384},"EventRecordID":920,"Execution_attributes":{"ProcessID":676,"ThreadID":1564},"Keywords":"0x8080000000000000","Level":4,"Opcode":0,"Provider_attributes":{"EventSourceName":"Service Control Manager","Guid":"{555908d1-a6d7-4695-8e1e-26931d2012f4}","Name":"Service Control Manager"},"Security":null,"Task":0,"TimeCreated_attributes":{"SystemTime":"2023-02-10T07:43:44.632034Z"},"Version":0}},"Event_attributes":{"xmlns":"http://schemas.microsoft.com/win/2004/08/events/event"}}
{"Event":{"EventData":{"Binary":"41007000700058005300760063002F0034000000","param1":"AppX Deployment Service (AppXSVC)","param2":"running"},"System":{"Channel":"System","Computer":"WIN-4CKB6CSHOSJ","Correlation":null,"EventID":7036,"EventID_attributes":{"Qualifiers":16384},"EventRecordID":921,"Execution_attributes":{"ProcessID":676,"ThreadID":1564},"Keywords":"0x8080000000000000","Level":4,"Opcode":0,"Provider_attributes":{"EventSourceName":"Service Control Manager","Guid":"{555908d1-a6d7-4695-8e1e-26931d2012f4}","Name":"Service Control Manager"},"Security":null,"Task":0,"TimeCreated_attributes":{"SystemTime":"2023-02-10T07:43:44.960054Z"},"Version":0}},"Event_attributes":{"xmlns":"http://schemas.microsoft.com/win/2004/08/events/event"}}
{"Event":{"EventData":{"Binary":"77006C00690064007300760063002F0034000000","param1":"Microsoft Account Sign-in Assistant","param2":"running"},"System":{"Channel":"System","Computer":"WIN-4CKB6CSHOSJ","Correlation":null,"EventID":7036,"EventID_attributes":{"Qualifiers":16384},"EventRecordID":922,"Execution_attributes":{"ProcessID":676,"ThreadID":1564},"Keywords":"0x8080000000000000","Level":4,"Opcode":0,"Provider_attributes":{"EventSourceName":"Service Control Manager","Guid":"{555908d1-a6d7-4695-8e1e-26931d2012f4}","Name":"Service Control Manager"},"Security":null,"Task":0,"TimeCreated_attributes":{"SystemTime":"2023-02-10T07:43:45.366625Z"},"Version":0}},"Event_attributes":{"xmlns":"http://schemas.microsoft.com/win/2004/08/events/event"}}
{"Event":{"EventData":{"Binary":"540072007500730074006500640049006E007300740061006C006C00650072002F0034000000","param1":"Windows Modules Installer","param2":"running"},"System":{"Channel":"System","Computer":"WIN-4CKB6CSHOSJ","Correlation":null,"EventID":7036,"EventID_attributes":{"Qualifiers":16384},"EventRecordID":923,"Execution_attributes":{"ProcessID":676,"ThreadID":3944},"Keywords":"0x8080000000000000","Level":4,"Opcode":0,"Provider_attributes":{"EventSourceName":"Service Control Manager","Guid":"{555908d1-a6d7-4695-8e1e-26931d2012f4}","Name":"Service Control Manager"},"Security":null,"Task":0,"TimeCreated_attributes":{"SystemTime":"2023-02-10T07:45:09.060685Z"},"Version":0}},"Event_attributes":{"xmlns":"http://schemas.microsoft.com/win/2004/08/events/event"}}
{"Event":{"EventData":{"Binary":"540072007500730074006500640049006E007300740061006C006C00650072002F0031000000","param1":"Windows Modules Installer","param2":"stopped"},"System":{"Channel":"System","Computer":"WIN-4CKB6CSHOSJ","Correlation":null,"EventID":7036,"EventID_attributes":{"Qualifiers":16384},"EventRecordID":924,"Execution_attributes":{"ProcessID":676,"ThreadID":3944},"Keywords":"0x8080000000000000","Level":4,"Opcode":0,"Provider_attributes":{"EventSourceName":"Service Control Manager","Guid":"{555908d1-a6d7-4695-8e1e-26931d2012f4}","Name":"Service Control Manager"},"Security":null,"Task":0,"TimeCreated_attributes":{"SystemTime":"2023-02-10T07:47:10.994481Z"},"Version":0}},"Event_attributes":{"xmlns":"http://schemas.microsoft.com/win/2004/08/events/event"}}
{"Event":{"EventData":{"Binary":"41007000700058005300760063002F0031000000","param1":"AppX Deployment Service (AppXSVC)","param2":"stopped"},"System":{"Channel":"System","Computer":"WIN-4CKB6CSHOSJ","Correlation":null,"EventID":7036,"EventID_attributes":{"Qualifiers":16384},"EventRecordID":925,"Execution_attributes":{"ProcessID":676,"ThreadID":6636},"Keywords":"0x8080000000000000","Level":4,"Opcode":0,"Provider_attributes":{"EventSourceName":"Service Control Manager","Guid":"{555908d1-a6d7-4695-8e1e-26931d2012f4}","Name":"Service Control Manager"},"Security":null,"Task":0,"TimeCreated_attributes":{"SystemTime":"2023-02-10T07:48:47.273827Z"},"Version":0}},"Event_attributes":{"xmlns":"http://schemas.microsoft.com/win/2004/08/events/event"}}
{"Event":{"EventData":{"Binary":"77006C00690064007300760063002F0031000000","param1":"Microsoft Account Sign-in Assistant","param2":"stopped"},"System":{"Channel":"System","Computer":"WIN-4CKB6CSHOSJ","Correlation":null,"EventID":7036,"EventID_attributes":{"Qualifiers":16384},"EventRecordID":926,"Execution_attributes":{"ProcessID":676,"ThreadID":6636},"Keywords":"0x8080000000000000","Level":4,"Opcode":0,"Provider_attributes":{"EventSourceName":"Service Control Manager","Guid":"{555908d1-a6d7-4695-8e1e-26931d2012f4}","Name":"Service Control Manager"},"Security":null,"Task":0,"TimeCreated_attributes":{"SystemTime":"2023-02-10T07:49:45.099073Z"},"Version":0}},"Event_attributes":{"xmlns":"http://schemas.microsoft.com/win/2004/08/events/event"}}
{"Event":{"EventData":{"Binary":"440073006D005300760063002F0034000000","param1":"Device Setup Manager","param2":"running"},"System":{"Channel":"System","Computer":"WIN-4CKB6CSHOSJ","Correlation":null,"EventID":7036,"EventID_attributes":{"Qualifiers":16384},"EventRecordID":927,"Execution_attributes":{"ProcessID":676,"ThreadID":3180},"Keywords":"0x8080000000000000","Level":4,"Opcode":0,"Provider_attributes":{"EventSourceName":"Service Control Manager","Guid":"{555908d1-a6d7-4695-8e1e-26931d2012f4}","Name":"Service Control Manager"},"Security":null,"Task":0,"TimeCreated_attributes":{"SystemTime":"2023-02-10T07:52:25.991749Z"},"Version":0}},"Event_attributes":{"xmlns":"http://schemas.microsoft.com/win/2004/08/events/event"}}
{"Event":{"EventData":{"Binary":"440073006D005300760063002F0031000000","param1":"Device Setup Manager","param2":"stopped"},"System":{"Channel":"System","Computer":"WIN-4CKB6CSHOSJ","Correlation":null,"EventID":7036,"EventID_attributes":{"Qualifiers":16384},"EventRecordID":928,"Execution_attributes":{"ProcessID":676,"ThreadID":3944},"Keywords":"0x8080000000000000","Level":4,"Opcode":0,"Provider_attributes":{"EventSourceName":"Service Control Manager","Guid":"{555908d1-a6d7-4695-8e1e-26931d2012f4}","Name":"Service Control Manager"},"Security":null,"Task":0,"TimeCreated_attributes":{"SystemTime":"2023-02-10T07:53:14.861313Z"},"Version":0}},"Event_attributes":{"xmlns":"http://schemas.microsoft.com/win/2004/08/events/event"}}
{"Event":{"EventData":{"Address":"02000000C0A8E002000000000000000000000000000000000000000000000000000000000000000000000000000000000000000000000000000000000000000000000000000000000000000000000000000000000000000000000000000000000000000000000000000000000000000000000000000000000000000000000000","AddressLength":128,"QueryName":"wpad"},"System":{"Channel":"System","Computer":"WIN-4CKB6CSHOSJ","Correlation":null,"EventID":1014,"EventRecordID":929,"Execution_attributes":{"ProcessID":1792,"ThreadID":4984},"Keywords":"0x4000000010000000","Level":3,"Opcode":0,"Provider_attributes":{"Guid":"1C95126E-7EEA-49A9-A3FE-A378B03DDB4D","Name":"Microsoft-Windows-DNS-Client"},"Security_attributes":{"UserID":"S-1-5-20"},"Task":1014,"TimeCreated_attributes":{"SystemTime":"2023-02-10T07:56:12.713625Z"},"Version":0}},"Event_attributes":{"xmlns":"http://schemas.microsoft.com/win/2004/08/events/event"}}
{"Event":{"EventData":{"Binary":"540072007500730074006500640049006E007300740061006C006C00650072002F0034000000","param1":"Windows Modules Installer","param2":"running"},"System":{"Channel":"System","Computer":"WIN-4CKB6CSHOSJ","Correlation":null,"EventID":7036,"EventID_attributes":{"Qualifiers":16384},"EventRecordID":930,"Execution_attributes":{"ProcessID":676,"ThreadID":144},"Keywords":"0x8080000000000000","Level":4,"Opcode":0,"Provider_attributes":{"EventSourceName":"Service Control Manager","Guid":"{555908d1-a6d7-4695-8e1e-26931d2012f4}","Name":"Service Control Manager"},"Security":null,"Task":0,"TimeCreated_attributes":{"SystemTime":"2023-02-10T07:58:45.186633Z"},"Version":0}},"Event_attributes":{"xmlns":"http://schemas.microsoft.com/win/2004/08/events/event"}}
{"Event":{"EventData":{"Binary":"540072007500730074006500640049006E007300740061006C006C00650072002F0031000000","param1":"Windows Modules Installer","param2":"stopped"},"System":{"Channel":"System","Computer":"WIN-4CKB6CSHOSJ","Correlation":null,"EventID":7036,"EventID_attributes":{"Qualifiers":16384},"EventRecordID":931,"Execution_attributes":{"ProcessID":676,"ThreadID":3944},"Keywords":"0x8080000000000000","Level":4,"Opcode":0,"Provider_attributes":{"EventSourceName":"Service Control Manager","Guid":"{555908d1-a6d7-4695-8e1e-26931d2012f4}","Name":"Service Control Manager"},"Security":null,"Task":0,"TimeCreated_attributes":{"SystemTime":"2023-02-10T08:00:46.665726Z"},"Version":0}},"Event_attributes":{"xmlns":"http://schemas.microsoft.com/win/2004/08/events/event"}}
{"Event":{"EventData":{"Binary":"7300700070007300760063002F0034000000","param1":"Software Protection","param2":"running"},"System":{"Channel":"System","Computer":"WIN-4CKB6CSHOSJ","Correlation":null,"EventID":7036,"EventID_attributes":{"Qualifiers":16384},"EventRecordID":932,"Execution_attributes":{"ProcessID":676,"ThreadID":3944},"Keywords":"0x8080000000000000","Level":4,"Opcode":0,"Provider_attributes":{"EventSourceName":"Service Control Manager","Guid":"{555908d1-a6d7-4695-8e1e-26931d2012f4}","Name":"Service Control Manager"},"Security":null,"Task":0,"TimeCreated_attributes":{"SystemTime":"2023-02-10T08:01:54.406678Z"},"Version":0}},"Event_attributes":{"xmlns":"http://schemas.microsoft.com/win/2004/08/events/event"}}
{"Event":{"EventData":{"Binary":"5300630044006500760069006300650045006E0075006D002F0034000000","param1":"Smart Card Device Enumeration Service","param2":"running"},"System":{"Channel":"System","Computer":"WIN-4CKB6CSHOSJ","Correlation":null,"EventID":7036,"EventID_attributes":{"Qualifiers":16384},"EventRecordID":933,"Execution_attributes":{"ProcessID":676,"ThreadID":3944},"Keywords":"0x8080000000000000","Level":4,"Opcode":0,"Provider_attributes":{"EventSourceName":"Service Control Manager","Guid":"{555908d1-a6d7-4695-8e1e-26931d2012f4}","Name":"Service Control Manager"},"Security":null,"Task":0,"TimeCreated_attributes":{"SystemTime":"2023-02-10T08:02:04.986598Z"},"Version":0}},"Event_attributes":{"xmlns":"http://schemas.microsoft.com/win/2004/08/events/event"}}
{"Event":{"EventData":{"Binary":"7300700070007300760063002F0031000000","param1":"Software Protection","param2":"stopped"},"System":{"Channel":"System","Computer":"WIN-4CKB6CSHOSJ","Correlation":null,"EventID":7036,"EventID_attributes":{"Qualifiers":16384},"EventRecordID":934,"Execution_attributes":{"ProcessID":676,"ThreadID":3944},"Keywords":"0x8080000000000000","Level":4,"Opcode":0,"Provider_attributes":{"EventSourceName":"Service Control Manager","Guid":"{555908d1-a6d7-4695-8e1e-26931d2012f4}","Name":"Service Control Manager"},"Security":null,"Task":0,"TimeCreated_attributes":{"SystemTime":"2023-02-10T08:02:25.014462Z"},"Version":0}},"Event_attributes":{"xmlns":"http://schemas.microsoft.com/win/2004/08/events/event"}}
{"Event":{"EventData":{"Binary":"41007000700069006E0066006F002F0034000000","param1":"Application Information","param2":"running"},"System":{"Channel":"System","Computer":"WIN-4CKB6CSHOSJ","Correlation":null,"EventID":7036,"EventID_attributes":{"Qualifiers":16384},"EventRecordID":935,"Execution_attributes":{"ProcessID":676,"ThreadID":3944},"Keywords":"0x8080000000000000","Level":4,"Opcode":0,"Provider_attributes":{"EventSourceName":"Service Control Manager","Guid":"{555908d1-a6d7-4695-8e1e-26931d2012f4}","Name":"Service Control Manager"},"Security":null,"Task":0,"TimeCreated_attributes":{"SystemTime":"2023-02-10T08:02:29.078363Z"},"Version":0}},"Event_attributes":{"xmlns":"http://schemas.microsoft.com/win/2004/08/events/event"}}
{"Event":{"EventData":{"Address":"02000000C0A8E002000000000000000000000000000000000000000000000000000000000000000000000000000000000000000000000000000000000000000000000000000000000000000000000000000000000000000000000000000000000000000000000000000000000000000000000000000000000000000000000000","AddressLength":128,"QueryName":"wpad"},"System":{"Channel":"System","Computer":"WIN-4CKB6CSHOSJ","Correlation":null,"EventID":1014,"EventRecordID":936,"Execution_attributes":{"ProcessID":1792,"ThreadID":6128},"Keywords":"0x4000000010000000","Level":3,"Opcode":0,"Provider_attributes":{"Guid":"1C95126E-7EEA-49A9-A3FE-A378B03DDB4D","Name":"Microsoft-Windows-DNS-Client"},"Security_attributes":{"UserID":"S-1-5-20"},"Task":1014,"TimeCreated_attributes":{"SystemTime":"2023-02-10T08:06:19.741643Z"},"Version":0}},"Event_attributes":{"xmlns":"http://schemas.microsoft.com/win/2004/08/events/event"}}
{"Event":{"EventData":{"Binary":"5300630044006500760069006300650045006E0075006D002F0031000000","param1":"Smart Card Device Enumeration Service","param2":"stopped"},"System":{"Channel":"System","Computer":"WIN-4CKB6CSHOSJ","Correlation":null,"EventID":7036,"EventID_attributes":{"Qualifiers":16384},"EventRecordID":937,"Execution_attributes":{"ProcessID":676,"ThreadID":6352},"Keywords":"0x8080000000000000","Level":4,"Opcode":0,"Provider_attributes":{"EventSourceName":"Service Control Manager","Guid":"{555908d1-a6d7-4695-8e1e-26931d2012f4}","Name":"Service Control Manager"},"Security":null,"Task":0,"TimeCreated_attributes":{"SystemTime":"2023-02-10T08:06:57.750691Z"},"Version":0}},"Event_attributes":{"xmlns":"http://schemas.microsoft.com/win/2004/08/events/event"}}
