<?xml version="1.0" encoding="utf-8"?>
<Event xmlns="http://schemas.microsoft.com/win/2004/08/events/event">
  <System>
    <Provider Name="Microsoft-Windows-Sysmon" Guid="5770385F-C22A-43E0-BF4C-06F5698FFBD9">
    </Provider>
    <EventID>1</EventID>
    <Version>5</Version>
    <Level>4</Level>
    <Task>1</Task>
    <Opcode>0</Opcode>
    <Keywords>0x8000000000000000</Keywords>
    <TimeCreated SystemTime="2023-02-10T08:05:55.137311Z">
    </TimeCreated>
    <EventRecordID>871</EventRecordID>
    <Correlation>
    </Correlation>
    <Execution ProcessID="2964" ThreadID="4368">
    </Execution>
    <Channel>Microsoft-Windows-Sysmon/Operational</Channel>
    <Computer>WIN-4CKB6CSHOSJ</Computer>
    <Security UserID="S-1-5-18">
    </Security>
  </System>
  <EventData>
    <Data Name="RuleName">-</Data>
    <Data Name="UtcTime">2023-02-10 08:05:55.135</Data>
    <Data Name="ProcessGuid">FF8B6A41-FAE3-63E5-2B02-000000000200</Data>
    <Data Name="ProcessId">6068</Data>
    <Data Name="Image">C:\Windows\System32\cmd.exe</Data>
    <Data Name="FileVersion">10.0.17763.1697 (WinBuild.160101.0800)</Data>
    <Data Name="Description">Windows Command Processor</Data>
    <Data Name="Product">Microsoft® Windows® Operating System</Data>
    <Data Name="Company">Microsoft Corporation</Data>
    <Data Name="OriginalFileName">Cmd.Exe</Data>
    <Data Name="CommandLine">c:\windows\system32\cmd.exe</Data>
    <Data Name="CurrentDirectory">C:\Users\Administrator\</Data>
    <Data Name="User">WIN-4CKB6CSHOSJ\Administrator</Data>
    <Data Name="LogonGuid">FF8B6A41-FAE2-63E5-2E96-410000000000</Data>
    <Data Name="LogonId">0x41962e</Data>
    <Data Name="TerminalSessionId">0</Data>
    <Data Name="IntegrityLevel">High</Data>
    <Data Name="Hashes">MD5=911D039E71583A07320B32BDE22F8E22,SHA256=BC866CFCDDA37E24DC2634DC282C7A0E6F55209DA17A8FA105B07414C0E7C527,IMPHASH=272245E2988E1E430500B852C4FB5E18</Data>
    <Data Name="ParentProcessGuid">FF8B6A41-FAE3-63E5-2A02-000000000200</Data>
    <Data Name="ParentProcessId">4948</Data>
    <Data Name="ParentImage">C:\Windows\System32\conhost.exe</Data>
    <Data Name="ParentCommandLine">C:\Windows\system32\conhost.exe --headless --width 80 --height 24 --signal 0x200 -- &quot;c:\windows\system32\cmd.exe&quot;</Data>
    <Data Name="ParentUser">WIN-4CKB6CSHOSJ\Administrator</Data>
  </EventData>
</Event>
<?xml version="1.0" encoding="utf-8"?>
<Event xmlns="http://schemas.microsoft.com/win/2004/08/events/event">
  <System>
    <Provider Name="Microsoft-Windows-Sysmon" Guid="5770385F-C22A-43E0-BF4C-06F5698FFBD9">
    </Provider>
    <EventID>3</EventID>
    <Version>5</Version>
    <Level>4</Level>
    <Task>3</Task>
    <Opcode>0</Opcode>
    <Keywords>0x8000000000000000</Keywords>
    <TimeCreated SystemTime="2023-02-10T08:05:56.697870Z">
    </TimeCreated>
    <EventRecordID>872</EventRecordID>
    <Correlation>
    </Correlation>
    <Execution ProcessID="2964" ThreadID="4384">
    </Execution>
    <Channel>Microsoft-Windows-Sysmon/Operational</Channel>
    <Computer>WIN-4CKB6CSHOSJ</Computer>
    <Security UserID="S-1-5-18">
    </Security>
  </System>
  <EventData>
    <Data Name="RuleName">SSH</Data>
    <Data Name="UtcTime">2023-02-10 06:31:30.152</Data>
    <Data Name="ProcessGuid">FF8B6A41-D5C0-63E5-3A00-000000000200</Data>
    <Data Name="ProcessId">2980</Data>
    <Data Name="Image">C:\Windows\System32\OpenSSH\sshd.exe</Data>
    <Data Name="User">NT AUTHORITY\SYSTEM</Data>
    <Data Name="Protocol">tcp</Data>
    <Data Name="Initiated">false</Data>
    <Data Name="SourceIsIpv6">false</Data>
    <Data Name="SourceIp">192.168.224.130</Data>
    <Data Name="SourceHostname">-</Data>
    <Data Name="SourcePort">54546</Data>
    <Data Name="SourcePortName">-</Data>
    <Data Name="DestinationIsIpv6">false</Data>
    <Data Name="DestinationIp">192.168.224.137</Data>
    <Data Name="DestinationHostname">WIN-4CKB6CSHOSJ.localdomain</Data>
    <Data Name="DestinationPort">22</Data>
    <Data Name="DestinationPortName">ssh</Data>
  </EventData>
</Event>
<?xml version="1.0" encoding="utf-8"?>
<Event xmlns="http://schemas.microsoft.com/win/2004/08/events/event">
  <System>
    <Provider Name="Microsoft-Windows-Sysmon" Guid="5770385F-C22A-43E0-BF4C-06F5698FFBD9">
    </Provider>
    <EventID>1</EventID>
    <Version>5</Version>
    <Level>4</Level>
    <Task>1</Task>
    <Opcode>0</Opcode>
    <Keywords>0x8000000000000000</Keywords>
    <TimeCreated SystemTime="2023-02-10T08:05:57.741619Z">
    </TimeCreated>
    <EventRecordID>873</EventRecordID>
    <Correlation>
    </Correlation>
    <Execution ProcessID="2964" ThreadID="4368">
    </Execution>
    <Channel>Microsoft-Windows-Sysmon/Operational</Channel>
    <Computer>WIN-4CKB6CSHOSJ</Computer>
    <Security UserID="S-1-5-18">
    </Security>
  </System>
  <EventData>
    <Data Name="RuleName">-</Data>
    <Data Name="UtcTime">2023-02-10 08:05:57.740</Data>
    <Data Name="ProcessGuid">FF8B6A41-FAE5-63E5-2C02-000000000200</Data>
    <Data Name="ProcessId">1564</Data>
    <Data Name="Image">C:\Windows\System32\LogonUI.exe</Data>
    <Data Name="FileVersion">10.0.17763.1 (WinBuild.160101.0800)</Data>
    <Data Name="Description">Windows Logon User Interface Host</Data>
    <Data Name="Product">Microsoft® Windows® Operating System</Data>
    <Data Name="Company">Microsoft Corporation</Data>
    <Data Name="OriginalFileName">logonui.exe</Data>
    <Data Name="CommandLine">&quot;LogonUI.exe&quot; /flags:0x0 /state0:0xa3f96855 /state1:0x41c64e6d</Data>
    <Data Name="CurrentDirectory">C:\Windows\system32\</Data>
    <Data Name="User">NT AUTHORITY\SYSTEM</Data>
    <Data Name="LogonGuid">FF8B6A41-D5BF-63E5-E703-000000000000</Data>
    <Data Name="LogonId">0x3e7</Data>
    <Data Name="TerminalSessionId">2</Data>
    <Data Name="IntegrityLevel">System</Data>
    <Data Name="Hashes">MD5=33F89DD9629CB0422A2C17268376232D,SHA256=9358EF8CB7FB08581D74274005263BD8FA2E6E0FC443930B25FD345CF6CE9071,IMPHASH=B9B0B64B08B38276711093CA94348D39</Data>
    <Data Name="ParentProcessGuid">FF8B6A41-F27D-63E5-4A01-000000000200</Data>
    <Data Name="ParentProcessId">5620</Data>
    <Data Name="ParentImage">C:\Windows\System32\winlogon.exe</Data>
    <Data Name="ParentCommandLine">winlogon.exe</Data>
    <Data Name="ParentUser">NT AUTHORITY\SYSTEM</Data>
  </EventData>
</Event>
<?xml version="1.0" encoding="utf-8"?>
<Event xmlns="http://schemas.microsoft.com/win/2004/08/events/event">
  <System>
    <Provider Name="Microsoft-Windows-Sysmon" Guid="5770385F-C22A-43E0-BF4C-06F5698FFBD9">
    </Provider>
    <EventID>1</EventID>
    <Version>5</Version>
    <Level>4</Level>
    <Task>1</Task>
    <Opcode>0</Opcode>
    <Keywords>0x8000000000000000</Keywords>
    <TimeCreated SystemTime="2023-02-10T08:05:57.746459Z">
    </TimeCreated>
    <EventRecordID>874</EventRecordID>
    <Correlation>
    </Correlation>
    <Execution ProcessID="2964" ThreadID="4368">
    </Execution>
    <Channel>Microsoft-Windows-Sysmon/Operational</Channel>
    <Computer>WIN-4CKB6CSHOSJ</Computer>
    <Security UserID="S-1-5-18">
    </Security>
  </System>
  <EventData>
    <Data Name="RuleName">-</Data>
    <Data Name="UtcTime">2023-02-10 08:05:57.744</Data>
    <Data Name="ProcessGuid">FF8B6A41-FAE5-63E5-2D02-000000000200</Data>
    <Data Name="ProcessId">828</Data>
    <Data Name="Image">C:\Windows\System32\TSTheme.exe</Data>
    <Data Name="FileVersion">10.0.17763.1697 (WinBuild.160101.0800)</Data>
    <Data Name="Description">TSTheme Server Module</Data>
    <Data Name="Product">Microsoft® Windows® Operating System</Data>
    <Data Name="Company">Microsoft Corporation</Data>
    <Data Name="OriginalFileName">TSThemeS.exe</Data>
    <Data Name="CommandLine">C:\Windows\system32\TSTheme.exe -Embedding</Data>
    <Data Name="CurrentDirectory">C:\Windows\system32\</Data>
    <Data Name="User">WIN-4CKB6CSHOSJ\gerald</Data>
    <Data Name="LogonGuid">FF8B6A41-F27F-63E5-C21B-330000000000</Data>
    <Data Name="LogonId">0x331bc2</Data>
    <Data Name="TerminalSessionId">2</Data>
    <Data Name="IntegrityLevel">Medium</Data>
    <Data Name="Hashes">MD5=678B049F46799F3FA858CE79376EB7B5,SHA256=C1879B15C38D1C9BB86BCFD08A0B7D8A0809C553F8F1985659D7DA0C883EA4F7,IMPHASH=B70390445EE6DE87340DFE5CB7439893</Data>
    <Data Name="ParentProcessGuid">00000000-0000-0000-0000-000000000000</Data>
    <Data Name="ParentProcessId">840</Data>
    <Data Name="ParentImage">-</Data>
    <Data Name="ParentCommandLine">-</Data>
    <Data Name="ParentUser">-</Data>
  </EventData>
</Event>
<?xml version="1.0" encoding="utf-8"?>
<Event xmlns="http://schemas.microsoft.com/win/2004/08/events/event">
  <System>
    <Provider Name="Microsoft-Windows-Sysmon" Guid="5770385F-C22A-43E0-BF4C-06F5698FFBD9">
    </Provider>
    <EventID>1</EventID>
    <Version>5</Version>
    <Level>4</Level>
    <Task>1</Task>
    <Opcode>0</Opcode>
    <Keywords>0x8000000000000000</Keywords>
    <TimeCreated SystemTime="2023-02-10T08:05:57.894344Z">
    </TimeCreated>
    <EventRecordID>875</EventRecordID>
    <Correlation>
    </Correlation>
    <Execution ProcessID="2964" ThreadID="4368">
    </Execution>
    <Channel>Microsoft-Windows-Sysmon/Operational</Channel>
    <Computer>WIN-4CKB6CSHOSJ</Computer>
    <Security UserID="S-1-5-18">
    </Security>
  </System>
  <EventData>
    <Data Name="RuleName">-</Data>
    <Data Name="UtcTime">2023-02-10 08:05:57.892</Data>
    <Data Name="ProcessGuid">FF8B6A41-FAE5-63E5-2E02-000000000200</Data>
    <Data Name="ProcessId">6872</Data>
    <Data Name="Image">C:\Windows\System32\taskhostw.exe</Data>
    <Data Name="FileVersion">10.0.17763.1852 (WinBuild.160101.0800)</Data>
    <Data Name="Description">Host Process for Windows Tasks</Data>
    <Data Name="Product">Microsoft® Windows® Operating System</Data>
    <Data Name="Company">Microsoft Corporation</Data>
    <Data Name="OriginalFileName">taskhostw.exe</Data>
    <Data Name="CommandLine">taskhostw.exe KEYROAMING</Data>
    <Data Name="CurrentDirectory">C:\Windows\system32\</Data>
    <Data Name="User">WIN-4CKB6CSHOSJ\gerald</Data>
    <Data Name="LogonGuid">FF8B6A41-F27F-63E5-C21B-330000000000</Data>
    <Data Name="LogonId">0x331bc2</Data>
    <Data Name="TerminalSessionId">2</Data>
    <Data Name="IntegrityLevel">Medium</Data>
    <Data Name="Hashes">MD5=8BD7B08DA6BCA54DF9B595E4D9281BEB,SHA256=DE85F29A8BC7219F10A4AC88654C3901ABC329D7505B21CD95CBF780D1EBCCF4,IMPHASH=9839C7FD9649496B162F72128209528A</Data>
    <Data Name="ParentProcessGuid">FF8B6A41-D5C0-63E5-2400-000000000200</Data>
    <Data Name="ParentProcessId">1612</Data>
    <Data Name="ParentImage">C:\Windows\System32\svchost.exe</Data>
    <Data Name="ParentCommandLine">C:\Windows\system32\svchost.exe -k netsvcs -p -s Schedule</Data>
    <Data Name="ParentUser">NT AUTHORITY\SYSTEM</Data>
  </EventData>
</Event>
<?xml version="1.0" encoding="utf-8"?>
<Event xmlns="http://schemas.microsoft.com/win/2004/08/events/event">
  <System>
    <Provider Name="Microsoft-Windows-Sysmon" Guid="5770385F-C22A-43E0-BF4C-06F5698FFBD9">
    </Provider>
    <EventID>1</EventID>
    <Version>5</Version>
    <Level>4</Level>
    <Task>1</Task>
    <Opcode>0</Opcode>
    <Keywords>0x8000000000000000</Keywords>
    <TimeCreated SystemTime="2023-02-10T08:06:38.231547Z">
    </TimeCreated>
    <EventRecordID>876</EventRecordID>
    <Correlation>
    </Correlation>
    <Execution ProcessID="2964" ThreadID="4368">
    </Execution>
    <Channel>Microsoft-Windows-Sysmon/Operational</Channel>
    <Computer>WIN-4CKB6CSHOSJ</Computer>
    <Security UserID="S-1-5-18">
    </Security>
  </System>
  <EventData>
    <Data Name="RuleName">-</Data>
    <Data Name="UtcTime">2023-02-10 08:06:38.230</Data>
    <Data Name="ProcessGuid">FF8B6A41-FB0E-63E5-2F02-000000000200</Data>
    <Data Name="ProcessId">5228</Data>
    <Data Name="Image">C:\Windows\System32\whoami.exe</Data>
    <Data Name="FileVersion">10.0.17763.1 (WinBuild.160101.0800)</Data>
    <Data Name="Description">whoami - displays logged on user information</Data>
    <Data Name="Product">Microsoft® Windows® Operating System</Data>
    <Data Name="Company">Microsoft Corporation</Data>
    <Data Name="OriginalFileName">whoami.exe</Data>
    <Data Name="CommandLine">whoami  /all</Data>
    <Data Name="CurrentDirectory">C:\Users\Administrator\</Data>
    <Data Name="User">WIN-4CKB6CSHOSJ\Administrator</Data>
    <Data Name="LogonGuid">FF8B6A41-FAE2-63E5-2E96-410000000000</Data>
    <Data Name="LogonId">0x41962e</Data>
    <Data Name="TerminalSessionId">0</Data>
    <Data Name="IntegrityLevel">High</Data>
    <Data Name="Hashes">MD5=43C2D3293AD939241DF61B3630A9D3B6,SHA256=1D5491E3C468EE4B4EF6EDFF4BBC7D06EE83180F6F0B1576763EA2EFE049493A,IMPHASH=7FF0758B766F747CE57DFAC70743FB88</Data>
    <Data Name="ParentProcessGuid">FF8B6A41-FAE3-63E5-2B02-000000000200</Data>
    <Data Name="ParentProcessId">6068</Data>
    <Data Name="ParentImage">C:\Windows\System32\cmd.exe</Data>
    <Data Name="ParentCommandLine">c:\windows\system32\cmd.exe</Data>
    <Data Name="ParentUser">WIN-4CKB6CSHOSJ\Administrator</Data>
  </EventData>
</Event>
<?xml version="1.0" encoding="utf-8"?>
<Event xmlns="http://schemas.microsoft.com/win/2004/08/events/event">
  <System>
    <Provider Name="Microsoft-Windows-Sysmon" Guid="5770385F-C22A-43E0-BF4C-06F5698FFBD9">
    </Provider>
    <EventID>1</EventID>
    <Version>5</Version>
    <Level>4</Level>
    <Task>1</Task>
    <Opcode>0</Opcode>
    <Keywords>0x8000000000000000</Keywords>
    <TimeCreated SystemTime="2023-02-10T08:08:03.733468Z">
    </TimeCreated>
    <EventRecordID>877</EventRecordID>
    <Correlation>
    </Correlation>
    <Execution ProcessID="2964" ThreadID="4368">
    </Execution>
    <Channel>Microsoft-Windows-Sysmon/Operational</Channel>
    <Computer>WIN-4CKB6CSHOSJ</Computer>
    <Security UserID="S-1-5-18">
    </Security>
  </System>
  <EventData>
    <Data Name="RuleName">-</Data>
    <Data Name="UtcTime">2023-02-10 08:08:03.731</Data>
    <Data Name="ProcessGuid">FF8B6A41-FB63-63E5-3002-000000000200</Data>
    <Data Name="ProcessId">6956</Data>
    <Data Name="Image">C:\Windows\System32\OpenSSH\sshd.exe</Data>
    <Data Name="FileVersion">7.7.2.1</Data>
    <Data Name="Description">-</Data>
    <Data Name="Product">OpenSSH for Windows</Data>
    <Data Name="Company">-</Data>
    <Data Name="OriginalFileName">-</Data>
    <Data Name="CommandLine">&quot;C:\Windows\System32\OpenSSH\sshd.exe&quot; &quot;-R&quot;</Data>
    <Data Name="CurrentDirectory">C:\</Data>
    <Data Name="User">NT AUTHORITY\SYSTEM</Data>
    <Data Name="LogonGuid">FF8B6A41-D5BF-63E5-E703-000000000000</Data>
    <Data Name="LogonId">0x3e7</Data>
    <Data Name="TerminalSessionId">0</Data>
    <Data Name="IntegrityLevel">System</Data>
    <Data Name="Hashes">MD5=19A0B629736428651345DB7AEBB99059,SHA256=C1C3B80959E225B8A8ADA7C8B1C4BFF6587887294318EB376A54B02B06F97BA8,IMPHASH=27DE371E1DAE125BC04CC09552C72D87</Data>
    <Data Name="ParentProcessGuid">FF8B6A41-D5C0-63E5-3A00-000000000200</Data>
    <Data Name="ParentProcessId">2980</Data>
    <Data Name="ParentImage">C:\Windows\System32\OpenSSH\sshd.exe</Data>
    <Data Name="ParentCommandLine">C:\Windows\System32\OpenSSH\sshd.exe</Data>
    <Data Name="ParentUser">NT AUTHORITY\SYSTEM</Data>
  </EventData>
</Event>
<?xml version="1.0" encoding="utf-8"?>
<Event xmlns="http://schemas.microsoft.com/win/2004/08/events/event">
  <System>
    <Provider Name="Microsoft-Windows-Sysmon" Guid="5770385F-C22A-43E0-BF4C-06F5698FFBD9">
    </Provider>
    <EventID>1</EventID>
    <Version>5</Version>
    <Level>4</Level>
    <Task>1</Task>
    <Opcode>0</Opcode>
    <Keywords>0x8000000000000000</Keywords>
    <TimeCreated SystemTime="2023-02-10T08:08:03.829717Z">
    </TimeCreated>
    <EventRecordID>878</EventRecordID>
    <Correlation>
    </Correlation>
    <Execution ProcessID="2964" ThreadID="4368">
    </Execution>
    <Channel>Microsoft-Windows-Sysmon/Operational</Channel>
    <Computer>WIN-4CKB6CSHOSJ</Computer>
    <Security UserID="S-1-5-18">
    </Security>
  </System>
  <EventData>
    <Data Name="RuleName">-</Data>
    <Data Name="UtcTime">2023-02-10 08:08:03.828</Data>
    <Data Name="ProcessGuid">FF8B6A41-FB63-63E5-3202-000000000200</Data>
    <Data Name="ProcessId">3448</Data>
    <Data Name="Image">C:\Windows\System32\OpenSSH\sshd.exe</Data>
    <Data Name="FileVersion">7.7.2.1</Data>
    <Data Name="Description">-</Data>
    <Data Name="Product">OpenSSH for Windows</Data>
    <Data Name="Company">-</Data>
    <Data Name="OriginalFileName">-</Data>
    <Data Name="CommandLine">&quot;C:\Windows\System32\OpenSSH\sshd.exe&quot; &quot;-y&quot;</Data>
    <Data Name="CurrentDirectory">C:\</Data>
    <Data Name="User">VIRTUAL USERS\sshd_6956</Data>
    <Data Name="LogonGuid">FF8B6A41-FB63-63E5-5BD6-410000000000</Data>
    <Data Name="LogonId">0x41d65b</Data>
    <Data Name="TerminalSessionId">0</Data>
    <Data Name="IntegrityLevel">High</Data>
    <Data Name="Hashes">MD5=19A0B629736428651345DB7AEBB99059,SHA256=C1C3B80959E225B8A8ADA7C8B1C4BFF6587887294318EB376A54B02B06F97BA8,IMPHASH=27DE371E1DAE125BC04CC09552C72D87</Data>
    <Data Name="ParentProcessGuid">FF8B6A41-FB63-63E5-3002-000000000200</Data>
    <Data Name="ParentProcessId">6956</Data>
    <Data Name="ParentImage">C:\Windows\System32\OpenSSH\sshd.exe</Data>
    <Data Name="ParentCommandLine">&quot;C:\Windows\System32\OpenSSH\sshd.exe&quot; &quot;-R&quot;</Data>
    <Data Name="ParentUser">NT AUTHORITY\SYSTEM</Data>
  </EventData>
</Event>
<?xml version="1.0" encoding="utf-8"?>
<Event xmlns="http://schemas.microsoft.com/win/2004/08/events/event">
  <System>
    <Provider Name="Microsoft-Windows-Sysmon" Guid="5770385F-C22A-43E0-BF4C-06F5698FFBD9">
    </Provider>
    <EventID>1</EventID>
    <Version>5</Version>
    <Level>4</Level>
    <Task>1</Task>
    <Opcode>0</Opcode>
    <Keywords>0x8000000000000000</Keywords>
    <TimeCreated SystemTime="2023-02-10T08:08:03.946922Z">
    </TimeCreated>
    <EventRecordID>879</EventRecordID>
    <Correlation>
    </Correlation>
    <Execution ProcessID="2964" ThreadID="4368">
    </Execution>
    <Channel>Microsoft-Windows-Sysmon/Operational</Channel>
    <Computer>WIN-4CKB6CSHOSJ</Computer>
    <Security UserID="S-1-5-18">
    </Security>
  </System>
  <EventData>
    <Data Name="RuleName">-</Data>
    <Data Name="UtcTime">2023-02-10 08:08:03.945</Data>
    <Data Name="ProcessGuid">FF8B6A41-FB63-63E5-3402-000000000200</Data>
    <Data Name="ProcessId">5876</Data>
    <Data Name="Image">C:\Windows\System32\OpenSSH\sshd.exe</Data>
    <Data Name="FileVersion">7.7.2.1</Data>
    <Data Name="Description">-</Data>
    <Data Name="Product">OpenSSH for Windows</Data>
    <Data Name="Company">-</Data>
    <Data Name="OriginalFileName">-</Data>
    <Data Name="CommandLine">&quot;C:\Windows\System32\OpenSSH\sshd.exe&quot; &quot;-z&quot;</Data>
    <Data Name="CurrentDirectory">C:\</Data>
    <Data Name="User">WIN-4CKB6CSHOSJ\Administrator</Data>
    <Data Name="LogonGuid">FF8B6A41-FB63-63E5-CDD8-410000000000</Data>
    <Data Name="LogonId">0x41d8cd</Data>
    <Data Name="TerminalSessionId">0</Data>
    <Data Name="IntegrityLevel">High</Data>
    <Data Name="Hashes">MD5=19A0B629736428651345DB7AEBB99059,SHA256=C1C3B80959E225B8A8ADA7C8B1C4BFF6587887294318EB376A54B02B06F97BA8,IMPHASH=27DE371E1DAE125BC04CC09552C72D87</Data>
    <Data Name="ParentProcessGuid">FF8B6A41-FB63-63E5-3002-000000000200</Data>
    <Data Name="ParentProcessId">6956</Data>
    <Data Name="ParentImage">C:\Windows\System32\OpenSSH\sshd.exe</Data>
    <Data Name="ParentCommandLine">&quot;C:\Windows\System32\OpenSSH\sshd.exe&quot; &quot;-R&quot;</Data>
    <Data Name="ParentUser">NT AUTHORITY\SYSTEM</Data>
  </EventData>
</Event>
<?xml version="1.0" encoding="utf-8"?>
<Event xmlns="http://schemas.microsoft.com/win/2004/08/events/event">
  <System>
    <Provider Name="Microsoft-Windows-Sysmon" Guid="5770385F-C22A-43E0-BF4C-06F5698FFBD9">
    </Provider>
    <EventID>1</EventID>
    <Version>5</Version>
    <Level>4</Level>
    <Task>1</Task>
    <Opcode>0</Opcode>
    <Keywords>0x8000000000000000</Keywords>
    <TimeCreated SystemTime="2023-02-10T08:08:04.004502Z">
    </TimeCreated>
    <EventRecordID>880</EventRecordID>
    <Correlation>
    </Correlation>
    <Execution ProcessID="2964" ThreadID="4368">
    </Execution>
    <Channel>Microsoft-Windows-Sysmon/Operational</Channel>
    <Computer>WIN-4CKB6CSHOSJ</Computer>
    <Security UserID="S-1-5-18">
    </Security>
  </System>
  <EventData>
    <Data Name="RuleName">-</Data>
    <Data Name="UtcTime">2023-02-10 08:08:04.002</Data>
    <Data Name="ProcessGuid">FF8B6A41-FB64-63E5-3502-000000000200</Data>
    <Data Name="ProcessId">6776</Data>
    <Data Name="Image">C:\Windows\System32\cmd.exe</Data>
    <Data Name="FileVersion">10.0.17763.1697 (WinBuild.160101.0800)</Data>
    <Data Name="Description">Windows Command Processor</Data>
    <Data Name="Product">Microsoft® Windows® Operating System</Data>
    <Data Name="Company">Microsoft Corporation</Data>
    <Data Name="OriginalFileName">Cmd.Exe</Data>
    <Data Name="CommandLine">&quot;c:\windows\system32\cmd.exe&quot; /c &quot;&quot;C:\Windows\System32\OpenSSH\scp.exe&quot; -f C:/Users/keith/Desktop/important_passwords.txt.txt&quot;</Data>
    <Data Name="CurrentDirectory">C:\Users\Administrator\</Data>
    <Data Name="User">WIN-4CKB6CSHOSJ\Administrator</Data>
    <Data Name="LogonGuid">FF8B6A41-FB63-63E5-CDD8-410000000000</Data>
    <Data Name="LogonId">0x41d8cd</Data>
    <Data Name="TerminalSessionId">0</Data>
    <Data Name="IntegrityLevel">High</Data>
    <Data Name="Hashes">MD5=911D039E71583A07320B32BDE22F8E22,SHA256=BC866CFCDDA37E24DC2634DC282C7A0E6F55209DA17A8FA105B07414C0E7C527,IMPHASH=272245E2988E1E430500B852C4FB5E18</Data>
    <Data Name="ParentProcessGuid">FF8B6A41-FB63-63E5-3402-000000000200</Data>
    <Data Name="ParentProcessId">5876</Data>
    <Data Name="ParentImage">C:\Windows\System32\OpenSSH\sshd.exe</Data>
    <Data Name="ParentCommandLine">&quot;C:\Windows\System32\OpenSSH\sshd.exe&quot; &quot;-z&quot;</Data>
    <Data Name="ParentUser">WIN-4CKB6CSHOSJ\Administrator</Data>
  </EventData>
</Event>
<?xml version="1.0" encoding="utf-8"?>
<Event xmlns="http://schemas.microsoft.com/win/2004/08/events/event">
  <System>
    <Provider Name="Microsoft-Windows-Sysmon" Guid="5770385F-C22A-43E0-BF4C-06F5698FFBD9">
    </Provider>
    <EventID>1</EventID>
    <Version>5</Version>
    <Level>4</Level>
    <Task>1</Task>
    <Opcode>0</Opcode>
    <Keywords>0x8000000000000000</Keywords>
    <TimeCreated SystemTime="2023-02-10T08:08:04.014187Z">
    </TimeCreated>
    <EventRecordID>881</EventRecordID>
    <Correlation>
    </Correlation>
    <Execution ProcessID="2964" ThreadID="4368">
    </Execution>
    <Channel>Microsoft-Windows-Sysmon/Operational</Channel>
    <Computer>WIN-4CKB6CSHOSJ</Computer>
    <Security UserID="S-1-5-18">
    </Security>
  </System>
  <EventData>
    <Data Name="RuleName">-</Data>
    <Data Name="UtcTime">2023-02-10 08:08:04.013</Data>
    <Data Name="ProcessGuid">FF8B6A41-FB64-63E5-3602-000000000200</Data>
    <Data Name="ProcessId">4456</Data>
    <Data Name="Image">C:\Windows\System32\OpenSSH\scp.exe</Data>
    <Data Name="FileVersion">7.7.2.1</Data>
    <Data Name="Description">-</Data>
    <Data Name="Product">OpenSSH for Windows</Data>
    <Data Name="Company">-</Data>
    <Data Name="OriginalFileName">-</Data>
    <Data Name="CommandLine">&quot;C:\Windows\System32\OpenSSH\scp.exe&quot;  -f C:/Users/keith/Desktop/important_passwords.txt.txt</Data>
    <Data Name="CurrentDirectory">C:\Users\Administrator\</Data>
    <Data Name="User">WIN-4CKB6CSHOSJ\Administrator</Data>
    <Data Name="LogonGuid">FF8B6A41-FB63-63E5-CDD8-410000000000</Data>
    <Data Name="LogonId">0x41d8cd</Data>
    <Data Name="TerminalSessionId">0</Data>
    <Data Name="IntegrityLevel">High</Data>
    <Data Name="Hashes">MD5=2B26FED866AE32256A13E518EBD99A5E,SHA256=8860E4273F59CAA71FA585697E291270F94CEE83439E5C94726D918D7C72F362,IMPHASH=85D8C9B4FBF728E5F40C3F477EEE0C79</Data>
    <Data Name="ParentProcessGuid">FF8B6A41-FB64-63E5-3502-000000000200</Data>
    <Data Name="ParentProcessId">6776</Data>
    <Data Name="ParentImage">C:\Windows\System32\cmd.exe</Data>
    <Data Name="ParentCommandLine">&quot;c:\windows\system32\cmd.exe&quot; /c &quot;&quot;C:\Windows\System32\OpenSSH\scp.exe&quot; -f C:/Users/keith/Desktop/important_passwords.txt.txt&quot;</Data>
    <Data Name="ParentUser">WIN-4CKB6CSHOSJ\Administrator</Data>
  </EventData>
</Event>
<?xml version="1.0" encoding="utf-8"?>
<Event xmlns="http://schemas.microsoft.com/win/2004/08/events/event">
  <System>
    <Provider Name="Microsoft-Windows-Sysmon" Guid="5770385F-C22A-43E0-BF4C-06F5698FFBD9">
    </Provider>
    <EventID>3</EventID>
    <Version>5</Version>
    <Level>4</Level>
    <Task>3</Task>
    <Opcode>0</Opcode>
    <Keywords>0x8000000000000000</Keywords>
    <TimeCreated SystemTime="2023-02-10T08:08:06.141935Z">
    </TimeCreated>
    <EventRecordID>882</EventRecordID>
    <Correlation>
    </Correlation>
    <Execution ProcessID="2964" ThreadID="4384">
    </Execution>
    <Channel>Microsoft-Windows-Sysmon/Operational</Channel>
    <Computer>WIN-4CKB6CSHOSJ</Computer>
    <Security UserID="S-1-5-18">
    </Security>
  </System>
  <EventData>
    <Data Name="RuleName">SSH</Data>
    <Data Name="UtcTime">2023-02-10 06:33:39.220</Data>
    <Data Name="ProcessGuid">FF8B6A41-D5C0-63E5-3A00-000000000200</Data>
    <Data Name="ProcessId">2980</Data>
    <Data Name="Image">C:\Windows\System32\OpenSSH\sshd.exe</Data>
    <Data Name="User">NT AUTHORITY\SYSTEM</Data>
    <Data Name="Protocol">tcp</Data>
    <Data Name="Initiated">false</Data>
    <Data Name="SourceIsIpv6">false</Data>
    <Data Name="SourceIp">192.168.224.130</Data>
    <Data Name="SourceHostname">-</Data>
    <Data Name="SourcePort">54548</Data>
    <Data Name="SourcePortName">-</Data>
    <Data Name="DestinationIsIpv6">false</Data>
    <Data Name="DestinationIp">192.168.224.137</Data>
    <Data Name="DestinationHostname">WIN-4CKB6CSHOSJ.localdomain</Data>
    <Data Name="DestinationPort">22</Data>
    <Data Name="DestinationPortName">ssh</Data>
  </EventData>
</Event>
