<?xml version="1.0" encoding="utf-8"?>
<Event xmlns="http://schemas.microsoft.com/win/2004/08/events/event">
  <System>
    <Provider Name="Microsoft-Windows-Sysmon" Guid="5770385F-C22A-43E0-BF4C-06F5698FFBD9">
    </Provider>
    <EventID>1</EventID>
    <Version>5</Version>
    <Level>4</Level>
    <Task>1</Task>
    <Opcode>0</Opcode>
    <Keywords>0x8000000000000000</Keywords>
    <TimeCreated SystemTime="2023-02-10T07:30:05.822304Z">
    </TimeCreated>
    <EventRecordID>631</EventRecordID>
    <Correlation>
    </Correlation>
    <Execution ProcessID="2964" ThreadID="4368">
    </Execution>
    <Channel>Microsoft-Windows-Sysmon/Operational</Channel>
    <Computer>WIN-4CKB6CSHOSJ</Computer>
    <Security UserID="S-1-5-18">
    </Security>
  </System>
  <EventData>
    <Data Name="RuleName">-</Data>
    <Data Name="UtcTime">2023-02-10 07:30:05.815</Data>
    <Data Name="ProcessGuid">FF8B6A41-F27D-63E5-4801-000000000200</Data>
    <Data Name="ProcessId">6260</Data>
    <Data Name="Image">C:\Windows\System32\smss.exe</Data>
    <Data Name="FileVersion">10.0.17763.1911 (WinBuild.160101.0800)</Data>
    <Data Name="Description">Windows Session Manager</Data>
    <Data Name="Product">Microsoft® Windows® Operating System</Data>
    <Data Name="Company">Microsoft Corporation</Data>
    <Data Name="OriginalFileName">smss.exe</Data>
    <Data Name="CommandLine">\SystemRoot\System32\smss.exe 000000c4 00000084 </Data>
    <Data Name="CurrentDirectory">C:\Windows\</Data>
    <Data Name="User">NT AUTHORITY\SYSTEM</Data>
    <Data Name="LogonGuid">FF8B6A41-D5BF-63E5-E703-000000000000</Data>
    <Data Name="LogonId">0x3e7</Data>
    <Data Name="TerminalSessionId">2</Data>
    <Data Name="IntegrityLevel">System</Data>
    <Data Name="Hashes">MD5=D509E4899A815B97E7E118D8BA56C2DB,SHA256=FAC9407ADDEE9DEB1D07CAE8F11E13CB5F4B99CFD87894A52747524C212E1C28,IMPHASH=DAECAD3A22D7A4FCCEA51C3FCE711183</Data>
    <Data Name="ParentProcessGuid">00000000-0000-0000-0000-000000000000</Data>
    <Data Name="ParentProcessId">340</Data>
    <Data Name="ParentImage">-</Data>
    <Data Name="ParentCommandLine">-</Data>
    <Data Name="ParentUser">-</Data>
  </EventData>
</Event>
<?xml version="1.0" encoding="utf-8"?>
<Event xmlns="http://schemas.microsoft.com/win/2004/08/events/event">
  <System>
    <Provider Name="Microsoft-Windows-Sysmon" Guid="5770385F-C22A-43E0-BF4C-06F5698FFBD9">
    </Provider>
    <EventID>1</EventID>
    <Version>5</Version>
    <Level>4</Level>
    <Task>1</Task>
    <Opcode>0</Opcode>
    <Keywords>0x8000000000000000</Keywords>
    <TimeCreated SystemTime="2023-02-10T07:30:05.849865Z">
    </TimeCreated>
    <EventRecordID>632</EventRecordID>
    <Correlation>
    </Correlation>
    <Execution ProcessID="2964" ThreadID="4368">
    </Execution>
    <Channel>Microsoft-Windows-Sysmon/Operational</Channel>
    <Computer>WIN-4CKB6CSHOSJ</Computer>
    <Security UserID="S-1-5-18">
    </Security>
  </System>
  <EventData>
    <Data Name="RuleName">-</Data>
    <Data Name="UtcTime">2023-02-10 07:30:05.845</Data>
    <Data Name="ProcessGuid">FF8B6A41-F27D-63E5-4901-000000000200</Data>
    <Data Name="ProcessId">3744</Data>
    <Data Name="Image">C:\Windows\System32\csrss.exe</Data>
    <Data Name="FileVersion">10.0.17763.1 (WinBuild.160101.0800)</Data>
    <Data Name="Description">Client Server Runtime Process</Data>
    <Data Name="Product">Microsoft® Windows® Operating System</Data>
    <Data Name="Company">Microsoft Corporation</Data>
    <Data Name="OriginalFileName">CSRSS.Exe</Data>
    <Data Name="CommandLine">%%SystemRoot%%\system32\csrss.exe ObjectDirectory=\Windows SharedSection=1024,20480,768 Windows=On SubSystemType=Windows ServerDll=basesrv,1 ServerDll=winsrv:UserServerDllInitialization,3 ServerDll=sxssrv,4 ProfileControl=Off MaxRequestThreads=16</Data>
    <Data Name="CurrentDirectory">C:\Windows\system32\</Data>
    <Data Name="User">NT AUTHORITY\SYSTEM</Data>
    <Data Name="LogonGuid">FF8B6A41-D5BF-63E5-E703-000000000000</Data>
    <Data Name="LogonId">0x3e7</Data>
    <Data Name="TerminalSessionId">2</Data>
    <Data Name="IntegrityLevel">System</Data>
    <Data Name="Hashes">MD5=7D64128BC1EECE41196858897596EBC8,SHA256=FB40ED0FFA6BC795923A941DAB6B7D6B43583D0F152A6DF4D8953D2C1A0CB417,IMPHASH=A96FA9912E09E361274AD77F1A4B252C</Data>
    <Data Name="ParentProcessGuid">FF8B6A41-F27D-63E5-4801-000000000200</Data>
    <Data Name="ParentProcessId">6260</Data>
    <Data Name="ParentImage">C:\Windows\System32\smss.exe</Data>
    <Data Name="ParentCommandLine">\SystemRoot\System32\smss.exe 000000c4 00000084 </Data>
    <Data Name="ParentUser">NT AUTHORITY\SYSTEM</Data>
  </EventData>
</Event>
<?xml version="1.0" encoding="utf-8"?>
<Event xmlns="http://schemas.microsoft.com/win/2004/08/events/event">
  <System>
    <Provider Name="Microsoft-Windows-Sysmon" Guid="5770385F-C22A-43E0-BF4C-06F5698FFBD9">
    </Provider>
    <EventID>1</EventID>
    <Version>5</Version>
    <Level>4</Level>
    <Task>1</Task>
    <Opcode>0</Opcode>
    <Keywords>0x8000000000000000</Keywords>
    <TimeCreated SystemTime="2023-02-10T07:30:05.897212Z">
    </TimeCreated>
    <EventRecordID>633</EventRecordID>
    <Correlation>
    </Correlation>
    <Execution ProcessID="2964" ThreadID="4368">
    </Execution>
    <Channel>Microsoft-Windows-Sysmon/Operational</Channel>
    <Computer>WIN-4CKB6CSHOSJ</Computer>
    <Security UserID="S-1-5-18">
    </Security>
  </System>
  <EventData>
    <Data Name="RuleName">-</Data>
    <Data Name="UtcTime">2023-02-10 07:30:05.893</Data>
    <Data Name="ProcessGuid">FF8B6A41-F27D-63E5-4A01-000000000200</Data>
    <Data Name="ProcessId">5620</Data>
    <Data Name="Image">C:\Windows\System32\winlogon.exe</Data>
    <Data Name="FileVersion">10.0.17763.3232 (WinBuild.160101.0800)</Data>
    <Data Name="Description">Windows Logon Application</Data>
    <Data Name="Product">Microsoft® Windows® Operating System</Data>
    <Data Name="Company">Microsoft Corporation</Data>
    <Data Name="OriginalFileName">WINLOGON.EXE</Data>
    <Data Name="CommandLine">winlogon.exe</Data>
    <Data Name="CurrentDirectory">C:\Windows\system32\</Data>
    <Data Name="User">NT AUTHORITY\SYSTEM</Data>
    <Data Name="LogonGuid">FF8B6A41-D5BF-63E5-E703-000000000000</Data>
    <Data Name="LogonId">0x3e7</Data>
    <Data Name="TerminalSessionId">2</Data>
    <Data Name="IntegrityLevel">System</Data>
    <Data Name="Hashes">MD5=AD8E4B9B4327E5B955BC58094E890592,SHA256=FDB975400480FC9D68F3A9960747CB11993C210F48B916050A8DABE0D2CDFDD9,IMPHASH=B8CB4358207EF605DE290335BAD8DC40</Data>
    <Data Name="ParentProcessGuid">FF8B6A41-F27D-63E5-4801-000000000200</Data>
    <Data Name="ParentProcessId">6260</Data>
    <Data Name="ParentImage">C:\Windows\System32\smss.exe</Data>
    <Data Name="ParentCommandLine">\SystemRoot\System32\smss.exe 000000c4 00000084 </Data>
    <Data Name="ParentUser">NT AUTHORITY\SYSTEM</Data>
  </EventData>
</Event>
<?xml version="1.0" encoding="utf-8"?>
<Event xmlns="http://schemas.microsoft.com/win/2004/08/events/event">
  <System>
    <Provider Name="Microsoft-Windows-Sysmon" Guid="5770385F-C22A-43E0-BF4C-06F5698FFBD9">
    </Provider>
    <EventID>1</EventID>
    <Version>5</Version>
    <Level>4</Level>
    <Task>1</Task>
    <Opcode>0</Opcode>
    <Keywords>0x8000000000000000</Keywords>
    <TimeCreated SystemTime="2023-02-10T07:30:05.957549Z">
    </TimeCreated>
    <EventRecordID>634</EventRecordID>
    <Correlation>
    </Correlation>
    <Execution ProcessID="2964" ThreadID="4368">
    </Execution>
    <Channel>Microsoft-Windows-Sysmon/Operational</Channel>
    <Computer>WIN-4CKB6CSHOSJ</Computer>
    <Security UserID="S-1-5-18">
    </Security>
  </System>
  <EventData>
    <Data Name="RuleName">-</Data>
    <Data Name="UtcTime">2023-02-10 07:30:05.954</Data>
    <Data Name="ProcessGuid">FF8B6A41-F27D-63E5-4B01-000000000200</Data>
    <Data Name="ProcessId">4444</Data>
    <Data Name="Image">C:\Windows\System32\svchost.exe</Data>
    <Data Name="FileVersion">10.0.17763.3346 (WinBuild.160101.0800)</Data>
    <Data Name="Description">Host Process for Windows Services</Data>
    <Data Name="Product">Microsoft® Windows® Operating System</Data>
    <Data Name="Company">Microsoft Corporation</Data>
    <Data Name="OriginalFileName">svchost.exe</Data>
    <Data Name="CommandLine">C:\Windows\system32\svchost.exe -k netsvcs -p -s DsmSvc</Data>
    <Data Name="CurrentDirectory">C:\Windows\system32\</Data>
    <Data Name="User">NT AUTHORITY\SYSTEM</Data>
    <Data Name="LogonGuid">FF8B6A41-D5BF-63E5-E703-000000000000</Data>
    <Data Name="LogonId">0x3e7</Data>
    <Data Name="TerminalSessionId">0</Data>
    <Data Name="IntegrityLevel">System</Data>
    <Data Name="Hashes">MD5=4DD18F001AC31D5F48F50F99E4AA1761,SHA256=2B105FB153B1BCD619B95028612B3A93C60B953EEF6837D3BB0099E4207AAF6B,IMPHASH=247B9220E5D9B720A82B2C8B5069AD69</Data>
    <Data Name="ParentProcessGuid">FF8B6A41-D5BE-63E5-0B00-000000000200</Data>
    <Data Name="ParentProcessId">676</Data>
    <Data Name="ParentImage">C:\Windows\System32\services.exe</Data>
    <Data Name="ParentCommandLine">C:\Windows\system32\services.exe</Data>
    <Data Name="ParentUser">NT AUTHORITY\SYSTEM</Data>
  </EventData>
</Event>
<?xml version="1.0" encoding="utf-8"?>
<Event xmlns="http://schemas.microsoft.com/win/2004/08/events/event">
  <System>
    <Provider Name="Microsoft-Windows-Sysmon" Guid="5770385F-C22A-43E0-BF4C-06F5698FFBD9">
    </Provider>
    <EventID>13</EventID>
    <Version>2</Version>
    <Level>4</Level>
    <Task>13</Task>
    <Opcode>0</Opcode>
    <Keywords>0x8000000000000000</Keywords>
    <TimeCreated SystemTime="2023-02-10T07:30:06.019974Z">
    </TimeCreated>
    <EventRecordID>635</EventRecordID>
    <Correlation>
    </Correlation>
    <Execution ProcessID="2964" ThreadID="4368">
    </Execution>
    <Channel>Microsoft-Windows-Sysmon/Operational</Channel>
    <Computer>WIN-4CKB6CSHOSJ</Computer>
    <Security UserID="S-1-5-18">
    </Security>
  </System>
  <EventData>
    <Data Name="RuleName">InvDB-DriverVer</Data>
    <Data Name="EventType">SetValue</Data>
    <Data Name="UtcTime">2023-02-10 07:30:06.008</Data>
    <Data Name="ProcessGuid">FF8B6A41-D5B8-63E5-EB03-000000000000</Data>
    <Data Name="ProcessId">4</Data>
    <Data Name="Image">System</Data>
    <Data Name="TargetObject">HKLM\System\CurrentControlSet\Control\Class\{4d36e96b-e325-11ce-bfc1-08002be10318}\0006\DriverVersion</Data>
    <Data Name="Details">10.0.17763.1</Data>
    <Data Name="User">NT AUTHORITY\SYSTEM</Data>
  </EventData>
</Event>
<?xml version="1.0" encoding="utf-8"?>
<Event xmlns="http://schemas.microsoft.com/win/2004/08/events/event">
  <System>
    <Provider Name="Microsoft-Windows-Sysmon" Guid="5770385F-C22A-43E0-BF4C-06F5698FFBD9">
    </Provider>
    <EventID>13</EventID>
    <Version>2</Version>
    <Level>4</Level>
    <Task>13</Task>
    <Opcode>0</Opcode>
    <Keywords>0x8000000000000000</Keywords>
    <TimeCreated SystemTime="2023-02-10T07:30:06.112069Z">
    </TimeCreated>
    <EventRecordID>636</EventRecordID>
    <Correlation>
    </Correlation>
    <Execution ProcessID="2964" ThreadID="4368">
    </Execution>
    <Channel>Microsoft-Windows-Sysmon/Operational</Channel>
    <Computer>WIN-4CKB6CSHOSJ</Computer>
    <Security UserID="S-1-5-18">
    </Security>
  </System>
  <EventData>
    <Data Name="RuleName">InvDB-DriverVer</Data>
    <Data Name="EventType">SetValue</Data>
    <Data Name="UtcTime">2023-02-10 07:30:06.102</Data>
    <Data Name="ProcessGuid">FF8B6A41-D5B8-63E5-EB03-000000000000</Data>
    <Data Name="ProcessId">4</Data>
    <Data Name="Image">System</Data>
    <Data Name="TargetObject">HKLM\System\CurrentControlSet\Control\Class\{4d36e96f-e325-11ce-bfc1-08002be10318}\0008\DriverVersion</Data>
    <Data Name="Details">10.0.17763.1</Data>
    <Data Name="User">NT AUTHORITY\SYSTEM</Data>
  </EventData>
</Event>
<?xml version="1.0" encoding="utf-8"?>
<Event xmlns="http://schemas.microsoft.com/win/2004/08/events/event">
  <System>
    <Provider Name="Microsoft-Windows-Sysmon" Guid="5770385F-C22A-43E0-BF4C-06F5698FFBD9">
    </Provider>
    <EventID>1</EventID>
    <Version>5</Version>
    <Level>4</Level>
    <Task>1</Task>
    <Opcode>0</Opcode>
    <Keywords>0x8000000000000000</Keywords>
    <TimeCreated SystemTime="2023-02-10T07:30:06.642678Z">
    </TimeCreated>
    <EventRecordID>637</EventRecordID>
    <Correlation>
    </Correlation>
    <Execution ProcessID="2964" ThreadID="4368">
    </Execution>
    <Channel>Microsoft-Windows-Sysmon/Operational</Channel>
    <Computer>WIN-4CKB6CSHOSJ</Computer>
    <Security UserID="S-1-5-18">
    </Security>
  </System>
  <EventData>
    <Data Name="RuleName">-</Data>
    <Data Name="UtcTime">2023-02-10 07:30:06.641</Data>
    <Data Name="ProcessGuid">FF8B6A41-F27E-63E5-4E01-000000000200</Data>
    <Data Name="ProcessId">2040</Data>
    <Data Name="Image">C:\Windows\System32\LogonUI.exe</Data>
    <Data Name="FileVersion">10.0.17763.1 (WinBuild.160101.0800)</Data>
    <Data Name="Description">Windows Logon User Interface Host</Data>
    <Data Name="Product">Microsoft® Windows® Operating System</Data>
    <Data Name="Company">Microsoft Corporation</Data>
    <Data Name="OriginalFileName">logonui.exe</Data>
    <Data Name="CommandLine">&quot;LogonUI.exe&quot; /flags:0x2 /state0:0xa38a6855 /state1:0x41c64e6d</Data>
    <Data Name="CurrentDirectory">C:\Windows\system32\</Data>
    <Data Name="User">NT AUTHORITY\SYSTEM</Data>
    <Data Name="LogonGuid">FF8B6A41-D5BF-63E5-E703-000000000000</Data>
    <Data Name="LogonId">0x3e7</Data>
    <Data Name="TerminalSessionId">2</Data>
    <Data Name="IntegrityLevel">System</Data>
    <Data Name="Hashes">MD5=33F89DD9629CB0422A2C17268376232D,SHA256=9358EF8CB7FB08581D74274005263BD8FA2E6E0FC443930B25FD345CF6CE9071,IMPHASH=B9B0B64B08B38276711093CA94348D39</Data>
    <Data Name="ParentProcessGuid">FF8B6A41-F27D-63E5-4A01-000000000200</Data>
    <Data Name="ParentProcessId">5620</Data>
    <Data Name="ParentImage">C:\Windows\System32\winlogon.exe</Data>
    <Data Name="ParentCommandLine">winlogon.exe</Data>
    <Data Name="ParentUser">NT AUTHORITY\SYSTEM</Data>
  </EventData>
</Event>
<?xml version="1.0" encoding="utf-8"?>
<Event xmlns="http://schemas.microsoft.com/win/2004/08/events/event">
  <System>
    <Provider Name="Microsoft-Windows-Sysmon" Guid="5770385F-C22A-43E0-BF4C-06F5698FFBD9">
    </Provider>
    <EventID>1</EventID>
    <Version>5</Version>
    <Level>4</Level>
    <Task>1</Task>
    <Opcode>0</Opcode>
    <Keywords>0x8000000000000000</Keywords>
    <TimeCreated SystemTime="2023-02-10T07:30:06.644329Z">
    </TimeCreated>
    <EventRecordID>638</EventRecordID>
    <Correlation>
    </Correlation>
    <Execution ProcessID="2964" ThreadID="4368">
    </Execution>
    <Channel>Microsoft-Windows-Sysmon/Operational</Channel>
    <Computer>WIN-4CKB6CSHOSJ</Computer>
    <Security UserID="S-1-5-18">
    </Security>
  </System>
  <EventData>
    <Data Name="RuleName">-</Data>
    <Data Name="UtcTime">2023-02-10 07:30:06.642</Data>
    <Data Name="ProcessGuid">FF8B6A41-F27E-63E5-4F01-000000000200</Data>
    <Data Name="ProcessId">3524</Data>
    <Data Name="Image">C:\Windows\System32\dwm.exe</Data>
    <Data Name="FileVersion">10.0.17763.831 (WinBuild.160101.0800)</Data>
    <Data Name="Description">Desktop Window Manager</Data>
    <Data Name="Product">Microsoft® Windows® Operating System</Data>
    <Data Name="Company">Microsoft Corporation</Data>
    <Data Name="OriginalFileName">dwm.exe</Data>
    <Data Name="CommandLine">&quot;dwm.exe&quot;</Data>
    <Data Name="CurrentDirectory">C:\Windows\system32\</Data>
    <Data Name="User">Window Manager\DWM-2</Data>
    <Data Name="LogonGuid">FF8B6A41-F27E-63E5-D5C3-320000000000</Data>
    <Data Name="LogonId">0x32c3d5</Data>
    <Data Name="TerminalSessionId">2</Data>
    <Data Name="IntegrityLevel">System</Data>
    <Data Name="Hashes">MD5=5CE3CCA35D8B19967B25806B7FF69D0F,SHA256=5954A267C8F271798EC0AC18D5F67F21A70B47258B10601511CA2109FFFDCF71,IMPHASH=CC05EDB80F10F1D5E7EC964B8C83F969</Data>
    <Data Name="ParentProcessGuid">FF8B6A41-F27D-63E5-4A01-000000000200</Data>
    <Data Name="ParentProcessId">5620</Data>
    <Data Name="ParentImage">C:\Windows\System32\winlogon.exe</Data>
    <Data Name="ParentCommandLine">winlogon.exe</Data>
    <Data Name="ParentUser">NT AUTHORITY\SYSTEM</Data>
  </EventData>
</Event>
<?xml version="1.0" encoding="utf-8"?>
<Event xmlns="http://schemas.microsoft.com/win/2004/08/events/event">
  <System>
    <Provider Name="Microsoft-Windows-Sysmon" Guid="5770385F-C22A-43E0-BF4C-06F5698FFBD9">
    </Provider>
    <EventID>1</EventID>
    <Version>5</Version>
    <Level>4</Level>
    <Task>1</Task>
    <Opcode>0</Opcode>
    <Keywords>0x8000000000000000</Keywords>
    <TimeCreated SystemTime="2023-02-10T07:30:08.108909Z">
    </TimeCreated>
    <EventRecordID>639</EventRecordID>
    <Correlation>
    </Correlation>
    <Execution ProcessID="2964" ThreadID="4368">
    </Execution>
    <Channel>Microsoft-Windows-Sysmon/Operational</Channel>
    <Computer>WIN-4CKB6CSHOSJ</Computer>
    <Security UserID="S-1-5-18">
    </Security>
  </System>
  <EventData>
    <Data Name="RuleName">-</Data>
    <Data Name="UtcTime">2023-02-10 07:30:08.106</Data>
    <Data Name="ProcessGuid">FF8B6A41-F280-63E5-5101-000000000200</Data>
    <Data Name="ProcessId">688</Data>
    <Data Name="Image">C:\Windows\System32\TSTheme.exe</Data>
    <Data Name="FileVersion">10.0.17763.1697 (WinBuild.160101.0800)</Data>
    <Data Name="Description">TSTheme Server Module</Data>
    <Data Name="Product">Microsoft® Windows® Operating System</Data>
    <Data Name="Company">Microsoft Corporation</Data>
    <Data Name="OriginalFileName">TSThemeS.exe</Data>
    <Data Name="CommandLine">C:\Windows\system32\TSTheme.exe -Embedding</Data>
    <Data Name="CurrentDirectory">C:\Windows\system32\</Data>
    <Data Name="User">WIN-4CKB6CSHOSJ\gerald</Data>
    <Data Name="LogonGuid">FF8B6A41-F27F-63E5-C21B-330000000000</Data>
    <Data Name="LogonId">0x331bc2</Data>
    <Data Name="TerminalSessionId">2</Data>
    <Data Name="IntegrityLevel">Medium</Data>
    <Data Name="Hashes">MD5=678B049F46799F3FA858CE79376EB7B5,SHA256=C1879B15C38D1C9BB86BCFD08A0B7D8A0809C553F8F1985659D7DA0C883EA4F7,IMPHASH=B70390445EE6DE87340DFE5CB7439893</Data>
    <Data Name="ParentProcessGuid">00000000-0000-0000-0000-000000000000</Data>
    <Data Name="ParentProcessId">840</Data>
    <Data Name="ParentImage">-</Data>
    <Data Name="ParentCommandLine">-</Data>
    <Data Name="ParentUser">-</Data>
  </EventData>
</Event>
<?xml version="1.0" encoding="utf-8"?>
<Event xmlns="http://schemas.microsoft.com/win/2004/08/events/event">
  <System>
    <Provider Name="Microsoft-Windows-Sysmon" Guid="5770385F-C22A-43E0-BF4C-06F5698FFBD9">
    </Provider>
    <EventID>1</EventID>
    <Version>5</Version>
    <Level>4</Level>
    <Task>1</Task>
    <Opcode>0</Opcode>
    <Keywords>0x8000000000000000</Keywords>
    <TimeCreated SystemTime="2023-02-10T07:30:08.176004Z">
    </TimeCreated>
    <EventRecordID>640</EventRecordID>
    <Correlation>
    </Correlation>
    <Execution ProcessID="2964" ThreadID="4368">
    </Execution>
    <Channel>Microsoft-Windows-Sysmon/Operational</Channel>
    <Computer>WIN-4CKB6CSHOSJ</Computer>
    <Security UserID="S-1-5-18">
    </Security>
  </System>
  <EventData>
    <Data Name="RuleName">-</Data>
    <Data Name="UtcTime">2023-02-10 07:30:08.168</Data>
    <Data Name="ProcessGuid">FF8B6A41-F280-63E5-5201-000000000200</Data>
    <Data Name="ProcessId">4732</Data>
    <Data Name="Image">C:\Windows\System32\rdpclip.exe</Data>
    <Data Name="FileVersion">10.0.17763.1697 (WinBuild.160101.0800)</Data>
    <Data Name="Description">RDP Clipboard Monitor</Data>
    <Data Name="Product">Microsoft® Windows® Operating System</Data>
    <Data Name="Company">Microsoft Corporation</Data>
    <Data Name="OriginalFileName">rdpclip.exe</Data>
    <Data Name="CommandLine">rdpclip</Data>
    <Data Name="CurrentDirectory">C:\Windows\system32\</Data>
    <Data Name="User">WIN-4CKB6CSHOSJ\gerald</Data>
    <Data Name="LogonGuid">FF8B6A41-F27F-63E5-C21B-330000000000</Data>
    <Data Name="LogonId">0x331bc2</Data>
    <Data Name="TerminalSessionId">2</Data>
    <Data Name="IntegrityLevel">Medium</Data>
    <Data Name="Hashes">MD5=BFE0CEE883BD55C7691E7C1027E2332B,SHA256=4972CF79E61A6FF0C4EA410D55C7DEB00D7F799EA958946FCC2EE7FABF13FFEB,IMPHASH=E3F33CEBF67721DAC951AFBD20321206</Data>
    <Data Name="ParentProcessGuid">FF8B6A41-D5BF-63E5-1500-000000000200</Data>
    <Data Name="ParentProcessId">720</Data>
    <Data Name="ParentImage">C:\Windows\System32\svchost.exe</Data>
    <Data Name="ParentCommandLine">C:\Windows\System32\svchost.exe -k termsvcs -s TermService</Data>
    <Data Name="ParentUser">NT AUTHORITY\NETWORK SERVICE</Data>
  </EventData>
</Event>
<?xml version="1.0" encoding="utf-8"?>
<Event xmlns="http://schemas.microsoft.com/win/2004/08/events/event">
  <System>
    <Provider Name="Microsoft-Windows-Sysmon" Guid="5770385F-C22A-43E0-BF4C-06F5698FFBD9">
    </Provider>
    <EventID>13</EventID>
    <Version>2</Version>
    <Level>4</Level>
    <Task>13</Task>
    <Opcode>0</Opcode>
    <Keywords>0x8000000000000000</Keywords>
    <TimeCreated SystemTime="2023-02-10T07:30:08.307718Z">
    </TimeCreated>
    <EventRecordID>641</EventRecordID>
    <Correlation>
    </Correlation>
    <Execution ProcessID="2964" ThreadID="4368">
    </Execution>
    <Channel>Microsoft-Windows-Sysmon/Operational</Channel>
    <Computer>WIN-4CKB6CSHOSJ</Computer>
    <Security UserID="S-1-5-18">
    </Security>
  </System>
  <EventData>
    <Data Name="RuleName">T1031,T1050</Data>
    <Data Name="EventType">SetValue</Data>
    <Data Name="UtcTime">2023-02-10 07:30:08.305</Data>
    <Data Name="ProcessGuid">FF8B6A41-D5BE-63E5-0B00-000000000200</Data>
    <Data Name="ProcessId">676</Data>
    <Data Name="Image">C:\Windows\system32\services.exe</Data>
    <Data Name="TargetObject">HKLM\System\CurrentControlSet\Services\CaptureService_3338da\Start</Data>
    <Data Name="Details">DWORD (0x00000003)</Data>
    <Data Name="User">NT AUTHORITY\SYSTEM</Data>
  </EventData>
</Event>
<?xml version="1.0" encoding="utf-8"?>
<Event xmlns="http://schemas.microsoft.com/win/2004/08/events/event">
  <System>
    <Provider Name="Microsoft-Windows-Sysmon" Guid="5770385F-C22A-43E0-BF4C-06F5698FFBD9">
    </Provider>
    <EventID>13</EventID>
    <Version>2</Version>
    <Level>4</Level>
    <Task>13</Task>
    <Opcode>0</Opcode>
    <Keywords>0x8000000000000000</Keywords>
    <TimeCreated SystemTime="2023-02-10T07:30:08.308166Z">
    </TimeCreated>
    <EventRecordID>642</EventRecordID>
    <Correlation>
    </Correlation>
    <Execution ProcessID="2964" ThreadID="4368">
    </Execution>
    <Channel>Microsoft-Windows-Sysmon/Operational</Channel>
    <Computer>WIN-4CKB6CSHOSJ</Computer>
    <Security UserID="S-1-5-18">
    </Security>
  </System>
  <EventData>
    <Data Name="RuleName">T1031,T1050</Data>
    <Data Name="EventType">SetValue</Data>
    <Data Name="UtcTime">2023-02-10 07:30:08.305</Data>
    <Data Name="ProcessGuid">FF8B6A41-D5BE-63E5-0B00-000000000200</Data>
    <Data Name="ProcessId">676</Data>
    <Data Name="Image">C:\Windows\system32\services.exe</Data>
    <Data Name="TargetObject">HKLM\System\CurrentControlSet\Services\CaptureService_3338da\ImagePath</Data>
    <Data Name="Details">C:\Windows\system32\svchost.exe -k LocalService -p</Data>
    <Data Name="User">NT AUTHORITY\SYSTEM</Data>
  </EventData>
</Event>
<?xml version="1.0" encoding="utf-8"?>
<Event xmlns="http://schemas.microsoft.com/win/2004/08/events/event">
  <System>
    <Provider Name="Microsoft-Windows-Sysmon" Guid="5770385F-C22A-43E0-BF4C-06F5698FFBD9">
    </Provider>
    <EventID>1</EventID>
    <Version>5</Version>
    <Level>4</Level>
    <Task>1</Task>
    <Opcode>0</Opcode>
    <Keywords>0x8000000000000000</Keywords>
    <TimeCreated SystemTime="2023-02-10T07:30:08.313798Z">
    </TimeCreated>
    <EventRecordID>643</EventRecordID>
    <Correlation>
    </Correlation>
    <Execution ProcessID="2964" ThreadID="4368">
    </Execution>
    <Channel>Microsoft-Windows-Sysmon/Operational</Channel>
    <Computer>WIN-4CKB6CSHOSJ</Computer>
    <Security UserID="S-1-5-18">
    </Security>
  </System>
  <EventData>
    <Data Name="RuleName">-</Data>
    <Data Name="UtcTime">2023-02-10 07:30:08.311</Data>
    <Data Name="ProcessGuid">FF8B6A41-F280-63E5-5301-000000000200</Data>
    <Data Name="ProcessId">5716</Data>
    <Data Name="Image">C:\Windows\System32\sihost.exe</Data>
    <Data Name="FileVersion">10.0.17763.2989 (WinBuild.160101.0800)</Data>
    <Data Name="Description">Shell Infrastructure Host</Data>
    <Data Name="Product">Microsoft® Windows® Operating System</Data>
    <Data Name="Company">Microsoft Corporation</Data>
    <Data Name="OriginalFileName">sihost.exe</Data>
    <Data Name="CommandLine">sihost.exe</Data>
    <Data Name="CurrentDirectory">C:\Windows\system32\</Data>
    <Data Name="User">WIN-4CKB6CSHOSJ\gerald</Data>
    <Data Name="LogonGuid">FF8B6A41-F27F-63E5-C21B-330000000000</Data>
    <Data Name="LogonId">0x331bc2</Data>
    <Data Name="TerminalSessionId">2</Data>
    <Data Name="IntegrityLevel">Medium</Data>
    <Data Name="Hashes">MD5=C5CE4D2DDD9B1426EA3EABE245F15271,SHA256=C52FDD94F2F9245947ECFD76620306918E5ADD004DB7BC132D49CC21B5E76A98,IMPHASH=D79FA753A3003DE97EDFC038DF32C136</Data>
    <Data Name="ParentProcessGuid">00000000-0000-0000-0000-000000000000</Data>
    <Data Name="ParentProcessId">2264</Data>
    <Data Name="ParentImage">-</Data>
    <Data Name="ParentCommandLine">-</Data>
    <Data Name="ParentUser">-</Data>
  </EventData>
</Event>
<?xml version="1.0" encoding="utf-8"?>
<Event xmlns="http://schemas.microsoft.com/win/2004/08/events/event">
  <System>
    <Provider Name="Microsoft-Windows-Sysmon" Guid="5770385F-C22A-43E0-BF4C-06F5698FFBD9">
    </Provider>
    <EventID>13</EventID>
    <Version>2</Version>
    <Level>4</Level>
    <Task>13</Task>
    <Opcode>0</Opcode>
    <Keywords>0x8000000000000000</Keywords>
    <TimeCreated SystemTime="2023-02-10T07:30:08.314250Z">
    </TimeCreated>
    <EventRecordID>644</EventRecordID>
    <Correlation>
    </Correlation>
    <Execution ProcessID="2964" ThreadID="4368">
    </Execution>
    <Channel>Microsoft-Windows-Sysmon/Operational</Channel>
    <Computer>WIN-4CKB6CSHOSJ</Computer>
    <Security UserID="S-1-5-18">
    </Security>
  </System>
  <EventData>
    <Data Name="RuleName">T1031,T1050</Data>
    <Data Name="EventType">SetValue</Data>
    <Data Name="UtcTime">2023-02-10 07:30:08.305</Data>
    <Data Name="ProcessGuid">FF8B6A41-D5BE-63E5-0B00-000000000200</Data>
    <Data Name="ProcessId">676</Data>
    <Data Name="Image">C:\Windows\system32\services.exe</Data>
    <Data Name="TargetObject">HKLM\System\CurrentControlSet\Services\cbdhsvc_3338da\Start</Data>
    <Data Name="Details">DWORD (0x00000003)</Data>
    <Data Name="User">NT AUTHORITY\SYSTEM</Data>
  </EventData>
</Event>
<?xml version="1.0" encoding="utf-8"?>
<Event xmlns="http://schemas.microsoft.com/win/2004/08/events/event">
  <System>
    <Provider Name="Microsoft-Windows-Sysmon" Guid="5770385F-C22A-43E0-BF4C-06F5698FFBD9">
    </Provider>
    <EventID>13</EventID>
    <Version>2</Version>
    <Level>4</Level>
    <Task>13</Task>
    <Opcode>0</Opcode>
    <Keywords>0x8000000000000000</Keywords>
    <TimeCreated SystemTime="2023-02-10T07:30:08.314435Z">
    </TimeCreated>
    <EventRecordID>645</EventRecordID>
    <Correlation>
    </Correlation>
    <Execution ProcessID="2964" ThreadID="4368">
    </Execution>
    <Channel>Microsoft-Windows-Sysmon/Operational</Channel>
    <Computer>WIN-4CKB6CSHOSJ</Computer>
    <Security UserID="S-1-5-18">
    </Security>
  </System>
  <EventData>
    <Data Name="RuleName">T1031,T1050</Data>
    <Data Name="EventType">SetValue</Data>
    <Data Name="UtcTime">2023-02-10 07:30:08.305</Data>
    <Data Name="ProcessGuid">FF8B6A41-D5BE-63E5-0B00-000000000200</Data>
    <Data Name="ProcessId">676</Data>
    <Data Name="Image">C:\Windows\system32\services.exe</Data>
    <Data Name="TargetObject">HKLM\System\CurrentControlSet\Services\cbdhsvc_3338da\ImagePath</Data>
    <Data Name="Details">C:\Windows\system32\svchost.exe -k ClipboardSvcGroup -p</Data>
    <Data Name="User">NT AUTHORITY\SYSTEM</Data>
  </EventData>
</Event>
<?xml version="1.0" encoding="utf-8"?>
<Event xmlns="http://schemas.microsoft.com/win/2004/08/events/event">
  <System>
    <Provider Name="Microsoft-Windows-Sysmon" Guid="5770385F-C22A-43E0-BF4C-06F5698FFBD9">
    </Provider>
    <EventID>13</EventID>
    <Version>2</Version>
    <Level>4</Level>
    <Task>13</Task>
    <Opcode>0</Opcode>
    <Keywords>0x8000000000000000</Keywords>
    <TimeCreated SystemTime="2023-02-10T07:30:08.314903Z">
    </TimeCreated>
    <EventRecordID>646</EventRecordID>
    <Correlation>
    </Correlation>
    <Execution ProcessID="2964" ThreadID="4368">
    </Execution>
    <Channel>Microsoft-Windows-Sysmon/Operational</Channel>
    <Computer>WIN-4CKB6CSHOSJ</Computer>
    <Security UserID="S-1-5-18">
    </Security>
  </System>
  <EventData>
    <Data Name="RuleName">T1031,T1050</Data>
    <Data Name="EventType">SetValue</Data>
    <Data Name="UtcTime">2023-02-10 07:30:08.305</Data>
    <Data Name="ProcessGuid">FF8B6A41-D5BE-63E5-0B00-000000000200</Data>
    <Data Name="ProcessId">676</Data>
    <Data Name="Image">C:\Windows\system32\services.exe</Data>
    <Data Name="TargetObject">HKLM\System\CurrentControlSet\Services\CDPUserSvc_3338da\Start</Data>
    <Data Name="Details">DWORD (0x00000002)</Data>
    <Data Name="User">NT AUTHORITY\SYSTEM</Data>
  </EventData>
</Event>
<?xml version="1.0" encoding="utf-8"?>
<Event xmlns="http://schemas.microsoft.com/win/2004/08/events/event">
  <System>
    <Provider Name="Microsoft-Windows-Sysmon" Guid="5770385F-C22A-43E0-BF4C-06F5698FFBD9">
    </Provider>
    <EventID>13</EventID>
    <Version>2</Version>
    <Level>4</Level>
    <Task>13</Task>
    <Opcode>0</Opcode>
    <Keywords>0x8000000000000000</Keywords>
    <TimeCreated SystemTime="2023-02-10T07:30:08.314999Z">
    </TimeCreated>
    <EventRecordID>647</EventRecordID>
    <Correlation>
    </Correlation>
    <Execution ProcessID="2964" ThreadID="4368">
    </Execution>
    <Channel>Microsoft-Windows-Sysmon/Operational</Channel>
    <Computer>WIN-4CKB6CSHOSJ</Computer>
    <Security UserID="S-1-5-18">
    </Security>
  </System>
  <EventData>
    <Data Name="RuleName">T1031,T1050</Data>
    <Data Name="EventType">SetValue</Data>
    <Data Name="UtcTime">2023-02-10 07:30:08.305</Data>
    <Data Name="ProcessGuid">FF8B6A41-D5BE-63E5-0B00-000000000200</Data>
    <Data Name="ProcessId">676</Data>
    <Data Name="Image">C:\Windows\system32\services.exe</Data>
    <Data Name="TargetObject">HKLM\System\CurrentControlSet\Services\CDPUserSvc_3338da\ImagePath</Data>
    <Data Name="Details">C:\Windows\system32\svchost.exe -k UnistackSvcGroup</Data>
    <Data Name="User">NT AUTHORITY\SYSTEM</Data>
  </EventData>
</Event>
<?xml version="1.0" encoding="utf-8"?>
<Event xmlns="http://schemas.microsoft.com/win/2004/08/events/event">
  <System>
    <Provider Name="Microsoft-Windows-Sysmon" Guid="5770385F-C22A-43E0-BF4C-06F5698FFBD9">
    </Provider>
    <EventID>13</EventID>
    <Version>2</Version>
    <Level>4</Level>
    <Task>13</Task>
    <Opcode>0</Opcode>
    <Keywords>0x8000000000000000</Keywords>
    <TimeCreated SystemTime="2023-02-10T07:30:08.315528Z">
    </TimeCreated>
    <EventRecordID>648</EventRecordID>
    <Correlation>
    </Correlation>
    <Execution ProcessID="2964" ThreadID="4368">
    </Execution>
    <Channel>Microsoft-Windows-Sysmon/Operational</Channel>
    <Computer>WIN-4CKB6CSHOSJ</Computer>
    <Security UserID="S-1-5-18">
    </Security>
  </System>
  <EventData>
    <Data Name="RuleName">T1031,T1050</Data>
    <Data Name="EventType">SetValue</Data>
    <Data Name="UtcTime">2023-02-10 07:30:08.305</Data>
    <Data Name="ProcessGuid">FF8B6A41-D5BE-63E5-0B00-000000000200</Data>
    <Data Name="ProcessId">676</Data>
    <Data Name="Image">C:\Windows\system32\services.exe</Data>
    <Data Name="TargetObject">HKLM\System\CurrentControlSet\Services\ConsentUxUserSvc_3338da\Start</Data>
    <Data Name="Details">DWORD (0x00000003)</Data>
    <Data Name="User">NT AUTHORITY\SYSTEM</Data>
  </EventData>
</Event>
<?xml version="1.0" encoding="utf-8"?>
<Event xmlns="http://schemas.microsoft.com/win/2004/08/events/event">
  <System>
    <Provider Name="Microsoft-Windows-Sysmon" Guid="5770385F-C22A-43E0-BF4C-06F5698FFBD9">
    </Provider>
    <EventID>13</EventID>
    <Version>2</Version>
    <Level>4</Level>
    <Task>13</Task>
    <Opcode>0</Opcode>
    <Keywords>0x8000000000000000</Keywords>
    <TimeCreated SystemTime="2023-02-10T07:30:08.315635Z">
    </TimeCreated>
    <EventRecordID>649</EventRecordID>
    <Correlation>
    </Correlation>
    <Execution ProcessID="2964" ThreadID="4368">
    </Execution>
    <Channel>Microsoft-Windows-Sysmon/Operational</Channel>
    <Computer>WIN-4CKB6CSHOSJ</Computer>
    <Security UserID="S-1-5-18">
    </Security>
  </System>
  <EventData>
    <Data Name="RuleName">T1031,T1050</Data>
    <Data Name="EventType">SetValue</Data>
    <Data Name="UtcTime">2023-02-10 07:30:08.305</Data>
    <Data Name="ProcessGuid">FF8B6A41-D5BE-63E5-0B00-000000000200</Data>
    <Data Name="ProcessId">676</Data>
    <Data Name="Image">C:\Windows\system32\services.exe</Data>
    <Data Name="TargetObject">HKLM\System\CurrentControlSet\Services\ConsentUxUserSvc_3338da\ImagePath</Data>
    <Data Name="Details">C:\Windows\system32\svchost.exe -k DevicesFlow</Data>
    <Data Name="User">NT AUTHORITY\SYSTEM</Data>
  </EventData>
</Event>
<?xml version="1.0" encoding="utf-8"?>
<Event xmlns="http://schemas.microsoft.com/win/2004/08/events/event">
  <System>
    <Provider Name="Microsoft-Windows-Sysmon" Guid="5770385F-C22A-43E0-BF4C-06F5698FFBD9">
    </Provider>
    <EventID>13</EventID>
    <Version>2</Version>
    <Level>4</Level>
    <Task>13</Task>
    <Opcode>0</Opcode>
    <Keywords>0x8000000000000000</Keywords>
    <TimeCreated SystemTime="2023-02-10T07:30:08.319865Z">
    </TimeCreated>
    <EventRecordID>650</EventRecordID>
    <Correlation>
    </Correlation>
    <Execution ProcessID="2964" ThreadID="4368">
    </Execution>
    <Channel>Microsoft-Windows-Sysmon/Operational</Channel>
    <Computer>WIN-4CKB6CSHOSJ</Computer>
    <Security UserID="S-1-5-18">
    </Security>
  </System>
  <EventData>
    <Data Name="RuleName">T1031,T1050</Data>
    <Data Name="EventType">SetValue</Data>
    <Data Name="UtcTime">2023-02-10 07:30:08.305</Data>
    <Data Name="ProcessGuid">FF8B6A41-D5BE-63E5-0B00-000000000200</Data>
    <Data Name="ProcessId">676</Data>
    <Data Name="Image">C:\Windows\system32\services.exe</Data>
    <Data Name="TargetObject">HKLM\System\CurrentControlSet\Services\DevicePickerUserSvc_3338da\Start</Data>
    <Data Name="Details">DWORD (0x00000003)</Data>
    <Data Name="User">NT AUTHORITY\SYSTEM</Data>
  </EventData>
</Event>
<?xml version="1.0" encoding="utf-8"?>
<Event xmlns="http://schemas.microsoft.com/win/2004/08/events/event">
  <System>
    <Provider Name="Microsoft-Windows-Sysmon" Guid="5770385F-C22A-43E0-BF4C-06F5698FFBD9">
    </Provider>
    <EventID>13</EventID>
    <Version>2</Version>
    <Level>4</Level>
    <Task>13</Task>
    <Opcode>0</Opcode>
    <Keywords>0x8000000000000000</Keywords>
    <TimeCreated SystemTime="2023-02-10T07:30:08.319980Z">
    </TimeCreated>
    <EventRecordID>651</EventRecordID>
    <Correlation>
    </Correlation>
    <Execution ProcessID="2964" ThreadID="4368">
    </Execution>
    <Channel>Microsoft-Windows-Sysmon/Operational</Channel>
    <Computer>WIN-4CKB6CSHOSJ</Computer>
    <Security UserID="S-1-5-18">
    </Security>
  </System>
  <EventData>
    <Data Name="RuleName">T1031,T1050</Data>
    <Data Name="EventType">SetValue</Data>
    <Data Name="UtcTime">2023-02-10 07:30:08.305</Data>
    <Data Name="ProcessGuid">FF8B6A41-D5BE-63E5-0B00-000000000200</Data>
    <Data Name="ProcessId">676</Data>
    <Data Name="Image">C:\Windows\system32\services.exe</Data>
    <Data Name="TargetObject">HKLM\System\CurrentControlSet\Services\DevicePickerUserSvc_3338da\ImagePath</Data>
    <Data Name="Details">C:\Windows\system32\svchost.exe -k DevicesFlow</Data>
    <Data Name="User">NT AUTHORITY\SYSTEM</Data>
  </EventData>
</Event>
<?xml version="1.0" encoding="utf-8"?>
<Event xmlns="http://schemas.microsoft.com/win/2004/08/events/event">
  <System>
    <Provider Name="Microsoft-Windows-Sysmon" Guid="5770385F-C22A-43E0-BF4C-06F5698FFBD9">
    </Provider>
    <EventID>13</EventID>
    <Version>2</Version>
    <Level>4</Level>
    <Task>13</Task>
    <Opcode>0</Opcode>
    <Keywords>0x8000000000000000</Keywords>
    <TimeCreated SystemTime="2023-02-10T07:30:08.320736Z">
    </TimeCreated>
    <EventRecordID>652</EventRecordID>
    <Correlation>
    </Correlation>
    <Execution ProcessID="2964" ThreadID="4368">
    </Execution>
    <Channel>Microsoft-Windows-Sysmon/Operational</Channel>
    <Computer>WIN-4CKB6CSHOSJ</Computer>
    <Security UserID="S-1-5-18">
    </Security>
  </System>
  <EventData>
    <Data Name="RuleName">T1031,T1050</Data>
    <Data Name="EventType">SetValue</Data>
    <Data Name="UtcTime">2023-02-10 07:30:08.305</Data>
    <Data Name="ProcessGuid">FF8B6A41-D5BE-63E5-0B00-000000000200</Data>
    <Data Name="ProcessId">676</Data>
    <Data Name="Image">C:\Windows\system32\services.exe</Data>
    <Data Name="TargetObject">HKLM\System\CurrentControlSet\Services\DevicesFlowUserSvc_3338da\Start</Data>
    <Data Name="Details">DWORD (0x00000003)</Data>
    <Data Name="User">NT AUTHORITY\SYSTEM</Data>
  </EventData>
</Event>
<?xml version="1.0" encoding="utf-8"?>
<Event xmlns="http://schemas.microsoft.com/win/2004/08/events/event">
  <System>
    <Provider Name="Microsoft-Windows-Sysmon" Guid="5770385F-C22A-43E0-BF4C-06F5698FFBD9">
    </Provider>
    <EventID>13</EventID>
    <Version>2</Version>
    <Level>4</Level>
    <Task>13</Task>
    <Opcode>0</Opcode>
    <Keywords>0x8000000000000000</Keywords>
    <TimeCreated SystemTime="2023-02-10T07:30:08.320835Z">
    </TimeCreated>
    <EventRecordID>653</EventRecordID>
    <Correlation>
    </Correlation>
    <Execution ProcessID="2964" ThreadID="4368">
    </Execution>
    <Channel>Microsoft-Windows-Sysmon/Operational</Channel>
    <Computer>WIN-4CKB6CSHOSJ</Computer>
    <Security UserID="S-1-5-18">
    </Security>
  </System>
  <EventData>
    <Data Name="RuleName">T1031,T1050</Data>
    <Data Name="EventType">SetValue</Data>
    <Data Name="UtcTime">2023-02-10 07:30:08.305</Data>
    <Data Name="ProcessGuid">FF8B6A41-D5BE-63E5-0B00-000000000200</Data>
    <Data Name="ProcessId">676</Data>
    <Data Name="Image">C:\Windows\system32\services.exe</Data>
    <Data Name="TargetObject">HKLM\System\CurrentControlSet\Services\DevicesFlowUserSvc_3338da\ImagePath</Data>
    <Data Name="Details">C:\Windows\system32\svchost.exe -k DevicesFlow</Data>
    <Data Name="User">NT AUTHORITY\SYSTEM</Data>
  </EventData>
</Event>
<?xml version="1.0" encoding="utf-8"?>
<Event xmlns="http://schemas.microsoft.com/win/2004/08/events/event">
  <System>
    <Provider Name="Microsoft-Windows-Sysmon" Guid="5770385F-C22A-43E0-BF4C-06F5698FFBD9">
    </Provider>
    <EventID>13</EventID>
    <Version>2</Version>
    <Level>4</Level>
    <Task>13</Task>
    <Opcode>0</Opcode>
    <Keywords>0x8000000000000000</Keywords>
    <TimeCreated SystemTime="2023-02-10T07:30:08.322161Z">
    </TimeCreated>
    <EventRecordID>654</EventRecordID>
    <Correlation>
    </Correlation>
    <Execution ProcessID="2964" ThreadID="4368">
    </Execution>
    <Channel>Microsoft-Windows-Sysmon/Operational</Channel>
    <Computer>WIN-4CKB6CSHOSJ</Computer>
    <Security UserID="S-1-5-18">
    </Security>
  </System>
  <EventData>
    <Data Name="RuleName">T1031,T1050</Data>
    <Data Name="EventType">SetValue</Data>
    <Data Name="UtcTime">2023-02-10 07:30:08.321</Data>
    <Data Name="ProcessGuid">FF8B6A41-D5BE-63E5-0B00-000000000200</Data>
    <Data Name="ProcessId">676</Data>
    <Data Name="Image">C:\Windows\system32\services.exe</Data>
    <Data Name="TargetObject">HKLM\System\CurrentControlSet\Services\PimIndexMaintenanceSvc_3338da\Start</Data>
    <Data Name="Details">DWORD (0x00000003)</Data>
    <Data Name="User">NT AUTHORITY\SYSTEM</Data>
  </EventData>
</Event>
<?xml version="1.0" encoding="utf-8"?>
<Event xmlns="http://schemas.microsoft.com/win/2004/08/events/event">
  <System>
    <Provider Name="Microsoft-Windows-Sysmon" Guid="5770385F-C22A-43E0-BF4C-06F5698FFBD9">
    </Provider>
    <EventID>13</EventID>
    <Version>2</Version>
    <Level>4</Level>
    <Task>13</Task>
    <Opcode>0</Opcode>
    <Keywords>0x8000000000000000</Keywords>
    <TimeCreated SystemTime="2023-02-10T07:30:08.322249Z">
    </TimeCreated>
    <EventRecordID>655</EventRecordID>
    <Correlation>
    </Correlation>
    <Execution ProcessID="2964" ThreadID="4368">
    </Execution>
    <Channel>Microsoft-Windows-Sysmon/Operational</Channel>
    <Computer>WIN-4CKB6CSHOSJ</Computer>
    <Security UserID="S-1-5-18">
    </Security>
  </System>
  <EventData>
    <Data Name="RuleName">T1031,T1050</Data>
    <Data Name="EventType">SetValue</Data>
    <Data Name="UtcTime">2023-02-10 07:30:08.321</Data>
    <Data Name="ProcessGuid">FF8B6A41-D5BE-63E5-0B00-000000000200</Data>
    <Data Name="ProcessId">676</Data>
    <Data Name="Image">C:\Windows\system32\services.exe</Data>
    <Data Name="TargetObject">HKLM\System\CurrentControlSet\Services\PimIndexMaintenanceSvc_3338da\ImagePath</Data>
    <Data Name="Details">C:\Windows\system32\svchost.exe -k UnistackSvcGroup</Data>
    <Data Name="User">NT AUTHORITY\SYSTEM</Data>
  </EventData>
</Event>
<?xml version="1.0" encoding="utf-8"?>
<Event xmlns="http://schemas.microsoft.com/win/2004/08/events/event">
  <System>
    <Provider Name="Microsoft-Windows-Sysmon" Guid="5770385F-C22A-43E0-BF4C-06F5698FFBD9">
    </Provider>
    <EventID>13</EventID>
    <Version>2</Version>
    <Level>4</Level>
    <Task>13</Task>
    <Opcode>0</Opcode>
    <Keywords>0x8000000000000000</Keywords>
    <TimeCreated SystemTime="2023-02-10T07:30:08.323702Z">
    </TimeCreated>
    <EventRecordID>656</EventRecordID>
    <Correlation>
    </Correlation>
    <Execution ProcessID="2964" ThreadID="4368">
    </Execution>
    <Channel>Microsoft-Windows-Sysmon/Operational</Channel>
    <Computer>WIN-4CKB6CSHOSJ</Computer>
    <Security UserID="S-1-5-18">
    </Security>
  </System>
  <EventData>
    <Data Name="RuleName">T1031,T1050</Data>
    <Data Name="EventType">SetValue</Data>
    <Data Name="UtcTime">2023-02-10 07:30:08.321</Data>
    <Data Name="ProcessGuid">FF8B6A41-D5BE-63E5-0B00-000000000200</Data>
    <Data Name="ProcessId">676</Data>
    <Data Name="Image">C:\Windows\system32\services.exe</Data>
    <Data Name="TargetObject">HKLM\System\CurrentControlSet\Services\PrintWorkflowUserSvc_3338da\Start</Data>
    <Data Name="Details">DWORD (0x00000003)</Data>
    <Data Name="User">NT AUTHORITY\SYSTEM</Data>
  </EventData>
</Event>
<?xml version="1.0" encoding="utf-8"?>
<Event xmlns="http://schemas.microsoft.com/win/2004/08/events/event">
  <System>
    <Provider Name="Microsoft-Windows-Sysmon" Guid="5770385F-C22A-43E0-BF4C-06F5698FFBD9">
    </Provider>
    <EventID>13</EventID>
    <Version>2</Version>
    <Level>4</Level>
    <Task>13</Task>
    <Opcode>0</Opcode>
    <Keywords>0x8000000000000000</Keywords>
    <TimeCreated SystemTime="2023-02-10T07:30:08.323853Z">
    </TimeCreated>
    <EventRecordID>657</EventRecordID>
    <Correlation>
    </Correlation>
    <Execution ProcessID="2964" ThreadID="4368">
    </Execution>
    <Channel>Microsoft-Windows-Sysmon/Operational</Channel>
    <Computer>WIN-4CKB6CSHOSJ</Computer>
    <Security UserID="S-1-5-18">
    </Security>
  </System>
  <EventData>
    <Data Name="RuleName">T1031,T1050</Data>
    <Data Name="EventType">SetValue</Data>
    <Data Name="UtcTime">2023-02-10 07:30:08.321</Data>
    <Data Name="ProcessGuid">FF8B6A41-D5BE-63E5-0B00-000000000200</Data>
    <Data Name="ProcessId">676</Data>
    <Data Name="Image">C:\Windows\system32\services.exe</Data>
    <Data Name="TargetObject">HKLM\System\CurrentControlSet\Services\PrintWorkflowUserSvc_3338da\ImagePath</Data>
    <Data Name="Details">C:\Windows\system32\svchost.exe -k PrintWorkflow</Data>
    <Data Name="User">NT AUTHORITY\SYSTEM</Data>
  </EventData>
</Event>
<?xml version="1.0" encoding="utf-8"?>
<Event xmlns="http://schemas.microsoft.com/win/2004/08/events/event">
  <System>
    <Provider Name="Microsoft-Windows-Sysmon" Guid="5770385F-C22A-43E0-BF4C-06F5698FFBD9">
    </Provider>
    <EventID>13</EventID>
    <Version>2</Version>
    <Level>4</Level>
    <Task>13</Task>
    <Opcode>0</Opcode>
    <Keywords>0x8000000000000000</Keywords>
    <TimeCreated SystemTime="2023-02-10T07:30:08.325077Z">
    </TimeCreated>
    <EventRecordID>658</EventRecordID>
    <Correlation>
    </Correlation>
    <Execution ProcessID="2964" ThreadID="4368">
    </Execution>
    <Channel>Microsoft-Windows-Sysmon/Operational</Channel>
    <Computer>WIN-4CKB6CSHOSJ</Computer>
    <Security UserID="S-1-5-18">
    </Security>
  </System>
  <EventData>
    <Data Name="RuleName">T1031,T1050</Data>
    <Data Name="EventType">SetValue</Data>
    <Data Name="UtcTime">2023-02-10 07:30:08.321</Data>
    <Data Name="ProcessGuid">FF8B6A41-D5BE-63E5-0B00-000000000200</Data>
    <Data Name="ProcessId">676</Data>
    <Data Name="Image">C:\Windows\system32\services.exe</Data>
    <Data Name="TargetObject">HKLM\System\CurrentControlSet\Services\UnistoreSvc_3338da\Start</Data>
    <Data Name="Details">DWORD (0x00000003)</Data>
    <Data Name="User">NT AUTHORITY\SYSTEM</Data>
  </EventData>
</Event>
<?xml version="1.0" encoding="utf-8"?>
<Event xmlns="http://schemas.microsoft.com/win/2004/08/events/event">
  <System>
    <Provider Name="Microsoft-Windows-Sysmon" Guid="5770385F-C22A-43E0-BF4C-06F5698FFBD9">
    </Provider>
    <EventID>13</EventID>
    <Version>2</Version>
    <Level>4</Level>
    <Task>13</Task>
    <Opcode>0</Opcode>
    <Keywords>0x8000000000000000</Keywords>
    <TimeCreated SystemTime="2023-02-10T07:30:08.325219Z">
    </TimeCreated>
    <EventRecordID>659</EventRecordID>
    <Correlation>
    </Correlation>
    <Execution ProcessID="2964" ThreadID="4368">
    </Execution>
    <Channel>Microsoft-Windows-Sysmon/Operational</Channel>
    <Computer>WIN-4CKB6CSHOSJ</Computer>
    <Security UserID="S-1-5-18">
    </Security>
  </System>
  <EventData>
    <Data Name="RuleName">T1031,T1050</Data>
    <Data Name="EventType">SetValue</Data>
    <Data Name="UtcTime">2023-02-10 07:30:08.321</Data>
    <Data Name="ProcessGuid">FF8B6A41-D5BE-63E5-0B00-000000000200</Data>
    <Data Name="ProcessId">676</Data>
    <Data Name="Image">C:\Windows\system32\services.exe</Data>
    <Data Name="TargetObject">HKLM\System\CurrentControlSet\Services\UnistoreSvc_3338da\ImagePath</Data>
    <Data Name="Details">C:\Windows\System32\svchost.exe -k UnistackSvcGroup</Data>
    <Data Name="User">NT AUTHORITY\SYSTEM</Data>
  </EventData>
</Event>
<?xml version="1.0" encoding="utf-8"?>
<Event xmlns="http://schemas.microsoft.com/win/2004/08/events/event">
  <System>
    <Provider Name="Microsoft-Windows-Sysmon" Guid="5770385F-C22A-43E0-BF4C-06F5698FFBD9">
    </Provider>
    <EventID>13</EventID>
    <Version>2</Version>
    <Level>4</Level>
    <Task>13</Task>
    <Opcode>0</Opcode>
    <Keywords>0x8000000000000000</Keywords>
    <TimeCreated SystemTime="2023-02-10T07:30:08.326361Z">
    </TimeCreated>
    <EventRecordID>660</EventRecordID>
    <Correlation>
    </Correlation>
    <Execution ProcessID="2964" ThreadID="4368">
    </Execution>
    <Channel>Microsoft-Windows-Sysmon/Operational</Channel>
    <Computer>WIN-4CKB6CSHOSJ</Computer>
    <Security UserID="S-1-5-18">
    </Security>
  </System>
  <EventData>
    <Data Name="RuleName">T1031,T1050</Data>
    <Data Name="EventType">SetValue</Data>
    <Data Name="UtcTime">2023-02-10 07:30:08.321</Data>
    <Data Name="ProcessGuid">FF8B6A41-D5BE-63E5-0B00-000000000200</Data>
    <Data Name="ProcessId">676</Data>
    <Data Name="Image">C:\Windows\system32\services.exe</Data>
    <Data Name="TargetObject">HKLM\System\CurrentControlSet\Services\UserDataSvc_3338da\Start</Data>
    <Data Name="Details">DWORD (0x00000003)</Data>
    <Data Name="User">NT AUTHORITY\SYSTEM</Data>
  </EventData>
</Event>
<?xml version="1.0" encoding="utf-8"?>
<Event xmlns="http://schemas.microsoft.com/win/2004/08/events/event">
  <System>
    <Provider Name="Microsoft-Windows-Sysmon" Guid="5770385F-C22A-43E0-BF4C-06F5698FFBD9">
    </Provider>
    <EventID>13</EventID>
    <Version>2</Version>
    <Level>4</Level>
    <Task>13</Task>
    <Opcode>0</Opcode>
    <Keywords>0x8000000000000000</Keywords>
    <TimeCreated SystemTime="2023-02-10T07:30:08.326631Z">
    </TimeCreated>
    <EventRecordID>661</EventRecordID>
    <Correlation>
    </Correlation>
    <Execution ProcessID="2964" ThreadID="4368">
    </Execution>
    <Channel>Microsoft-Windows-Sysmon/Operational</Channel>
    <Computer>WIN-4CKB6CSHOSJ</Computer>
    <Security UserID="S-1-5-18">
    </Security>
  </System>
  <EventData>
    <Data Name="RuleName">T1031,T1050</Data>
    <Data Name="EventType">SetValue</Data>
    <Data Name="UtcTime">2023-02-10 07:30:08.321</Data>
    <Data Name="ProcessGuid">FF8B6A41-D5BE-63E5-0B00-000000000200</Data>
    <Data Name="ProcessId">676</Data>
    <Data Name="Image">C:\Windows\system32\services.exe</Data>
    <Data Name="TargetObject">HKLM\System\CurrentControlSet\Services\UserDataSvc_3338da\ImagePath</Data>
    <Data Name="Details">C:\Windows\system32\svchost.exe -k UnistackSvcGroup</Data>
    <Data Name="User">NT AUTHORITY\SYSTEM</Data>
  </EventData>
</Event>
