<?xml version="1.0" encoding="utf-8"?>
<Event xmlns="http://schemas.microsoft.com/win/2004/08/events/event">
  <System>
    <Provider Name="Microsoft-Windows-Sysmon" Guid="5770385F-C22A-43E0-BF4C-06F5698FFBD9">
    </Provider>
    <EventID>1</EventID>
    <Version>5</Version>
    <Level>4</Level>
    <Task>1</Task>
    <Opcode>0</Opcode>
    <Keywords>0x8000000000000000</Keywords>
    <TimeCreated SystemTime="2023-02-10T07:56:46.725909Z">
    </TimeCreated>
    <EventRecordID>824</EventRecordID>
    <Correlation>
    </Correlation>
    <Execution ProcessID="2964" ThreadID="4368">
    </Execution>
    <Channel>Microsoft-Windows-Sysmon/Operational</Channel>
    <Computer>WIN-4CKB6CSHOSJ</Computer>
    <Security UserID="S-1-5-18">
    </Security>
  </System>
  <EventData>
    <Data Name="RuleName">-</Data>
    <Data Name="UtcTime">2023-02-10 07:56:46.706</Data>
    <Data Name="ProcessGuid">FF8B6A41-F8BE-63E5-F401-000000000200</Data>
    <Data Name="ProcessId">5368</Data>
    <Data Name="Image">C:\Windows\System32\OpenSSH\scp.exe</Data>
    <Data Name="FileVersion">7.7.2.1</Data>
    <Data Name="Description">-</Data>
    <Data Name="Product">OpenSSH for Windows</Data>
    <Data Name="Company">-</Data>
    <Data Name="OriginalFileName">-</Data>
    <Data Name="CommandLine">&quot;C:\Windows\System32\OpenSSH\scp.exe&quot;  -r -f Desktop/Projects</Data>
    <Data Name="CurrentDirectory">C:\Users\gerald\</Data>
    <Data Name="User">WIN-4CKB6CSHOSJ\gerald</Data>
    <Data Name="LogonGuid">FF8B6A41-F8BE-63E5-82D7-3D0000000000</Data>
    <Data Name="LogonId">0x3dd782</Data>
    <Data Name="TerminalSessionId">0</Data>
    <Data Name="IntegrityLevel">Medium</Data>
    <Data Name="Hashes">MD5=2B26FED866AE32256A13E518EBD99A5E,SHA256=8860E4273F59CAA71FA585697E291270F94CEE83439E5C94726D918D7C72F362,IMPHASH=85D8C9B4FBF728E5F40C3F477EEE0C79</Data>
    <Data Name="ParentProcessGuid">FF8B6A41-F8BE-63E5-F301-000000000200</Data>
    <Data Name="ParentProcessId">6832</Data>
    <Data Name="ParentImage">C:\Windows\System32\cmd.exe</Data>
    <Data Name="ParentCommandLine">&quot;c:\windows\system32\cmd.exe&quot; /c &quot;&quot;C:\Windows\System32\OpenSSH\scp.exe&quot; -r -f Desktop/Projects&quot;</Data>
    <Data Name="ParentUser">WIN-4CKB6CSHOSJ\gerald</Data>
  </EventData>
</Event>
<?xml version="1.0" encoding="utf-8"?>
<Event xmlns="http://schemas.microsoft.com/win/2004/08/events/event">
  <System>
    <Provider Name="Microsoft-Windows-Sysmon" Guid="5770385F-C22A-43E0-BF4C-06F5698FFBD9">
    </Provider>
    <EventID>13</EventID>
    <Version>2</Version>
    <Level>4</Level>
    <Task>13</Task>
    <Opcode>0</Opcode>
    <Keywords>0x8000000000000000</Keywords>
    <TimeCreated SystemTime="2023-02-10T07:56:47.332506Z">
    </TimeCreated>
    <EventRecordID>825</EventRecordID>
    <Correlation>
    </Correlation>
    <Execution ProcessID="2964" ThreadID="4368">
    </Execution>
    <Channel>Microsoft-Windows-Sysmon/Operational</Channel>
    <Computer>WIN-4CKB6CSHOSJ</Computer>
    <Security UserID="S-1-5-18">
    </Security>
  </System>
  <EventData>
    <Data Name="RuleName">InvDB-Path</Data>
    <Data Name="EventType">SetValue</Data>
    <Data Name="UtcTime">2023-02-10 07:56:47.325</Data>
    <Data Name="ProcessGuid">FF8B6A41-D5C0-63E5-3F00-000000000200</Data>
    <Data Name="ProcessId">3020</Data>
    <Data Name="Image">C:\Windows\System32\svchost.exe</Data>
    <Data Name="TargetObject">\REGISTRY\A\{ad4c80dc-7092-6657-6d14-c662253038ce}\Root\InventoryApplicationFile\scp.exe|180827f565af3e69\LowerCaseLongPath</Data>
    <Data Name="Details">c:\windows\system32\openssh\scp.exe</Data>
    <Data Name="User">NT AUTHORITY\SYSTEM</Data>
  </EventData>
</Event>
<?xml version="1.0" encoding="utf-8"?>
<Event xmlns="http://schemas.microsoft.com/win/2004/08/events/event">
  <System>
    <Provider Name="Microsoft-Windows-Sysmon" Guid="5770385F-C22A-43E0-BF4C-06F5698FFBD9">
    </Provider>
    <EventID>13</EventID>
    <Version>2</Version>
    <Level>4</Level>
    <Task>13</Task>
    <Opcode>0</Opcode>
    <Keywords>0x8000000000000000</Keywords>
    <TimeCreated SystemTime="2023-02-10T07:56:47.333194Z">
    </TimeCreated>
    <EventRecordID>826</EventRecordID>
    <Correlation>
    </Correlation>
    <Execution ProcessID="2964" ThreadID="4368">
    </Execution>
    <Channel>Microsoft-Windows-Sysmon/Operational</Channel>
    <Computer>WIN-4CKB6CSHOSJ</Computer>
    <Security UserID="S-1-5-18">
    </Security>
  </System>
  <EventData>
    <Data Name="RuleName">InvDB-Pub</Data>
    <Data Name="EventType">SetValue</Data>
    <Data Name="UtcTime">2023-02-10 07:56:47.325</Data>
    <Data Name="ProcessGuid">FF8B6A41-D5C0-63E5-3F00-000000000200</Data>
    <Data Name="ProcessId">3020</Data>
    <Data Name="Image">C:\Windows\System32\svchost.exe</Data>
    <Data Name="TargetObject">\REGISTRY\A\{ad4c80dc-7092-6657-6d14-c662253038ce}\Root\InventoryApplicationFile\scp.exe|180827f565af3e69\Publisher</Data>
    <Data Name="Details">(Empty)</Data>
    <Data Name="User">NT AUTHORITY\SYSTEM</Data>
  </EventData>
</Event>
<?xml version="1.0" encoding="utf-8"?>
<Event xmlns="http://schemas.microsoft.com/win/2004/08/events/event">
  <System>
    <Provider Name="Microsoft-Windows-Sysmon" Guid="5770385F-C22A-43E0-BF4C-06F5698FFBD9">
    </Provider>
    <EventID>13</EventID>
    <Version>2</Version>
    <Level>4</Level>
    <Task>13</Task>
    <Opcode>0</Opcode>
    <Keywords>0x8000000000000000</Keywords>
    <TimeCreated SystemTime="2023-02-10T07:56:47.334375Z">
    </TimeCreated>
    <EventRecordID>827</EventRecordID>
    <Correlation>
    </Correlation>
    <Execution ProcessID="2964" ThreadID="4368">
    </Execution>
    <Channel>Microsoft-Windows-Sysmon/Operational</Channel>
    <Computer>WIN-4CKB6CSHOSJ</Computer>
    <Security UserID="S-1-5-18">
    </Security>
  </System>
  <EventData>
    <Data Name="RuleName">InvDB-CompileTimeClaim</Data>
    <Data Name="EventType">SetValue</Data>
    <Data Name="UtcTime">2023-02-10 07:56:47.325</Data>
    <Data Name="ProcessGuid">FF8B6A41-D5C0-63E5-3F00-000000000200</Data>
    <Data Name="ProcessId">3020</Data>
    <Data Name="Image">C:\Windows\System32\svchost.exe</Data>
    <Data Name="TargetObject">\REGISTRY\A\{ad4c80dc-7092-6657-6d14-c662253038ce}\Root\InventoryApplicationFile\scp.exe|180827f565af3e69\LinkDate</Data>
    <Data Name="Details">08/15/2018 20:48:51</Data>
    <Data Name="User">NT AUTHORITY\SYSTEM</Data>
  </EventData>
</Event>
<?xml version="1.0" encoding="utf-8"?>
<Event xmlns="http://schemas.microsoft.com/win/2004/08/events/event">
  <System>
    <Provider Name="Microsoft-Windows-Sysmon" Guid="5770385F-C22A-43E0-BF4C-06F5698FFBD9">
    </Provider>
    <EventID>13</EventID>
    <Version>2</Version>
    <Level>4</Level>
    <Task>13</Task>
    <Opcode>0</Opcode>
    <Keywords>0x8000000000000000</Keywords>
    <TimeCreated SystemTime="2023-02-10T07:56:47.334567Z">
    </TimeCreated>
    <EventRecordID>828</EventRecordID>
    <Correlation>
    </Correlation>
    <Execution ProcessID="2964" ThreadID="4368">
    </Execution>
    <Channel>Microsoft-Windows-Sysmon/Operational</Channel>
    <Computer>WIN-4CKB6CSHOSJ</Computer>
    <Security UserID="S-1-5-18">
    </Security>
  </System>
  <EventData>
    <Data Name="RuleName">InvDB-Ver</Data>
    <Data Name="EventType">SetValue</Data>
    <Data Name="UtcTime">2023-02-10 07:56:47.325</Data>
    <Data Name="ProcessGuid">FF8B6A41-D5C0-63E5-3F00-000000000200</Data>
    <Data Name="ProcessId">3020</Data>
    <Data Name="Image">C:\Windows\System32\svchost.exe</Data>
    <Data Name="TargetObject">\REGISTRY\A\{ad4c80dc-7092-6657-6d14-c662253038ce}\Root\InventoryApplicationFile\scp.exe|180827f565af3e69\BinProductVersion</Data>
    <Data Name="Details">7.7.2.1</Data>
    <Data Name="User">NT AUTHORITY\SYSTEM</Data>
  </EventData>
</Event>
<?xml version="1.0" encoding="utf-8"?>
<Event xmlns="http://schemas.microsoft.com/win/2004/08/events/event">
  <System>
    <Provider Name="Microsoft-Windows-Sysmon" Guid="5770385F-C22A-43E0-BF4C-06F5698FFBD9">
    </Provider>
    <EventID>3</EventID>
    <Version>5</Version>
    <Level>4</Level>
    <Task>3</Task>
    <Opcode>0</Opcode>
    <Keywords>0x8000000000000000</Keywords>
    <TimeCreated SystemTime="2023-02-10T07:56:48.819511Z">
    </TimeCreated>
    <EventRecordID>829</EventRecordID>
    <Correlation>
    </Correlation>
    <Execution ProcessID="2964" ThreadID="4384">
    </Execution>
    <Channel>Microsoft-Windows-Sysmon/Operational</Channel>
    <Computer>WIN-4CKB6CSHOSJ</Computer>
    <Security UserID="S-1-5-18">
    </Security>
  </System>
  <EventData>
    <Data Name="RuleName">SSH</Data>
    <Data Name="UtcTime">2023-02-10 06:22:21.821</Data>
    <Data Name="ProcessGuid">FF8B6A41-D5C0-63E5-3A00-000000000200</Data>
    <Data Name="ProcessId">2980</Data>
    <Data Name="Image">C:\Windows\System32\OpenSSH\sshd.exe</Data>
    <Data Name="User">NT AUTHORITY\SYSTEM</Data>
    <Data Name="Protocol">tcp</Data>
    <Data Name="Initiated">false</Data>
    <Data Name="SourceIsIpv6">false</Data>
    <Data Name="SourceIp">192.168.224.130</Data>
    <Data Name="SourceHostname">-</Data>
    <Data Name="SourcePort">54540</Data>
    <Data Name="SourcePortName">-</Data>
    <Data Name="DestinationIsIpv6">false</Data>
    <Data Name="DestinationIp">192.168.224.137</Data>
    <Data Name="DestinationHostname">WIN-4CKB6CSHOSJ.localdomain</Data>
    <Data Name="DestinationPort">22</Data>
    <Data Name="DestinationPortName">ssh</Data>
  </EventData>
</Event>
<?xml version="1.0" encoding="utf-8"?>
<Event xmlns="http://schemas.microsoft.com/win/2004/08/events/event">
  <System>
    <Provider Name="Microsoft-Windows-Sysmon" Guid="5770385F-C22A-43E0-BF4C-06F5698FFBD9">
    </Provider>
    <EventID>1</EventID>
    <Version>5</Version>
    <Level>4</Level>
    <Task>1</Task>
    <Opcode>0</Opcode>
    <Keywords>0x8000000000000000</Keywords>
    <TimeCreated SystemTime="2023-02-10T07:58:45.117885Z">
    </TimeCreated>
    <EventRecordID>830</EventRecordID>
    <Correlation>
    </Correlation>
    <Execution ProcessID="2964" ThreadID="4368">
    </Execution>
    <Channel>Microsoft-Windows-Sysmon/Operational</Channel>
    <Computer>WIN-4CKB6CSHOSJ</Computer>
    <Security UserID="S-1-5-18">
    </Security>
  </System>
  <EventData>
    <Data Name="RuleName">-</Data>
    <Data Name="UtcTime">2023-02-10 07:58:45.115</Data>
    <Data Name="ProcessGuid">FF8B6A41-F935-63E5-F501-000000000200</Data>
    <Data Name="ProcessId">2176</Data>
    <Data Name="Image">C:\Windows\System32\taskhostw.exe</Data>
    <Data Name="FileVersion">10.0.17763.1852 (WinBuild.160101.0800)</Data>
    <Data Name="Description">Host Process for Windows Tasks</Data>
    <Data Name="Product">Microsoft® Windows® Operating System</Data>
    <Data Name="Company">Microsoft Corporation</Data>
    <Data Name="OriginalFileName">taskhostw.exe</Data>
    <Data Name="CommandLine">taskhostw.exe Install $(Arg0)</Data>
    <Data Name="CurrentDirectory">C:\Windows\system32\</Data>
    <Data Name="User">WIN-4CKB6CSHOSJ\keith</Data>
    <Data Name="LogonGuid">FF8B6A41-F5AF-63E5-A14C-390000000000</Data>
    <Data Name="LogonId">0x394ca1</Data>
    <Data Name="TerminalSessionId">3</Data>
    <Data Name="IntegrityLevel">Medium</Data>
    <Data Name="Hashes">MD5=8BD7B08DA6BCA54DF9B595E4D9281BEB,SHA256=DE85F29A8BC7219F10A4AC88654C3901ABC329D7505B21CD95CBF780D1EBCCF4,IMPHASH=9839C7FD9649496B162F72128209528A</Data>
    <Data Name="ParentProcessGuid">FF8B6A41-D5C0-63E5-2400-000000000200</Data>
    <Data Name="ParentProcessId">1612</Data>
    <Data Name="ParentImage">C:\Windows\System32\svchost.exe</Data>
    <Data Name="ParentCommandLine">C:\Windows\system32\svchost.exe -k netsvcs -p -s Schedule</Data>
    <Data Name="ParentUser">NT AUTHORITY\SYSTEM</Data>
  </EventData>
</Event>
<?xml version="1.0" encoding="utf-8"?>
<Event xmlns="http://schemas.microsoft.com/win/2004/08/events/event">
  <System>
    <Provider Name="Microsoft-Windows-Sysmon" Guid="5770385F-C22A-43E0-BF4C-06F5698FFBD9">
    </Provider>
    <EventID>1</EventID>
    <Version>5</Version>
    <Level>4</Level>
    <Task>1</Task>
    <Opcode>0</Opcode>
    <Keywords>0x8000000000000000</Keywords>
    <TimeCreated SystemTime="2023-02-10T07:58:45.163551Z">
    </TimeCreated>
    <EventRecordID>831</EventRecordID>
    <Correlation>
    </Correlation>
    <Execution ProcessID="2964" ThreadID="4368">
    </Execution>
    <Channel>Microsoft-Windows-Sysmon/Operational</Channel>
    <Computer>WIN-4CKB6CSHOSJ</Computer>
    <Security UserID="S-1-5-18">
    </Security>
  </System>
  <EventData>
    <Data Name="RuleName">-</Data>
    <Data Name="UtcTime">2023-02-10 07:58:45.161</Data>
    <Data Name="ProcessGuid">FF8B6A41-F935-63E5-F601-000000000200</Data>
    <Data Name="ProcessId">848</Data>
    <Data Name="Image">C:\Windows\servicing\TrustedInstaller.exe</Data>
    <Data Name="FileVersion">10.0.17763.1098 (WinBuild.160101.0800)</Data>
    <Data Name="Description">Windows Modules Installer</Data>
    <Data Name="Product">Microsoft® Windows® Operating System</Data>
    <Data Name="Company">Microsoft Corporation</Data>
    <Data Name="OriginalFileName">TrustedInstaller.exe</Data>
    <Data Name="CommandLine">C:\Windows\servicing\TrustedInstaller.exe</Data>
    <Data Name="CurrentDirectory">C:\Windows\system32\</Data>
    <Data Name="User">NT AUTHORITY\SYSTEM</Data>
    <Data Name="LogonGuid">FF8B6A41-D5BF-63E5-E703-000000000000</Data>
    <Data Name="LogonId">0x3e7</Data>
    <Data Name="TerminalSessionId">0</Data>
    <Data Name="IntegrityLevel">System</Data>
    <Data Name="Hashes">MD5=83F09DC8EA0615A80E5204E07001C7FF,SHA256=E9EA26B1F8413C724A0E4CA0533171A60F4E2A1180A48DC1F117BF155BEE831A,IMPHASH=5A5A505BA4F93DA92EB564DA19258843</Data>
    <Data Name="ParentProcessGuid">FF8B6A41-D5BE-63E5-0B00-000000000200</Data>
    <Data Name="ParentProcessId">676</Data>
    <Data Name="ParentImage">C:\Windows\System32\services.exe</Data>
    <Data Name="ParentCommandLine">C:\Windows\system32\services.exe</Data>
    <Data Name="ParentUser">NT AUTHORITY\SYSTEM</Data>
  </EventData>
</Event>
<?xml version="1.0" encoding="utf-8"?>
<Event xmlns="http://schemas.microsoft.com/win/2004/08/events/event">
  <System>
    <Provider Name="Microsoft-Windows-Sysmon" Guid="5770385F-C22A-43E0-BF4C-06F5698FFBD9">
    </Provider>
    <EventID>1</EventID>
    <Version>5</Version>
    <Level>4</Level>
    <Task>1</Task>
    <Opcode>0</Opcode>
    <Keywords>0x8000000000000000</Keywords>
    <TimeCreated SystemTime="2023-02-10T07:58:45.202733Z">
    </TimeCreated>
    <EventRecordID>832</EventRecordID>
    <Correlation>
    </Correlation>
    <Execution ProcessID="2964" ThreadID="4368">
    </Execution>
    <Channel>Microsoft-Windows-Sysmon/Operational</Channel>
    <Computer>WIN-4CKB6CSHOSJ</Computer>
    <Security UserID="S-1-5-18">
    </Security>
  </System>
  <EventData>
    <Data Name="RuleName">-</Data>
    <Data Name="UtcTime">2023-02-10 07:58:45.200</Data>
    <Data Name="ProcessGuid">FF8B6A41-F935-63E5-F701-000000000200</Data>
    <Data Name="ProcessId">2028</Data>
    <Data Name="Image">C:\Windows\WinSxS\amd64_microsoft-windows-servicingstack_31bf3856ad364e35_10.0.17763.3641_none_56cfe33d992f2729\TiWorker.exe</Data>
    <Data Name="FileVersion">10.0.17763.3641 (WinBuild.160101.0800)</Data>
    <Data Name="Description">Windows Modules Installer Worker</Data>
    <Data Name="Product">Microsoft® Windows® Operating System</Data>
    <Data Name="Company">Microsoft Corporation</Data>
    <Data Name="OriginalFileName">TiWorker.exe</Data>
    <Data Name="CommandLine">C:\Windows\winsxs\amd64_microsoft-windows-servicingstack_31bf3856ad364e35_10.0.17763.3641_none_56cfe33d992f2729\TiWorker.exe -Embedding</Data>
    <Data Name="CurrentDirectory">C:\Windows\system32\</Data>
    <Data Name="User">NT AUTHORITY\SYSTEM</Data>
    <Data Name="LogonGuid">FF8B6A41-D5BF-63E5-E703-000000000000</Data>
    <Data Name="LogonId">0x3e7</Data>
    <Data Name="TerminalSessionId">0</Data>
    <Data Name="IntegrityLevel">System</Data>
    <Data Name="Hashes">MD5=AEE5959D29902A39ABFFCED04CCC4A6C,SHA256=2463C5CBF0B117514F38DC3AB93DFC4C2A30EF957017E7FF97D0917CABA36AB9,IMPHASH=DFA5AA6C71EAA48650B69852FC48ECDC</Data>
    <Data Name="ParentProcessGuid">00000000-0000-0000-0000-000000000000</Data>
    <Data Name="ParentProcessId">840</Data>
    <Data Name="ParentImage">-</Data>
    <Data Name="ParentCommandLine">-</Data>
    <Data Name="ParentUser">-</Data>
  </EventData>
</Event>
<?xml version="1.0" encoding="utf-8"?>
<Event xmlns="http://schemas.microsoft.com/win/2004/08/events/event">
  <System>
    <Provider Name="Microsoft-Windows-Sysmon" Guid="5770385F-C22A-43E0-BF4C-06F5698FFBD9">
    </Provider>
    <EventID>1</EventID>
    <Version>5</Version>
    <Level>4</Level>
    <Task>1</Task>
    <Opcode>0</Opcode>
    <Keywords>0x8000000000000000</Keywords>
    <TimeCreated SystemTime="2023-02-10T07:59:07.505453Z">
    </TimeCreated>
    <EventRecordID>833</EventRecordID>
    <Correlation>
    </Correlation>
    <Execution ProcessID="2964" ThreadID="4368">
    </Execution>
    <Channel>Microsoft-Windows-Sysmon/Operational</Channel>
    <Computer>WIN-4CKB6CSHOSJ</Computer>
    <Security UserID="S-1-5-18">
    </Security>
  </System>
  <EventData>
    <Data Name="RuleName">-</Data>
    <Data Name="UtcTime">2023-02-10 07:59:07.503</Data>
    <Data Name="ProcessGuid">FF8B6A41-F94B-63E5-F801-000000000200</Data>
    <Data Name="ProcessId">6220</Data>
    <Data Name="Image">C:\Windows\System32\OpenSSH\sshd.exe</Data>
    <Data Name="FileVersion">7.7.2.1</Data>
    <Data Name="Description">-</Data>
    <Data Name="Product">OpenSSH for Windows</Data>
    <Data Name="Company">-</Data>
    <Data Name="OriginalFileName">-</Data>
    <Data Name="CommandLine">&quot;C:\Windows\System32\OpenSSH\sshd.exe&quot; &quot;-R&quot;</Data>
    <Data Name="CurrentDirectory">C:\</Data>
    <Data Name="User">NT AUTHORITY\SYSTEM</Data>
    <Data Name="LogonGuid">FF8B6A41-D5BF-63E5-E703-000000000000</Data>
    <Data Name="LogonId">0x3e7</Data>
    <Data Name="TerminalSessionId">0</Data>
    <Data Name="IntegrityLevel">System</Data>
    <Data Name="Hashes">MD5=19A0B629736428651345DB7AEBB99059,SHA256=C1C3B80959E225B8A8ADA7C8B1C4BFF6587887294318EB376A54B02B06F97BA8,IMPHASH=27DE371E1DAE125BC04CC09552C72D87</Data>
    <Data Name="ParentProcessGuid">FF8B6A41-D5C0-63E5-3A00-000000000200</Data>
    <Data Name="ParentProcessId">2980</Data>
    <Data Name="ParentImage">C:\Windows\System32\OpenSSH\sshd.exe</Data>
    <Data Name="ParentCommandLine">C:\Windows\System32\OpenSSH\sshd.exe</Data>
    <Data Name="ParentUser">NT AUTHORITY\SYSTEM</Data>
  </EventData>
</Event>
<?xml version="1.0" encoding="utf-8"?>
<Event xmlns="http://schemas.microsoft.com/win/2004/08/events/event">
  <System>
    <Provider Name="Microsoft-Windows-Sysmon" Guid="5770385F-C22A-43E0-BF4C-06F5698FFBD9">
    </Provider>
    <EventID>1</EventID>
    <Version>5</Version>
    <Level>4</Level>
    <Task>1</Task>
    <Opcode>0</Opcode>
    <Keywords>0x8000000000000000</Keywords>
    <TimeCreated SystemTime="2023-02-10T07:59:07.621604Z">
    </TimeCreated>
    <EventRecordID>834</EventRecordID>
    <Correlation>
    </Correlation>
    <Execution ProcessID="2964" ThreadID="4368">
    </Execution>
    <Channel>Microsoft-Windows-Sysmon/Operational</Channel>
    <Computer>WIN-4CKB6CSHOSJ</Computer>
    <Security UserID="S-1-5-18">
    </Security>
  </System>
  <EventData>
    <Data Name="RuleName">-</Data>
    <Data Name="UtcTime">2023-02-10 07:59:07.618</Data>
    <Data Name="ProcessGuid">FF8B6A41-F94B-63E5-FA01-000000000200</Data>
    <Data Name="ProcessId">948</Data>
    <Data Name="Image">C:\Windows\System32\OpenSSH\sshd.exe</Data>
    <Data Name="FileVersion">7.7.2.1</Data>
    <Data Name="Description">-</Data>
    <Data Name="Product">OpenSSH for Windows</Data>
    <Data Name="Company">-</Data>
    <Data Name="OriginalFileName">-</Data>
    <Data Name="CommandLine">&quot;C:\Windows\System32\OpenSSH\sshd.exe&quot; &quot;-y&quot;</Data>
    <Data Name="CurrentDirectory">C:\</Data>
    <Data Name="User">VIRTUAL USERS\sshd_6220</Data>
    <Data Name="LogonGuid">FF8B6A41-F94B-63E5-AB00-3E0000000000</Data>
    <Data Name="LogonId">0x3e00ab</Data>
    <Data Name="TerminalSessionId">0</Data>
    <Data Name="IntegrityLevel">High</Data>
    <Data Name="Hashes">MD5=19A0B629736428651345DB7AEBB99059,SHA256=C1C3B80959E225B8A8ADA7C8B1C4BFF6587887294318EB376A54B02B06F97BA8,IMPHASH=27DE371E1DAE125BC04CC09552C72D87</Data>
    <Data Name="ParentProcessGuid">FF8B6A41-F94B-63E5-F801-000000000200</Data>
    <Data Name="ParentProcessId">6220</Data>
    <Data Name="ParentImage">C:\Windows\System32\OpenSSH\sshd.exe</Data>
    <Data Name="ParentCommandLine">&quot;C:\Windows\System32\OpenSSH\sshd.exe&quot; &quot;-R&quot;</Data>
    <Data Name="ParentUser">NT AUTHORITY\SYSTEM</Data>
  </EventData>
</Event>
<?xml version="1.0" encoding="utf-8"?>
<Event xmlns="http://schemas.microsoft.com/win/2004/08/events/event">
  <System>
    <Provider Name="Microsoft-Windows-Sysmon" Guid="5770385F-C22A-43E0-BF4C-06F5698FFBD9">
    </Provider>
    <EventID>1</EventID>
    <Version>5</Version>
    <Level>4</Level>
    <Task>1</Task>
    <Opcode>0</Opcode>
    <Keywords>0x8000000000000000</Keywords>
    <TimeCreated SystemTime="2023-02-10T07:59:07.764879Z">
    </TimeCreated>
    <EventRecordID>835</EventRecordID>
    <Correlation>
    </Correlation>
    <Execution ProcessID="2964" ThreadID="4368">
    </Execution>
    <Channel>Microsoft-Windows-Sysmon/Operational</Channel>
    <Computer>WIN-4CKB6CSHOSJ</Computer>
    <Security UserID="S-1-5-18">
    </Security>
  </System>
  <EventData>
    <Data Name="RuleName">-</Data>
    <Data Name="UtcTime">2023-02-10 07:59:07.762</Data>
    <Data Name="ProcessGuid">FF8B6A41-F94B-63E5-FC01-000000000200</Data>
    <Data Name="ProcessId">3924</Data>
    <Data Name="Image">C:\Windows\System32\OpenSSH\sshd.exe</Data>
    <Data Name="FileVersion">7.7.2.1</Data>
    <Data Name="Description">-</Data>
    <Data Name="Product">OpenSSH for Windows</Data>
    <Data Name="Company">-</Data>
    <Data Name="OriginalFileName">-</Data>
    <Data Name="CommandLine">&quot;C:\Windows\System32\OpenSSH\sshd.exe&quot; &quot;-z&quot;</Data>
    <Data Name="CurrentDirectory">C:\</Data>
    <Data Name="User">WIN-4CKB6CSHOSJ\gerald</Data>
    <Data Name="LogonGuid">FF8B6A41-F94B-63E5-1D03-3E0000000000</Data>
    <Data Name="LogonId">0x3e031d</Data>
    <Data Name="TerminalSessionId">0</Data>
    <Data Name="IntegrityLevel">Medium</Data>
    <Data Name="Hashes">MD5=19A0B629736428651345DB7AEBB99059,SHA256=C1C3B80959E225B8A8ADA7C8B1C4BFF6587887294318EB376A54B02B06F97BA8,IMPHASH=27DE371E1DAE125BC04CC09552C72D87</Data>
    <Data Name="ParentProcessGuid">FF8B6A41-F94B-63E5-F801-000000000200</Data>
    <Data Name="ParentProcessId">6220</Data>
    <Data Name="ParentImage">C:\Windows\System32\OpenSSH\sshd.exe</Data>
    <Data Name="ParentCommandLine">&quot;C:\Windows\System32\OpenSSH\sshd.exe&quot; &quot;-R&quot;</Data>
    <Data Name="ParentUser">NT AUTHORITY\SYSTEM</Data>
  </EventData>
</Event>
<?xml version="1.0" encoding="utf-8"?>
<Event xmlns="http://schemas.microsoft.com/win/2004/08/events/event">
  <System>
    <Provider Name="Microsoft-Windows-Sysmon" Guid="5770385F-C22A-43E0-BF4C-06F5698FFBD9">
    </Provider>
    <EventID>1</EventID>
    <Version>5</Version>
    <Level>4</Level>
    <Task>1</Task>
    <Opcode>0</Opcode>
    <Keywords>0x8000000000000000</Keywords>
    <TimeCreated SystemTime="2023-02-10T07:59:07.852438Z">
    </TimeCreated>
    <EventRecordID>836</EventRecordID>
    <Correlation>
    </Correlation>
    <Execution ProcessID="2964" ThreadID="4368">
    </Execution>
    <Channel>Microsoft-Windows-Sysmon/Operational</Channel>
    <Computer>WIN-4CKB6CSHOSJ</Computer>
    <Security UserID="S-1-5-18">
    </Security>
  </System>
  <EventData>
    <Data Name="RuleName">-</Data>
    <Data Name="UtcTime">2023-02-10 07:59:07.849</Data>
    <Data Name="ProcessGuid">FF8B6A41-F94B-63E5-FD01-000000000200</Data>
    <Data Name="ProcessId">692</Data>
    <Data Name="Image">C:\Windows\System32\cmd.exe</Data>
    <Data Name="FileVersion">10.0.17763.1697 (WinBuild.160101.0800)</Data>
    <Data Name="Description">Windows Command Processor</Data>
    <Data Name="Product">Microsoft® Windows® Operating System</Data>
    <Data Name="Company">Microsoft Corporation</Data>
    <Data Name="OriginalFileName">Cmd.Exe</Data>
    <Data Name="CommandLine">&quot;c:\windows\system32\cmd.exe&quot; /c &quot;&quot;C:\Windows\System32\OpenSSH\scp.exe&quot; -r -t AppData/Local/Temp&quot;</Data>
    <Data Name="CurrentDirectory">C:\Users\gerald\</Data>
    <Data Name="User">WIN-4CKB6CSHOSJ\gerald</Data>
    <Data Name="LogonGuid">FF8B6A41-F94B-63E5-1D03-3E0000000000</Data>
    <Data Name="LogonId">0x3e031d</Data>
    <Data Name="TerminalSessionId">0</Data>
    <Data Name="IntegrityLevel">Medium</Data>
    <Data Name="Hashes">MD5=911D039E71583A07320B32BDE22F8E22,SHA256=BC866CFCDDA37E24DC2634DC282C7A0E6F55209DA17A8FA105B07414C0E7C527,IMPHASH=272245E2988E1E430500B852C4FB5E18</Data>
    <Data Name="ParentProcessGuid">FF8B6A41-F94B-63E5-FC01-000000000200</Data>
    <Data Name="ParentProcessId">3924</Data>
    <Data Name="ParentImage">C:\Windows\System32\OpenSSH\sshd.exe</Data>
    <Data Name="ParentCommandLine">&quot;C:\Windows\System32\OpenSSH\sshd.exe&quot; &quot;-z&quot;</Data>
    <Data Name="ParentUser">WIN-4CKB6CSHOSJ\gerald</Data>
  </EventData>
</Event>
<?xml version="1.0" encoding="utf-8"?>
<Event xmlns="http://schemas.microsoft.com/win/2004/08/events/event">
  <System>
    <Provider Name="Microsoft-Windows-Sysmon" Guid="5770385F-C22A-43E0-BF4C-06F5698FFBD9">
    </Provider>
    <EventID>1</EventID>
    <Version>5</Version>
    <Level>4</Level>
    <Task>1</Task>
    <Opcode>0</Opcode>
    <Keywords>0x8000000000000000</Keywords>
    <TimeCreated SystemTime="2023-02-10T07:59:07.895786Z">
    </TimeCreated>
    <EventRecordID>837</EventRecordID>
    <Correlation>
    </Correlation>
    <Execution ProcessID="2964" ThreadID="4368">
    </Execution>
    <Channel>Microsoft-Windows-Sysmon/Operational</Channel>
    <Computer>WIN-4CKB6CSHOSJ</Computer>
    <Security UserID="S-1-5-18">
    </Security>
  </System>
  <EventData>
    <Data Name="RuleName">-</Data>
    <Data Name="UtcTime">2023-02-10 07:59:07.893</Data>
    <Data Name="ProcessGuid">FF8B6A41-F94B-63E5-FE01-000000000200</Data>
    <Data Name="ProcessId">3684</Data>
    <Data Name="Image">C:\Windows\System32\OpenSSH\scp.exe</Data>
    <Data Name="FileVersion">7.7.2.1</Data>
    <Data Name="Description">-</Data>
    <Data Name="Product">OpenSSH for Windows</Data>
    <Data Name="Company">-</Data>
    <Data Name="OriginalFileName">-</Data>
    <Data Name="CommandLine">&quot;C:\Windows\System32\OpenSSH\scp.exe&quot;  -r -t AppData/Local/Temp</Data>
    <Data Name="CurrentDirectory">C:\Users\gerald\</Data>
    <Data Name="User">WIN-4CKB6CSHOSJ\gerald</Data>
    <Data Name="LogonGuid">FF8B6A41-F94B-63E5-1D03-3E0000000000</Data>
    <Data Name="LogonId">0x3e031d</Data>
    <Data Name="TerminalSessionId">0</Data>
    <Data Name="IntegrityLevel">Medium</Data>
    <Data Name="Hashes">MD5=2B26FED866AE32256A13E518EBD99A5E,SHA256=8860E4273F59CAA71FA585697E291270F94CEE83439E5C94726D918D7C72F362,IMPHASH=85D8C9B4FBF728E5F40C3F477EEE0C79</Data>
    <Data Name="ParentProcessGuid">FF8B6A41-F94B-63E5-FD01-000000000200</Data>
    <Data Name="ParentProcessId">692</Data>
    <Data Name="ParentImage">C:\Windows\System32\cmd.exe</Data>
    <Data Name="ParentCommandLine">&quot;c:\windows\system32\cmd.exe&quot; /c &quot;&quot;C:\Windows\System32\OpenSSH\scp.exe&quot; -r -t AppData/Local/Temp&quot;</Data>
    <Data Name="ParentUser">WIN-4CKB6CSHOSJ\gerald</Data>
  </EventData>
</Event>
<?xml version="1.0" encoding="utf-8"?>
<Event xmlns="http://schemas.microsoft.com/win/2004/08/events/event">
  <System>
    <Provider Name="Microsoft-Windows-Sysmon" Guid="5770385F-C22A-43E0-BF4C-06F5698FFBD9">
    </Provider>
    <EventID>11</EventID>
    <Version>2</Version>
    <Level>4</Level>
    <Task>11</Task>
    <Opcode>0</Opcode>
    <Keywords>0x8000000000000000</Keywords>
    <TimeCreated SystemTime="2023-02-10T07:59:07.939069Z">
    </TimeCreated>
    <EventRecordID>838</EventRecordID>
    <Correlation>
    </Correlation>
    <Execution ProcessID="2964" ThreadID="4368">
    </Execution>
    <Channel>Microsoft-Windows-Sysmon/Operational</Channel>
    <Computer>WIN-4CKB6CSHOSJ</Computer>
    <Security UserID="S-1-5-18">
    </Security>
  </System>
  <EventData>
    <Data Name="RuleName">-</Data>
    <Data Name="UtcTime">2023-02-10 07:59:07.928</Data>
    <Data Name="ProcessGuid">FF8B6A41-F94B-63E5-FE01-000000000200</Data>
    <Data Name="ProcessId">3684</Data>
    <Data Name="Image">C:\Windows\System32\OpenSSH\scp.exe</Data>
    <Data Name="TargetFilename">C:\Users\gerald\AppData\Local\Temp\Privesc\Get-System.ps1</Data>
    <Data Name="CreationUtcTime">2023-02-10 07:59:07.928</Data>
    <Data Name="User">WIN-4CKB6CSHOSJ\gerald</Data>
  </EventData>
</Event>
<?xml version="1.0" encoding="utf-8"?>
<Event xmlns="http://schemas.microsoft.com/win/2004/08/events/event">
  <System>
    <Provider Name="Microsoft-Windows-Sysmon" Guid="5770385F-C22A-43E0-BF4C-06F5698FFBD9">
    </Provider>
    <EventID>11</EventID>
    <Version>2</Version>
    <Level>4</Level>
    <Task>11</Task>
    <Opcode>0</Opcode>
    <Keywords>0x8000000000000000</Keywords>
    <TimeCreated SystemTime="2023-02-10T07:59:07.963508Z">
    </TimeCreated>
    <EventRecordID>839</EventRecordID>
    <Correlation>
    </Correlation>
    <Execution ProcessID="2964" ThreadID="4368">
    </Execution>
    <Channel>Microsoft-Windows-Sysmon/Operational</Channel>
    <Computer>WIN-4CKB6CSHOSJ</Computer>
    <Security UserID="S-1-5-18">
    </Security>
  </System>
  <EventData>
    <Data Name="RuleName">-</Data>
    <Data Name="UtcTime">2023-02-10 07:59:07.960</Data>
    <Data Name="ProcessGuid">FF8B6A41-F94B-63E5-FE01-000000000200</Data>
    <Data Name="ProcessId">3684</Data>
    <Data Name="Image">C:\Windows\System32\OpenSSH\scp.exe</Data>
    <Data Name="TargetFilename">C:\Users\gerald\AppData\Local\Temp\Privesc\PowerUp.ps1</Data>
    <Data Name="CreationUtcTime">2023-02-10 07:59:07.960</Data>
    <Data Name="User">WIN-4CKB6CSHOSJ\gerald</Data>
  </EventData>
</Event>
<?xml version="1.0" encoding="utf-8"?>
<Event xmlns="http://schemas.microsoft.com/win/2004/08/events/event">
  <System>
    <Provider Name="Microsoft-Windows-Sysmon" Guid="5770385F-C22A-43E0-BF4C-06F5698FFBD9">
    </Provider>
    <EventID>3</EventID>
    <Version>5</Version>
    <Level>4</Level>
    <Task>3</Task>
    <Opcode>0</Opcode>
    <Keywords>0x8000000000000000</Keywords>
    <TimeCreated SystemTime="2023-02-10T07:59:09.649682Z">
    </TimeCreated>
    <EventRecordID>840</EventRecordID>
    <Correlation>
    </Correlation>
    <Execution ProcessID="2964" ThreadID="4384">
    </Execution>
    <Channel>Microsoft-Windows-Sysmon/Operational</Channel>
    <Computer>WIN-4CKB6CSHOSJ</Computer>
    <Security UserID="S-1-5-18">
    </Security>
  </System>
  <EventData>
    <Data Name="RuleName">SSH</Data>
    <Data Name="UtcTime">2023-02-10 06:24:42.991</Data>
    <Data Name="ProcessGuid">FF8B6A41-D5C0-63E5-3A00-000000000200</Data>
    <Data Name="ProcessId">2980</Data>
    <Data Name="Image">C:\Windows\System32\OpenSSH\sshd.exe</Data>
    <Data Name="User">NT AUTHORITY\SYSTEM</Data>
    <Data Name="Protocol">tcp</Data>
    <Data Name="Initiated">false</Data>
    <Data Name="SourceIsIpv6">false</Data>
    <Data Name="SourceIp">192.168.224.130</Data>
    <Data Name="SourceHostname">-</Data>
    <Data Name="SourcePort">54542</Data>
    <Data Name="SourcePortName">-</Data>
    <Data Name="DestinationIsIpv6">false</Data>
    <Data Name="DestinationIp">192.168.224.137</Data>
    <Data Name="DestinationHostname">WIN-4CKB6CSHOSJ.localdomain</Data>
    <Data Name="DestinationPort">22</Data>
    <Data Name="DestinationPortName">ssh</Data>
  </EventData>
</Event>
<?xml version="1.0" encoding="utf-8"?>
<Event xmlns="http://schemas.microsoft.com/win/2004/08/events/event">
  <System>
    <Provider Name="Microsoft-Windows-Sysmon" Guid="5770385F-C22A-43E0-BF4C-06F5698FFBD9">
    </Provider>
    <EventID>1</EventID>
    <Version>5</Version>
    <Level>4</Level>
    <Task>1</Task>
    <Opcode>0</Opcode>
    <Keywords>0x8000000000000000</Keywords>
    <TimeCreated SystemTime="2023-02-10T07:59:47.905061Z">
    </TimeCreated>
    <EventRecordID>841</EventRecordID>
    <Correlation>
    </Correlation>
    <Execution ProcessID="2964" ThreadID="4368">
    </Execution>
    <Channel>Microsoft-Windows-Sysmon/Operational</Channel>
    <Computer>WIN-4CKB6CSHOSJ</Computer>
    <Security UserID="S-1-5-18">
    </Security>
  </System>
  <EventData>
    <Data Name="RuleName">-</Data>
    <Data Name="UtcTime">2023-02-10 07:59:47.903</Data>
    <Data Name="ProcessGuid">FF8B6A41-F973-63E5-FF01-000000000200</Data>
    <Data Name="ProcessId">4132</Data>
    <Data Name="Image">C:\Windows\System32\WindowsPowerShell\v1.0\powershell.exe</Data>
    <Data Name="FileVersion">10.0.17763.1 (WinBuild.160101.0800)</Data>
    <Data Name="Description">Windows PowerShell</Data>
    <Data Name="Product">Microsoft® Windows® Operating System</Data>
    <Data Name="Company">Microsoft Corporation</Data>
    <Data Name="OriginalFileName">PowerShell.EXE</Data>
    <Data Name="CommandLine">powershell</Data>
    <Data Name="CurrentDirectory">C:\Users\gerald\AppData\</Data>
    <Data Name="User">WIN-4CKB6CSHOSJ\gerald</Data>
    <Data Name="LogonGuid">FF8B6A41-F841-63E5-9698-3D0000000000</Data>
    <Data Name="LogonId">0x3d9896</Data>
    <Data Name="TerminalSessionId">0</Data>
    <Data Name="IntegrityLevel">Medium</Data>
    <Data Name="Hashes">MD5=7353F60B1739074EB17C5F4DDDEFE239,SHA256=DE96A6E69944335375DC1AC238336066889D9FFC7D73628EF4FE1B1B160AB32C,IMPHASH=741776AACCFC5B71FF59832DCDCACE0F</Data>
    <Data Name="ParentProcessGuid">FF8B6A41-F841-63E5-EA01-000000000200</Data>
    <Data Name="ParentProcessId">3516</Data>
    <Data Name="ParentImage">C:\Windows\System32\cmd.exe</Data>
    <Data Name="ParentCommandLine">c:\windows\system32\cmd.exe</Data>
    <Data Name="ParentUser">WIN-4CKB6CSHOSJ\gerald</Data>
  </EventData>
</Event>
<?xml version="1.0" encoding="utf-8"?>
<Event xmlns="http://schemas.microsoft.com/win/2004/08/events/event">
  <System>
    <Provider Name="Microsoft-Windows-Sysmon" Guid="5770385F-C22A-43E0-BF4C-06F5698FFBD9">
    </Provider>
    <EventID>11</EventID>
    <Version>2</Version>
    <Level>4</Level>
    <Task>11</Task>
    <Opcode>0</Opcode>
    <Keywords>0x8000000000000000</Keywords>
    <TimeCreated SystemTime="2023-02-10T07:59:48.155916Z">
    </TimeCreated>
    <EventRecordID>842</EventRecordID>
    <Correlation>
    </Correlation>
    <Execution ProcessID="2964" ThreadID="4368">
    </Execution>
    <Channel>Microsoft-Windows-Sysmon/Operational</Channel>
    <Computer>WIN-4CKB6CSHOSJ</Computer>
    <Security UserID="S-1-5-18">
    </Security>
  </System>
  <EventData>
    <Data Name="RuleName">-</Data>
    <Data Name="UtcTime">2023-02-10 07:59:48.145</Data>
    <Data Name="ProcessGuid">FF8B6A41-F973-63E5-FF01-000000000200</Data>
    <Data Name="ProcessId">4132</Data>
    <Data Name="Image">C:\Windows\System32\WindowsPowerShell\v1.0\powershell.exe</Data>
    <Data Name="TargetFilename">C:\Users\gerald\AppData\Local\Temp\__PSScriptPolicyTest_3qvnmy03.xry.ps1</Data>
    <Data Name="CreationUtcTime">2023-02-10 07:59:48.145</Data>
    <Data Name="User">WIN-4CKB6CSHOSJ\gerald</Data>
  </EventData>
</Event>
<?xml version="1.0" encoding="utf-8"?>
<Event xmlns="http://schemas.microsoft.com/win/2004/08/events/event">
  <System>
    <Provider Name="Microsoft-Windows-Sysmon" Guid="5770385F-C22A-43E0-BF4C-06F5698FFBD9">
    </Provider>
    <EventID>3</EventID>
    <Version>5</Version>
    <Level>4</Level>
    <Task>3</Task>
    <Opcode>0</Opcode>
    <Keywords>0x8000000000000000</Keywords>
    <TimeCreated SystemTime="2023-02-10T08:02:00.417543Z">
    </TimeCreated>
    <EventRecordID>843</EventRecordID>
    <Correlation>
    </Correlation>
    <Execution ProcessID="2964" ThreadID="4384">
    </Execution>
    <Channel>Microsoft-Windows-Sysmon/Operational</Channel>
    <Computer>WIN-4CKB6CSHOSJ</Computer>
    <Security UserID="S-1-5-18">
    </Security>
  </System>
  <EventData>
    <Data Name="RuleName">RDP</Data>
    <Data Name="UtcTime">2023-02-10 06:27:33.458</Data>
    <Data Name="ProcessGuid">FF8B6A41-D5BF-63E5-1500-000000000200</Data>
    <Data Name="ProcessId">720</Data>
    <Data Name="Image">C:\Windows\System32\svchost.exe</Data>
    <Data Name="User">NT AUTHORITY\NETWORK SERVICE</Data>
    <Data Name="Protocol">tcp</Data>
    <Data Name="Initiated">false</Data>
    <Data Name="SourceIsIpv6">false</Data>
    <Data Name="SourceIp">192.168.224.130</Data>
    <Data Name="SourceHostname">-</Data>
    <Data Name="SourcePort">37418</Data>
    <Data Name="SourcePortName">-</Data>
    <Data Name="DestinationIsIpv6">false</Data>
    <Data Name="DestinationIp">192.168.224.137</Data>
    <Data Name="DestinationHostname">WIN-4CKB6CSHOSJ.localdomain</Data>
    <Data Name="DestinationPort">3389</Data>
    <Data Name="DestinationPortName">ms-wbt-server</Data>
  </EventData>
</Event>
<?xml version="1.0" encoding="utf-8"?>
<Event xmlns="http://schemas.microsoft.com/win/2004/08/events/event">
  <System>
    <Provider Name="Microsoft-Windows-Sysmon" Guid="5770385F-C22A-43E0-BF4C-06F5698FFBD9">
    </Provider>
    <EventID>1</EventID>
    <Version>5</Version>
    <Level>4</Level>
    <Task>1</Task>
    <Opcode>0</Opcode>
    <Keywords>0x8000000000000000</Keywords>
    <TimeCreated SystemTime="2023-02-10T08:02:03.637238Z">
    </TimeCreated>
    <EventRecordID>844</EventRecordID>
    <Correlation>
    </Correlation>
    <Execution ProcessID="2964" ThreadID="4368">
    </Execution>
    <Channel>Microsoft-Windows-Sysmon/Operational</Channel>
    <Computer>WIN-4CKB6CSHOSJ</Computer>
    <Security UserID="S-1-5-18">
    </Security>
  </System>
  <EventData>
    <Data Name="RuleName">-</Data>
    <Data Name="UtcTime">2023-02-10 08:02:03.635</Data>
    <Data Name="ProcessGuid">FF8B6A41-F9FB-63E5-0102-000000000200</Data>
    <Data Name="ProcessId">1572</Data>
    <Data Name="Image">C:\Windows\System32\smss.exe</Data>
    <Data Name="FileVersion">10.0.17763.1911 (WinBuild.160101.0800)</Data>
    <Data Name="Description">Windows Session Manager</Data>
    <Data Name="Product">Microsoft® Windows® Operating System</Data>
    <Data Name="Company">Microsoft Corporation</Data>
    <Data Name="OriginalFileName">smss.exe</Data>
    <Data Name="CommandLine">\SystemRoot\System32\smss.exe 0000011c 00000084 </Data>
    <Data Name="CurrentDirectory">C:\Windows\</Data>
    <Data Name="User">NT AUTHORITY\SYSTEM</Data>
    <Data Name="LogonGuid">FF8B6A41-D5BF-63E5-E703-000000000000</Data>
    <Data Name="LogonId">0x3e7</Data>
    <Data Name="TerminalSessionId">4</Data>
    <Data Name="IntegrityLevel">System</Data>
    <Data Name="Hashes">MD5=D509E4899A815B97E7E118D8BA56C2DB,SHA256=FAC9407ADDEE9DEB1D07CAE8F11E13CB5F4B99CFD87894A52747524C212E1C28,IMPHASH=DAECAD3A22D7A4FCCEA51C3FCE711183</Data>
    <Data Name="ParentProcessGuid">00000000-0000-0000-0000-000000000000</Data>
    <Data Name="ParentProcessId">340</Data>
    <Data Name="ParentImage">-</Data>
    <Data Name="ParentCommandLine">-</Data>
    <Data Name="ParentUser">-</Data>
  </EventData>
</Event>
<?xml version="1.0" encoding="utf-8"?>
<Event xmlns="http://schemas.microsoft.com/win/2004/08/events/event">
  <System>
    <Provider Name="Microsoft-Windows-Sysmon" Guid="5770385F-C22A-43E0-BF4C-06F5698FFBD9">
    </Provider>
    <EventID>1</EventID>
    <Version>5</Version>
    <Level>4</Level>
    <Task>1</Task>
    <Opcode>0</Opcode>
    <Keywords>0x8000000000000000</Keywords>
    <TimeCreated SystemTime="2023-02-10T08:02:03.655464Z">
    </TimeCreated>
    <EventRecordID>845</EventRecordID>
    <Correlation>
    </Correlation>
    <Execution ProcessID="2964" ThreadID="4368">
    </Execution>
    <Channel>Microsoft-Windows-Sysmon/Operational</Channel>
    <Computer>WIN-4CKB6CSHOSJ</Computer>
    <Security UserID="S-1-5-18">
    </Security>
  </System>
  <EventData>
    <Data Name="RuleName">-</Data>
    <Data Name="UtcTime">2023-02-10 08:02:03.653</Data>
    <Data Name="ProcessGuid">FF8B6A41-F9FB-63E5-0202-000000000200</Data>
    <Data Name="ProcessId">6892</Data>
    <Data Name="Image">C:\Windows\System32\csrss.exe</Data>
    <Data Name="FileVersion">10.0.17763.1 (WinBuild.160101.0800)</Data>
    <Data Name="Description">Client Server Runtime Process</Data>
    <Data Name="Product">Microsoft® Windows® Operating System</Data>
    <Data Name="Company">Microsoft Corporation</Data>
    <Data Name="OriginalFileName">CSRSS.Exe</Data>
    <Data Name="CommandLine">%%SystemRoot%%\system32\csrss.exe ObjectDirectory=\Windows SharedSection=1024,20480,768 Windows=On SubSystemType=Windows ServerDll=basesrv,1 ServerDll=winsrv:UserServerDllInitialization,3 ServerDll=sxssrv,4 ProfileControl=Off MaxRequestThreads=16</Data>
    <Data Name="CurrentDirectory">C:\Windows\system32\</Data>
    <Data Name="User">NT AUTHORITY\SYSTEM</Data>
    <Data Name="LogonGuid">FF8B6A41-D5BF-63E5-E703-000000000000</Data>
    <Data Name="LogonId">0x3e7</Data>
    <Data Name="TerminalSessionId">4</Data>
    <Data Name="IntegrityLevel">System</Data>
    <Data Name="Hashes">MD5=7D64128BC1EECE41196858897596EBC8,SHA256=FB40ED0FFA6BC795923A941DAB6B7D6B43583D0F152A6DF4D8953D2C1A0CB417,IMPHASH=A96FA9912E09E361274AD77F1A4B252C</Data>
    <Data Name="ParentProcessGuid">FF8B6A41-F9FB-63E5-0102-000000000200</Data>
    <Data Name="ParentProcessId">1572</Data>
    <Data Name="ParentImage">C:\Windows\System32\smss.exe</Data>
    <Data Name="ParentCommandLine">\SystemRoot\System32\smss.exe 0000011c 00000084 </Data>
    <Data Name="ParentUser">NT AUTHORITY\SYSTEM</Data>
  </EventData>
</Event>
<?xml version="1.0" encoding="utf-8"?>
<Event xmlns="http://schemas.microsoft.com/win/2004/08/events/event">
  <System>
    <Provider Name="Microsoft-Windows-Sysmon" Guid="5770385F-C22A-43E0-BF4C-06F5698FFBD9">
    </Provider>
    <EventID>1</EventID>
    <Version>5</Version>
    <Level>4</Level>
    <Task>1</Task>
    <Opcode>0</Opcode>
    <Keywords>0x8000000000000000</Keywords>
    <TimeCreated SystemTime="2023-02-10T08:02:03.682822Z">
    </TimeCreated>
    <EventRecordID>846</EventRecordID>
    <Correlation>
    </Correlation>
    <Execution ProcessID="2964" ThreadID="4368">
    </Execution>
    <Channel>Microsoft-Windows-Sysmon/Operational</Channel>
    <Computer>WIN-4CKB6CSHOSJ</Computer>
    <Security UserID="S-1-5-18">
    </Security>
  </System>
  <EventData>
    <Data Name="RuleName">-</Data>
    <Data Name="UtcTime">2023-02-10 08:02:03.681</Data>
    <Data Name="ProcessGuid">FF8B6A41-F9FB-63E5-0302-000000000200</Data>
    <Data Name="ProcessId">6504</Data>
    <Data Name="Image">C:\Windows\System32\winlogon.exe</Data>
    <Data Name="FileVersion">10.0.17763.3232 (WinBuild.160101.0800)</Data>
    <Data Name="Description">Windows Logon Application</Data>
    <Data Name="Product">Microsoft® Windows® Operating System</Data>
    <Data Name="Company">Microsoft Corporation</Data>
    <Data Name="OriginalFileName">WINLOGON.EXE</Data>
    <Data Name="CommandLine">winlogon.exe</Data>
    <Data Name="CurrentDirectory">C:\Windows\system32\</Data>
    <Data Name="User">NT AUTHORITY\SYSTEM</Data>
    <Data Name="LogonGuid">FF8B6A41-D5BF-63E5-E703-000000000000</Data>
    <Data Name="LogonId">0x3e7</Data>
    <Data Name="TerminalSessionId">4</Data>
    <Data Name="IntegrityLevel">System</Data>
    <Data Name="Hashes">MD5=AD8E4B9B4327E5B955BC58094E890592,SHA256=FDB975400480FC9D68F3A9960747CB11993C210F48B916050A8DABE0D2CDFDD9,IMPHASH=B8CB4358207EF605DE290335BAD8DC40</Data>
    <Data Name="ParentProcessGuid">FF8B6A41-F9FB-63E5-0102-000000000200</Data>
    <Data Name="ParentProcessId">1572</Data>
    <Data Name="ParentImage">C:\Windows\System32\smss.exe</Data>
    <Data Name="ParentCommandLine">\SystemRoot\System32\smss.exe 0000011c 00000084 </Data>
    <Data Name="ParentUser">NT AUTHORITY\SYSTEM</Data>
  </EventData>
</Event>
<?xml version="1.0" encoding="utf-8"?>
<Event xmlns="http://schemas.microsoft.com/win/2004/08/events/event">
  <System>
    <Provider Name="Microsoft-Windows-Sysmon" Guid="5770385F-C22A-43E0-BF4C-06F5698FFBD9">
    </Provider>
    <EventID>1</EventID>
    <Version>5</Version>
    <Level>4</Level>
    <Task>1</Task>
    <Opcode>0</Opcode>
    <Keywords>0x8000000000000000</Keywords>
    <TimeCreated SystemTime="2023-02-10T08:02:03.835925Z">
    </TimeCreated>
    <EventRecordID>847</EventRecordID>
    <Correlation>
    </Correlation>
    <Execution ProcessID="2964" ThreadID="4368">
    </Execution>
    <Channel>Microsoft-Windows-Sysmon/Operational</Channel>
    <Computer>WIN-4CKB6CSHOSJ</Computer>
    <Security UserID="S-1-5-18">
    </Security>
  </System>
  <EventData>
    <Data Name="RuleName">-</Data>
    <Data Name="UtcTime">2023-02-10 08:02:03.834</Data>
    <Data Name="ProcessGuid">FF8B6A41-F9FB-63E5-0502-000000000200</Data>
    <Data Name="ProcessId">4308</Data>
    <Data Name="Image">C:\Windows\System32\LogonUI.exe</Data>
    <Data Name="FileVersion">10.0.17763.1 (WinBuild.160101.0800)</Data>
    <Data Name="Description">Windows Logon User Interface Host</Data>
    <Data Name="Product">Microsoft® Windows® Operating System</Data>
    <Data Name="Company">Microsoft Corporation</Data>
    <Data Name="OriginalFileName">logonui.exe</Data>
    <Data Name="CommandLine">&quot;LogonUI.exe&quot; /flags:0x2 /state0:0xa3ff0855 /state1:0x41c64e6d</Data>
    <Data Name="CurrentDirectory">C:\Windows\system32\</Data>
    <Data Name="User">NT AUTHORITY\SYSTEM</Data>
    <Data Name="LogonGuid">FF8B6A41-D5BF-63E5-E703-000000000000</Data>
    <Data Name="LogonId">0x3e7</Data>
    <Data Name="TerminalSessionId">4</Data>
    <Data Name="IntegrityLevel">System</Data>
    <Data Name="Hashes">MD5=33F89DD9629CB0422A2C17268376232D,SHA256=9358EF8CB7FB08581D74274005263BD8FA2E6E0FC443930B25FD345CF6CE9071,IMPHASH=B9B0B64B08B38276711093CA94348D39</Data>
    <Data Name="ParentProcessGuid">FF8B6A41-F9FB-63E5-0302-000000000200</Data>
    <Data Name="ParentProcessId">6504</Data>
    <Data Name="ParentImage">C:\Windows\System32\winlogon.exe</Data>
    <Data Name="ParentCommandLine">winlogon.exe</Data>
    <Data Name="ParentUser">NT AUTHORITY\SYSTEM</Data>
  </EventData>
</Event>
<?xml version="1.0" encoding="utf-8"?>
<Event xmlns="http://schemas.microsoft.com/win/2004/08/events/event">
  <System>
    <Provider Name="Microsoft-Windows-Sysmon" Guid="5770385F-C22A-43E0-BF4C-06F5698FFBD9">
    </Provider>
    <EventID>1</EventID>
    <Version>5</Version>
    <Level>4</Level>
    <Task>1</Task>
    <Opcode>0</Opcode>
    <Keywords>0x8000000000000000</Keywords>
    <TimeCreated SystemTime="2023-02-10T08:02:03.837481Z">
    </TimeCreated>
    <EventRecordID>848</EventRecordID>
    <Correlation>
    </Correlation>
    <Execution ProcessID="2964" ThreadID="4368">
    </Execution>
    <Channel>Microsoft-Windows-Sysmon/Operational</Channel>
    <Computer>WIN-4CKB6CSHOSJ</Computer>
    <Security UserID="S-1-5-18">
    </Security>
  </System>
  <EventData>
    <Data Name="RuleName">-</Data>
    <Data Name="UtcTime">2023-02-10 08:02:03.835</Data>
    <Data Name="ProcessGuid">FF8B6A41-F9FB-63E5-0602-000000000200</Data>
    <Data Name="ProcessId">692</Data>
    <Data Name="Image">C:\Windows\System32\dwm.exe</Data>
    <Data Name="FileVersion">10.0.17763.831 (WinBuild.160101.0800)</Data>
    <Data Name="Description">Desktop Window Manager</Data>
    <Data Name="Product">Microsoft® Windows® Operating System</Data>
    <Data Name="Company">Microsoft Corporation</Data>
    <Data Name="OriginalFileName">dwm.exe</Data>
    <Data Name="CommandLine">&quot;dwm.exe&quot;</Data>
    <Data Name="CurrentDirectory">C:\Windows\system32\</Data>
    <Data Name="User">Window Manager\DWM-4</Data>
    <Data Name="LogonGuid">FF8B6A41-F9FB-63E5-4D93-3E0000000000</Data>
    <Data Name="LogonId">0x3e934d</Data>
    <Data Name="TerminalSessionId">4</Data>
    <Data Name="IntegrityLevel">System</Data>
    <Data Name="Hashes">MD5=5CE3CCA35D8B19967B25806B7FF69D0F,SHA256=5954A267C8F271798EC0AC18D5F67F21A70B47258B10601511CA2109FFFDCF71,IMPHASH=CC05EDB80F10F1D5E7EC964B8C83F969</Data>
    <Data Name="ParentProcessGuid">FF8B6A41-F9FB-63E5-0302-000000000200</Data>
    <Data Name="ParentProcessId">6504</Data>
    <Data Name="ParentImage">C:\Windows\System32\winlogon.exe</Data>
    <Data Name="ParentCommandLine">winlogon.exe</Data>
    <Data Name="ParentUser">NT AUTHORITY\SYSTEM</Data>
  </EventData>
</Event>
