<?xml version="1.0" encoding="utf-8"?>
<Event xmlns="http://schemas.microsoft.com/win/2004/08/events/event">
  <System>
    <Provider Name="Microsoft-Windows-Sysmon" Guid="5770385F-C22A-43E0-BF4C-06F5698FFBD9">
    </Provider>
    <EventID>1</EventID>
    <Version>5</Version>
    <Level>4</Level>
    <Task>1</Task>
    <Opcode>0</Opcode>
    <Keywords>0x8000000000000000</Keywords>
    <TimeCreated SystemTime="2023-02-10T08:02:04.685676Z">
    </TimeCreated>
    <EventRecordID>849</EventRecordID>
    <Correlation>
    </Correlation>
    <Execution ProcessID="2964" ThreadID="4368">
    </Execution>
    <Channel>Microsoft-Windows-Sysmon/Operational</Channel>
    <Computer>WIN-4CKB6CSHOSJ</Computer>
    <Security UserID="S-1-5-18">
    </Security>
  </System>
  <EventData>
    <Data Name="RuleName">-</Data>
    <Data Name="UtcTime">2023-02-10 08:02:04.683</Data>
    <Data Name="ProcessGuid">FF8B6A41-F9FC-63E5-0702-000000000200</Data>
    <Data Name="ProcessId">2228</Data>
    <Data Name="Image">C:\Windows\System32\TSTheme.exe</Data>
    <Data Name="FileVersion">10.0.17763.1697 (WinBuild.160101.0800)</Data>
    <Data Name="Description">TSTheme Server Module</Data>
    <Data Name="Product">Microsoft® Windows® Operating System</Data>
    <Data Name="Company">Microsoft Corporation</Data>
    <Data Name="OriginalFileName">TSThemeS.exe</Data>
    <Data Name="CommandLine">C:\Windows\system32\TSTheme.exe -Embedding</Data>
    <Data Name="CurrentDirectory">C:\Windows\system32\</Data>
    <Data Name="User">WIN-4CKB6CSHOSJ\gerald</Data>
    <Data Name="LogonGuid">FF8B6A41-F27F-63E5-C21B-330000000000</Data>
    <Data Name="LogonId">0x331bc2</Data>
    <Data Name="TerminalSessionId">2</Data>
    <Data Name="IntegrityLevel">Medium</Data>
    <Data Name="Hashes">MD5=678B049F46799F3FA858CE79376EB7B5,SHA256=C1879B15C38D1C9BB86BCFD08A0B7D8A0809C553F8F1985659D7DA0C883EA4F7,IMPHASH=B70390445EE6DE87340DFE5CB7439893</Data>
    <Data Name="ParentProcessGuid">00000000-0000-0000-0000-000000000000</Data>
    <Data Name="ParentProcessId">840</Data>
    <Data Name="ParentImage">-</Data>
    <Data Name="ParentCommandLine">-</Data>
    <Data Name="ParentUser">-</Data>
  </EventData>
</Event>
<?xml version="1.0" encoding="utf-8"?>
<Event xmlns="http://schemas.microsoft.com/win/2004/08/events/event">
  <System>
    <Provider Name="Microsoft-Windows-Sysmon" Guid="5770385F-C22A-43E0-BF4C-06F5698FFBD9">
    </Provider>
    <EventID>1</EventID>
    <Version>5</Version>
    <Level>4</Level>
    <Task>1</Task>
    <Opcode>0</Opcode>
    <Keywords>0x8000000000000000</Keywords>
    <TimeCreated SystemTime="2023-02-10T08:02:04.932251Z">
    </TimeCreated>
    <EventRecordID>850</EventRecordID>
    <Correlation>
    </Correlation>
    <Execution ProcessID="2964" ThreadID="4368">
    </Execution>
    <Channel>Microsoft-Windows-Sysmon/Operational</Channel>
    <Computer>WIN-4CKB6CSHOSJ</Computer>
    <Security UserID="S-1-5-18">
    </Security>
  </System>
  <EventData>
    <Data Name="RuleName">-</Data>
    <Data Name="UtcTime">2023-02-10 08:02:04.931</Data>
    <Data Name="ProcessGuid">FF8B6A41-F9FC-63E5-0802-000000000200</Data>
    <Data Name="ProcessId">3756</Data>
    <Data Name="Image">C:\Windows\System32\rdpclip.exe</Data>
    <Data Name="FileVersion">10.0.17763.1697 (WinBuild.160101.0800)</Data>
    <Data Name="Description">RDP Clipboard Monitor</Data>
    <Data Name="Product">Microsoft® Windows® Operating System</Data>
    <Data Name="Company">Microsoft Corporation</Data>
    <Data Name="OriginalFileName">rdpclip.exe</Data>
    <Data Name="CommandLine">rdpclip</Data>
    <Data Name="CurrentDirectory">C:\Windows\system32\</Data>
    <Data Name="User">WIN-4CKB6CSHOSJ\gerald</Data>
    <Data Name="LogonGuid">FF8B6A41-F27F-63E5-C21B-330000000000</Data>
    <Data Name="LogonId">0x331bc2</Data>
    <Data Name="TerminalSessionId">2</Data>
    <Data Name="IntegrityLevel">Medium</Data>
    <Data Name="Hashes">MD5=BFE0CEE883BD55C7691E7C1027E2332B,SHA256=4972CF79E61A6FF0C4EA410D55C7DEB00D7F799EA958946FCC2EE7FABF13FFEB,IMPHASH=E3F33CEBF67721DAC951AFBD20321206</Data>
    <Data Name="ParentProcessGuid">FF8B6A41-D5BF-63E5-1500-000000000200</Data>
    <Data Name="ParentProcessId">720</Data>
    <Data Name="ParentImage">C:\Windows\System32\svchost.exe</Data>
    <Data Name="ParentCommandLine">C:\Windows\System32\svchost.exe -k termsvcs -s TermService</Data>
    <Data Name="ParentUser">NT AUTHORITY\NETWORK SERVICE</Data>
  </EventData>
</Event>
<?xml version="1.0" encoding="utf-8"?>
<Event xmlns="http://schemas.microsoft.com/win/2004/08/events/event">
  <System>
    <Provider Name="Microsoft-Windows-Sysmon" Guid="5770385F-C22A-43E0-BF4C-06F5698FFBD9">
    </Provider>
    <EventID>1</EventID>
    <Version>5</Version>
    <Level>4</Level>
    <Task>1</Task>
    <Opcode>0</Opcode>
    <Keywords>0x8000000000000000</Keywords>
    <TimeCreated SystemTime="2023-02-10T08:02:04.961700Z">
    </TimeCreated>
    <EventRecordID>851</EventRecordID>
    <Correlation>
    </Correlation>
    <Execution ProcessID="2964" ThreadID="4368">
    </Execution>
    <Channel>Microsoft-Windows-Sysmon/Operational</Channel>
    <Computer>WIN-4CKB6CSHOSJ</Computer>
    <Security UserID="S-1-5-18">
    </Security>
  </System>
  <EventData>
    <Data Name="RuleName">-</Data>
    <Data Name="UtcTime">2023-02-10 08:02:04.959</Data>
    <Data Name="ProcessGuid">FF8B6A41-F9FC-63E5-0902-000000000200</Data>
    <Data Name="ProcessId">4980</Data>
    <Data Name="Image">C:\Windows\System32\svchost.exe</Data>
    <Data Name="FileVersion">10.0.17763.3346 (WinBuild.160101.0800)</Data>
    <Data Name="Description">Host Process for Windows Services</Data>
    <Data Name="Product">Microsoft® Windows® Operating System</Data>
    <Data Name="Company">Microsoft Corporation</Data>
    <Data Name="OriginalFileName">svchost.exe</Data>
    <Data Name="CommandLine">C:\Windows\system32\svchost.exe -k LocalSystemNetworkRestricted -s ScDeviceEnum</Data>
    <Data Name="CurrentDirectory">C:\Windows\system32\</Data>
    <Data Name="User">NT AUTHORITY\SYSTEM</Data>
    <Data Name="LogonGuid">FF8B6A41-D5BF-63E5-E703-000000000000</Data>
    <Data Name="LogonId">0x3e7</Data>
    <Data Name="TerminalSessionId">0</Data>
    <Data Name="IntegrityLevel">System</Data>
    <Data Name="Hashes">MD5=4DD18F001AC31D5F48F50F99E4AA1761,SHA256=2B105FB153B1BCD619B95028612B3A93C60B953EEF6837D3BB0099E4207AAF6B,IMPHASH=247B9220E5D9B720A82B2C8B5069AD69</Data>
    <Data Name="ParentProcessGuid">FF8B6A41-D5BE-63E5-0B00-000000000200</Data>
    <Data Name="ParentProcessId">676</Data>
    <Data Name="ParentImage">C:\Windows\System32\services.exe</Data>
    <Data Name="ParentCommandLine">C:\Windows\system32\services.exe</Data>
    <Data Name="ParentUser">NT AUTHORITY\SYSTEM</Data>
  </EventData>
</Event>
<?xml version="1.0" encoding="utf-8"?>
<Event xmlns="http://schemas.microsoft.com/win/2004/08/events/event">
  <System>
    <Provider Name="Microsoft-Windows-Sysmon" Guid="5770385F-C22A-43E0-BF4C-06F5698FFBD9">
    </Provider>
    <EventID>1</EventID>
    <Version>5</Version>
    <Level>4</Level>
    <Task>1</Task>
    <Opcode>0</Opcode>
    <Keywords>0x8000000000000000</Keywords>
    <TimeCreated SystemTime="2023-02-10T08:02:05.048756Z">
    </TimeCreated>
    <EventRecordID>852</EventRecordID>
    <Correlation>
    </Correlation>
    <Execution ProcessID="2964" ThreadID="4368">
    </Execution>
    <Channel>Microsoft-Windows-Sysmon/Operational</Channel>
    <Computer>WIN-4CKB6CSHOSJ</Computer>
    <Security UserID="S-1-5-18">
    </Security>
  </System>
  <EventData>
    <Data Name="RuleName">-</Data>
    <Data Name="UtcTime">2023-02-10 08:02:05.047</Data>
    <Data Name="ProcessGuid">FF8B6A41-F9FD-63E5-0A02-000000000200</Data>
    <Data Name="ProcessId">528</Data>
    <Data Name="Image">C:\Windows\System32\taskhostw.exe</Data>
    <Data Name="FileVersion">10.0.17763.1852 (WinBuild.160101.0800)</Data>
    <Data Name="Description">Host Process for Windows Tasks</Data>
    <Data Name="Product">Microsoft® Windows® Operating System</Data>
    <Data Name="Company">Microsoft Corporation</Data>
    <Data Name="OriginalFileName">taskhostw.exe</Data>
    <Data Name="CommandLine">taskhostw.exe KEYROAMING</Data>
    <Data Name="CurrentDirectory">C:\Windows\system32\</Data>
    <Data Name="User">WIN-4CKB6CSHOSJ\gerald</Data>
    <Data Name="LogonGuid">FF8B6A41-F27F-63E5-C21B-330000000000</Data>
    <Data Name="LogonId">0x331bc2</Data>
    <Data Name="TerminalSessionId">2</Data>
    <Data Name="IntegrityLevel">Medium</Data>
    <Data Name="Hashes">MD5=8BD7B08DA6BCA54DF9B595E4D9281BEB,SHA256=DE85F29A8BC7219F10A4AC88654C3901ABC329D7505B21CD95CBF780D1EBCCF4,IMPHASH=9839C7FD9649496B162F72128209528A</Data>
    <Data Name="ParentProcessGuid">FF8B6A41-D5C0-63E5-2400-000000000200</Data>
    <Data Name="ParentProcessId">1612</Data>
    <Data Name="ParentImage">C:\Windows\System32\svchost.exe</Data>
    <Data Name="ParentCommandLine">C:\Windows\system32\svchost.exe -k netsvcs -p -s Schedule</Data>
    <Data Name="ParentUser">NT AUTHORITY\SYSTEM</Data>
  </EventData>
</Event>
<?xml version="1.0" encoding="utf-8"?>
<Event xmlns="http://schemas.microsoft.com/win/2004/08/events/event">
  <System>
    <Provider Name="Microsoft-Windows-Sysmon" Guid="5770385F-C22A-43E0-BF4C-06F5698FFBD9">
    </Provider>
    <EventID>1</EventID>
    <Version>5</Version>
    <Level>4</Level>
    <Task>1</Task>
    <Opcode>0</Opcode>
    <Keywords>0x8000000000000000</Keywords>
    <TimeCreated SystemTime="2023-02-10T08:02:05.253822Z">
    </TimeCreated>
    <EventRecordID>853</EventRecordID>
    <Correlation>
    </Correlation>
    <Execution ProcessID="2964" ThreadID="4368">
    </Execution>
    <Channel>Microsoft-Windows-Sysmon/Operational</Channel>
    <Computer>WIN-4CKB6CSHOSJ</Computer>
    <Security UserID="S-1-5-18">
    </Security>
  </System>
  <EventData>
    <Data Name="RuleName">-</Data>
    <Data Name="UtcTime">2023-02-10 08:02:05.252</Data>
    <Data Name="ProcessGuid">FF8B6A41-F9FD-63E5-0B02-000000000200</Data>
    <Data Name="ProcessId">1368</Data>
    <Data Name="Image">C:\Windows\System32\AtBroker.exe</Data>
    <Data Name="FileVersion">10.0.17763.2989 (WinBuild.160101.0800)</Data>
    <Data Name="Description">Windows Assistive Technology Manager</Data>
    <Data Name="Product">Microsoft® Windows® Operating System</Data>
    <Data Name="Company">Microsoft Corporation</Data>
    <Data Name="OriginalFileName">ATBroker.exe</Data>
    <Data Name="CommandLine">atbroker.exe</Data>
    <Data Name="CurrentDirectory">C:\Windows\system32\</Data>
    <Data Name="User">WIN-4CKB6CSHOSJ\gerald</Data>
    <Data Name="LogonGuid">FF8B6A41-F27F-63E5-C21B-330000000000</Data>
    <Data Name="LogonId">0x331bc2</Data>
    <Data Name="TerminalSessionId">2</Data>
    <Data Name="IntegrityLevel">Medium</Data>
    <Data Name="Hashes">MD5=BBC5AB2E360EA092AAAD0098FDECDC70,SHA256=CE21ACAE03A54FC15CBF6FD553CA87ED778755D41A68A701A134790CF2E14F45,IMPHASH=3656F386F76B194C623C1891C47EEC49</Data>
    <Data Name="ParentProcessGuid">FF8B6A41-F27D-63E5-4A01-000000000200</Data>
    <Data Name="ParentProcessId">5620</Data>
    <Data Name="ParentImage">C:\Windows\System32\winlogon.exe</Data>
    <Data Name="ParentCommandLine">winlogon.exe</Data>
    <Data Name="ParentUser">NT AUTHORITY\SYSTEM</Data>
  </EventData>
</Event>
<?xml version="1.0" encoding="utf-8"?>
<Event xmlns="http://schemas.microsoft.com/win/2004/08/events/event">
  <System>
    <Provider Name="Microsoft-Windows-Sysmon" Guid="5770385F-C22A-43E0-BF4C-06F5698FFBD9">
    </Provider>
    <EventID>1</EventID>
    <Version>5</Version>
    <Level>4</Level>
    <Task>1</Task>
    <Opcode>0</Opcode>
    <Keywords>0x8000000000000000</Keywords>
    <TimeCreated SystemTime="2023-02-10T08:02:05.612280Z">
    </TimeCreated>
    <EventRecordID>854</EventRecordID>
    <Correlation>
    </Correlation>
    <Execution ProcessID="2964" ThreadID="4368">
    </Execution>
    <Channel>Microsoft-Windows-Sysmon/Operational</Channel>
    <Computer>WIN-4CKB6CSHOSJ</Computer>
    <Security UserID="S-1-5-18">
    </Security>
  </System>
  <EventData>
    <Data Name="RuleName">-</Data>
    <Data Name="UtcTime">2023-02-10 08:02:05.611</Data>
    <Data Name="ProcessGuid">FF8B6A41-F9FD-63E5-0C02-000000000200</Data>
    <Data Name="ProcessId">6644</Data>
    <Data Name="Image">C:\Windows\System32\taskhostw.exe</Data>
    <Data Name="FileVersion">10.0.17763.1852 (WinBuild.160101.0800)</Data>
    <Data Name="Description">Host Process for Windows Tasks</Data>
    <Data Name="Product">Microsoft® Windows® Operating System</Data>
    <Data Name="Company">Microsoft Corporation</Data>
    <Data Name="OriginalFileName">taskhostw.exe</Data>
    <Data Name="CommandLine">taskhostw.exe</Data>
    <Data Name="CurrentDirectory">C:\Windows\system32\</Data>
    <Data Name="User">NT AUTHORITY\SYSTEM</Data>
    <Data Name="LogonGuid">FF8B6A41-D5BF-63E5-E703-000000000000</Data>
    <Data Name="LogonId">0x3e7</Data>
    <Data Name="TerminalSessionId">0</Data>
    <Data Name="IntegrityLevel">System</Data>
    <Data Name="Hashes">MD5=8BD7B08DA6BCA54DF9B595E4D9281BEB,SHA256=DE85F29A8BC7219F10A4AC88654C3901ABC329D7505B21CD95CBF780D1EBCCF4,IMPHASH=9839C7FD9649496B162F72128209528A</Data>
    <Data Name="ParentProcessGuid">FF8B6A41-D5C0-63E5-2400-000000000200</Data>
    <Data Name="ParentProcessId">1612</Data>
    <Data Name="ParentImage">C:\Windows\System32\svchost.exe</Data>
    <Data Name="ParentCommandLine">C:\Windows\system32\svchost.exe -k netsvcs -p -s Schedule</Data>
    <Data Name="ParentUser">NT AUTHORITY\SYSTEM</Data>
  </EventData>
</Event>
<?xml version="1.0" encoding="utf-8"?>
<Event xmlns="http://schemas.microsoft.com/win/2004/08/events/event">
  <System>
    <Provider Name="Microsoft-Windows-Sysmon" Guid="5770385F-C22A-43E0-BF4C-06F5698FFBD9">
    </Provider>
    <EventID>1</EventID>
    <Version>5</Version>
    <Level>4</Level>
    <Task>1</Task>
    <Opcode>0</Opcode>
    <Keywords>0x8000000000000000</Keywords>
    <TimeCreated SystemTime="2023-02-10T08:02:29.110451Z">
    </TimeCreated>
    <EventRecordID>855</EventRecordID>
    <Correlation>
    </Correlation>
    <Execution ProcessID="2964" ThreadID="4368">
    </Execution>
    <Channel>Microsoft-Windows-Sysmon/Operational</Channel>
    <Computer>WIN-4CKB6CSHOSJ</Computer>
    <Security UserID="S-1-5-18">
    </Security>
  </System>
  <EventData>
    <Data Name="RuleName">-</Data>
    <Data Name="UtcTime">2023-02-10 08:02:29.104</Data>
    <Data Name="ProcessGuid">FF8B6A41-FA15-63E5-0F02-000000000200</Data>
    <Data Name="ProcessId">1136</Data>
    <Data Name="Image">C:\Windows\System32\consent.exe</Data>
    <Data Name="FileVersion">10.0.17763.3232 (WinBuild.160101.0800)</Data>
    <Data Name="Description">Consent UI for administrative applications</Data>
    <Data Name="Product">Microsoft® Windows® Operating System</Data>
    <Data Name="Company">Microsoft Corporation</Data>
    <Data Name="OriginalFileName">consent.exe</Data>
    <Data Name="CommandLine">consent.exe 5156 330 0000022E6090ABC0</Data>
    <Data Name="CurrentDirectory">C:\Windows\system32\</Data>
    <Data Name="User">NT AUTHORITY\SYSTEM</Data>
    <Data Name="LogonGuid">FF8B6A41-D5BF-63E5-E703-000000000000</Data>
    <Data Name="LogonId">0x3e7</Data>
    <Data Name="TerminalSessionId">2</Data>
    <Data Name="IntegrityLevel">System</Data>
    <Data Name="Hashes">MD5=C67713C28BB97E685FEB88FFAEB96788,SHA256=6272541FD22C1D9B5DFE9364A0A1D6B12BBCAA28EFA0504E3A344E967AEA9C5C,IMPHASH=1275A84E15AAA739F3099F6A73D7D6FA</Data>
    <Data Name="ParentProcessGuid">FF8B6A41-FA15-63E5-0E02-000000000200</Data>
    <Data Name="ParentProcessId">5156</Data>
    <Data Name="ParentImage">C:\Windows\System32\svchost.exe</Data>
    <Data Name="ParentCommandLine">C:\Windows\system32\svchost.exe -k netsvcs -p -s Appinfo</Data>
    <Data Name="ParentUser">NT AUTHORITY\SYSTEM</Data>
  </EventData>
</Event>
<?xml version="1.0" encoding="utf-8"?>
<Event xmlns="http://schemas.microsoft.com/win/2004/08/events/event">
  <System>
    <Provider Name="Microsoft-Windows-Sysmon" Guid="5770385F-C22A-43E0-BF4C-06F5698FFBD9">
    </Provider>
    <EventID>1</EventID>
    <Version>5</Version>
    <Level>4</Level>
    <Task>1</Task>
    <Opcode>0</Opcode>
    <Keywords>0x8000000000000000</Keywords>
    <TimeCreated SystemTime="2023-02-10T08:02:38.326826Z">
    </TimeCreated>
    <EventRecordID>856</EventRecordID>
    <Correlation>
    </Correlation>
    <Execution ProcessID="2964" ThreadID="4368">
    </Execution>
    <Channel>Microsoft-Windows-Sysmon/Operational</Channel>
    <Computer>WIN-4CKB6CSHOSJ</Computer>
    <Security UserID="S-1-5-18">
    </Security>
  </System>
  <EventData>
    <Data Name="RuleName">-</Data>
    <Data Name="UtcTime">2023-02-10 08:02:38.324</Data>
    <Data Name="ProcessGuid">FF8B6A41-FA1E-63E5-1302-000000000200</Data>
    <Data Name="ProcessId">6356</Data>
    <Data Name="Image">C:\Windows\System32\OpenWith.exe</Data>
    <Data Name="FileVersion">10.0.17763.2989 (WinBuild.160101.0800)</Data>
    <Data Name="Description">Pick an app</Data>
    <Data Name="Product">Microsoft® Windows® Operating System</Data>
    <Data Name="Company">Microsoft Corporation</Data>
    <Data Name="OriginalFileName">OpenWith.exe</Data>
    <Data Name="CommandLine">C:\Windows\system32\OpenWith.exe -Embedding</Data>
    <Data Name="CurrentDirectory">C:\Windows\system32\</Data>
    <Data Name="User">WIN-4CKB6CSHOSJ\gerald</Data>
    <Data Name="LogonGuid">FF8B6A41-F27F-63E5-C21B-330000000000</Data>
    <Data Name="LogonId">0x331bc2</Data>
    <Data Name="TerminalSessionId">2</Data>
    <Data Name="IntegrityLevel">Medium</Data>
    <Data Name="Hashes">MD5=5D6D2086CB85757C0028E0DA2566818C,SHA256=F032A62FF10257F7DCCFB0584C726B2D300C0923CC628B38858E4ED244884C0E,IMPHASH=A77B6C517B9F2590BF7CEBD852A3DD71</Data>
    <Data Name="ParentProcessGuid">00000000-0000-0000-0000-000000000000</Data>
    <Data Name="ParentProcessId">840</Data>
    <Data Name="ParentImage">-</Data>
    <Data Name="ParentCommandLine">-</Data>
    <Data Name="ParentUser">-</Data>
  </EventData>
</Event>
<?xml version="1.0" encoding="utf-8"?>
<Event xmlns="http://schemas.microsoft.com/win/2004/08/events/event">
  <System>
    <Provider Name="Microsoft-Windows-Sysmon" Guid="5770385F-C22A-43E0-BF4C-06F5698FFBD9">
    </Provider>
    <EventID>1</EventID>
    <Version>5</Version>
    <Level>4</Level>
    <Task>1</Task>
    <Opcode>0</Opcode>
    <Keywords>0x8000000000000000</Keywords>
    <TimeCreated SystemTime="2023-02-10T08:02:41.166116Z">
    </TimeCreated>
    <EventRecordID>857</EventRecordID>
    <Correlation>
    </Correlation>
    <Execution ProcessID="2964" ThreadID="4368">
    </Execution>
    <Channel>Microsoft-Windows-Sysmon/Operational</Channel>
    <Computer>WIN-4CKB6CSHOSJ</Computer>
    <Security UserID="S-1-5-18">
    </Security>
  </System>
  <EventData>
    <Data Name="RuleName">-</Data>
    <Data Name="UtcTime">2023-02-10 08:02:41.164</Data>
    <Data Name="ProcessGuid">FF8B6A41-FA21-63E5-1402-000000000200</Data>
    <Data Name="ProcessId">6608</Data>
    <Data Name="Image">C:\Windows\System32\notepad.exe</Data>
    <Data Name="FileVersion">10.0.17763.1697 (WinBuild.160101.0800)</Data>
    <Data Name="Description">Notepad</Data>
    <Data Name="Product">Microsoft® Windows® Operating System</Data>
    <Data Name="Company">Microsoft Corporation</Data>
    <Data Name="OriginalFileName">NOTEPAD.EXE</Data>
    <Data Name="CommandLine">&quot;C:\Windows\system32\NOTEPAD.EXE&quot; C:\Users\Administrator\.ssh\authorized_keys</Data>
    <Data Name="CurrentDirectory">C:\Windows\system32\</Data>
    <Data Name="User">WIN-4CKB6CSHOSJ\gerald</Data>
    <Data Name="LogonGuid">FF8B6A41-F27F-63E5-C21B-330000000000</Data>
    <Data Name="LogonId">0x331bc2</Data>
    <Data Name="TerminalSessionId">2</Data>
    <Data Name="IntegrityLevel">Medium</Data>
    <Data Name="Hashes">MD5=5394096A1CEBF81AF24E993777CAABF4,SHA256=A28438E1388F272A52559536D99D65BA15B1A8288BE1200E249851FDF7EE6C7E,IMPHASH=C8922BE3DCDFEB5994C9EEE7745DC22E</Data>
    <Data Name="ParentProcessGuid">FF8B6A41-FA1E-63E5-1302-000000000200</Data>
    <Data Name="ParentProcessId">6356</Data>
    <Data Name="ParentImage">C:\Windows\System32\OpenWith.exe</Data>
    <Data Name="ParentCommandLine">C:\Windows\system32\OpenWith.exe -Embedding</Data>
    <Data Name="ParentUser">WIN-4CKB6CSHOSJ\gerald</Data>
  </EventData>
</Event>
<?xml version="1.0" encoding="utf-8"?>
<Event xmlns="http://schemas.microsoft.com/win/2004/08/events/event">
  <System>
    <Provider Name="Microsoft-Windows-Sysmon" Guid="5770385F-C22A-43E0-BF4C-06F5698FFBD9">
    </Provider>
    <EventID>1</EventID>
    <Version>5</Version>
    <Level>4</Level>
    <Task>1</Task>
    <Opcode>0</Opcode>
    <Keywords>0x8000000000000000</Keywords>
    <TimeCreated SystemTime="2023-02-10T08:03:07.757135Z">
    </TimeCreated>
    <EventRecordID>858</EventRecordID>
    <Correlation>
    </Correlation>
    <Execution ProcessID="2964" ThreadID="4368">
    </Execution>
    <Channel>Microsoft-Windows-Sysmon/Operational</Channel>
    <Computer>WIN-4CKB6CSHOSJ</Computer>
    <Security UserID="S-1-5-18">
    </Security>
  </System>
  <EventData>
    <Data Name="RuleName">-</Data>
    <Data Name="UtcTime">2023-02-10 08:03:07.756</Data>
    <Data Name="ProcessGuid">FF8B6A41-FA3B-63E5-1602-000000000200</Data>
    <Data Name="ProcessId">3820</Data>
    <Data Name="Image">C:\Windows\System32\consent.exe</Data>
    <Data Name="FileVersion">10.0.17763.3232 (WinBuild.160101.0800)</Data>
    <Data Name="Description">Consent UI for administrative applications</Data>
    <Data Name="Product">Microsoft® Windows® Operating System</Data>
    <Data Name="Company">Microsoft Corporation</Data>
    <Data Name="OriginalFileName">consent.exe</Data>
    <Data Name="CommandLine">consent.exe 5156 378 0000022E608D52C0</Data>
    <Data Name="CurrentDirectory">C:\Windows\system32\</Data>
    <Data Name="User">NT AUTHORITY\SYSTEM</Data>
    <Data Name="LogonGuid">FF8B6A41-D5BF-63E5-E703-000000000000</Data>
    <Data Name="LogonId">0x3e7</Data>
    <Data Name="TerminalSessionId">2</Data>
    <Data Name="IntegrityLevel">System</Data>
    <Data Name="Hashes">MD5=C67713C28BB97E685FEB88FFAEB96788,SHA256=6272541FD22C1D9B5DFE9364A0A1D6B12BBCAA28EFA0504E3A344E967AEA9C5C,IMPHASH=1275A84E15AAA739F3099F6A73D7D6FA</Data>
    <Data Name="ParentProcessGuid">FF8B6A41-FA15-63E5-0E02-000000000200</Data>
    <Data Name="ParentProcessId">5156</Data>
    <Data Name="ParentImage">C:\Windows\System32\svchost.exe</Data>
    <Data Name="ParentCommandLine">C:\Windows\system32\svchost.exe -k netsvcs -p -s Appinfo</Data>
    <Data Name="ParentUser">NT AUTHORITY\SYSTEM</Data>
  </EventData>
</Event>
<?xml version="1.0" encoding="utf-8"?>
<Event xmlns="http://schemas.microsoft.com/win/2004/08/events/event">
  <System>
    <Provider Name="Microsoft-Windows-Sysmon" Guid="5770385F-C22A-43E0-BF4C-06F5698FFBD9">
    </Provider>
    <EventID>1</EventID>
    <Version>5</Version>
    <Level>4</Level>
    <Task>1</Task>
    <Opcode>0</Opcode>
    <Keywords>0x8000000000000000</Keywords>
    <TimeCreated SystemTime="2023-02-10T08:04:12.856916Z">
    </TimeCreated>
    <EventRecordID>859</EventRecordID>
    <Correlation>
    </Correlation>
    <Execution ProcessID="2964" ThreadID="4368">
    </Execution>
    <Channel>Microsoft-Windows-Sysmon/Operational</Channel>
    <Computer>WIN-4CKB6CSHOSJ</Computer>
    <Security UserID="S-1-5-18">
    </Security>
  </System>
  <EventData>
    <Data Name="RuleName">-</Data>
    <Data Name="UtcTime">2023-02-10 08:04:12.855</Data>
    <Data Name="ProcessGuid">FF8B6A41-FA7C-63E5-1902-000000000200</Data>
    <Data Name="ProcessId">4124</Data>
    <Data Name="Image">C:\Windows\System32\rundll32.exe</Data>
    <Data Name="FileVersion">10.0.17763.1697 (WinBuild.160101.0800)</Data>
    <Data Name="Description">Windows host process (Rundll32)</Data>
    <Data Name="Product">Microsoft® Windows® Operating System</Data>
    <Data Name="Company">Microsoft Corporation</Data>
    <Data Name="OriginalFileName">RUNDLL32.EXE</Data>
    <Data Name="CommandLine">C:\Windows\System32\rundll32.exe shell32.dll,SHCreateLocalServerRunDll {c82192ee-6cb5-4bc0-9ef0-fb818773790a} -Embedding</Data>
    <Data Name="CurrentDirectory">C:\Windows\system32\</Data>
    <Data Name="User">WIN-4CKB6CSHOSJ\gerald</Data>
    <Data Name="LogonGuid">FF8B6A41-F27F-63E5-C21B-330000000000</Data>
    <Data Name="LogonId">0x331bc2</Data>
    <Data Name="TerminalSessionId">2</Data>
    <Data Name="IntegrityLevel">Medium</Data>
    <Data Name="Hashes">MD5=80F8E0C26028E83F1EF371D7B44DE3DF,SHA256=9F1E56A3BF293AC536CF4B8DAD57040797D62DBB0CA19C4ED9683B5565549481,IMPHASH=F27A7FC3A53E74F45BE370131953896A</Data>
    <Data Name="ParentProcessGuid">00000000-0000-0000-0000-000000000000</Data>
    <Data Name="ParentProcessId">840</Data>
    <Data Name="ParentImage">-</Data>
    <Data Name="ParentCommandLine">-</Data>
    <Data Name="ParentUser">-</Data>
  </EventData>
</Event>
<?xml version="1.0" encoding="utf-8"?>
<Event xmlns="http://schemas.microsoft.com/win/2004/08/events/event">
  <System>
    <Provider Name="Microsoft-Windows-Sysmon" Guid="5770385F-C22A-43E0-BF4C-06F5698FFBD9">
    </Provider>
    <EventID>1</EventID>
    <Version>5</Version>
    <Level>4</Level>
    <Task>1</Task>
    <Opcode>0</Opcode>
    <Keywords>0x8000000000000000</Keywords>
    <TimeCreated SystemTime="2023-02-10T08:04:15.130474Z">
    </TimeCreated>
    <EventRecordID>860</EventRecordID>
    <Correlation>
    </Correlation>
    <Execution ProcessID="2964" ThreadID="4368">
    </Execution>
    <Channel>Microsoft-Windows-Sysmon/Operational</Channel>
    <Computer>WIN-4CKB6CSHOSJ</Computer>
    <Security UserID="S-1-5-18">
    </Security>
  </System>
  <EventData>
    <Data Name="RuleName">-</Data>
    <Data Name="UtcTime">2023-02-10 08:04:15.127</Data>
    <Data Name="ProcessGuid">FF8B6A41-FA7F-63E5-1A02-000000000200</Data>
    <Data Name="ProcessId">5804</Data>
    <Data Name="Image">C:\Windows\System32\OpenWith.exe</Data>
    <Data Name="FileVersion">10.0.17763.2989 (WinBuild.160101.0800)</Data>
    <Data Name="Description">Pick an app</Data>
    <Data Name="Product">Microsoft® Windows® Operating System</Data>
    <Data Name="Company">Microsoft Corporation</Data>
    <Data Name="OriginalFileName">OpenWith.exe</Data>
    <Data Name="CommandLine">C:\Windows\system32\OpenWith.exe -Embedding</Data>
    <Data Name="CurrentDirectory">C:\Windows\system32\</Data>
    <Data Name="User">WIN-4CKB6CSHOSJ\gerald</Data>
    <Data Name="LogonGuid">FF8B6A41-F27F-63E5-C21B-330000000000</Data>
    <Data Name="LogonId">0x331bc2</Data>
    <Data Name="TerminalSessionId">2</Data>
    <Data Name="IntegrityLevel">Medium</Data>
    <Data Name="Hashes">MD5=5D6D2086CB85757C0028E0DA2566818C,SHA256=F032A62FF10257F7DCCFB0584C726B2D300C0923CC628B38858E4ED244884C0E,IMPHASH=A77B6C517B9F2590BF7CEBD852A3DD71</Data>
    <Data Name="ParentProcessGuid">00000000-0000-0000-0000-000000000000</Data>
    <Data Name="ParentProcessId">840</Data>
    <Data Name="ParentImage">-</Data>
    <Data Name="ParentCommandLine">-</Data>
    <Data Name="ParentUser">-</Data>
  </EventData>
</Event>
<?xml version="1.0" encoding="utf-8"?>
<Event xmlns="http://schemas.microsoft.com/win/2004/08/events/event">
  <System>
    <Provider Name="Microsoft-Windows-Sysmon" Guid="5770385F-C22A-43E0-BF4C-06F5698FFBD9">
    </Provider>
    <EventID>1</EventID>
    <Version>5</Version>
    <Level>4</Level>
    <Task>1</Task>
    <Opcode>0</Opcode>
    <Keywords>0x8000000000000000</Keywords>
    <TimeCreated SystemTime="2023-02-10T08:04:16.691877Z">
    </TimeCreated>
    <EventRecordID>861</EventRecordID>
    <Correlation>
    </Correlation>
    <Execution ProcessID="2964" ThreadID="4368">
    </Execution>
    <Channel>Microsoft-Windows-Sysmon/Operational</Channel>
    <Computer>WIN-4CKB6CSHOSJ</Computer>
    <Security UserID="S-1-5-18">
    </Security>
  </System>
  <EventData>
    <Data Name="RuleName">-</Data>
    <Data Name="UtcTime">2023-02-10 08:04:16.689</Data>
    <Data Name="ProcessGuid">FF8B6A41-FA80-63E5-1B02-000000000200</Data>
    <Data Name="ProcessId">5320</Data>
    <Data Name="Image">C:\Windows\System32\notepad.exe</Data>
    <Data Name="FileVersion">10.0.17763.1697 (WinBuild.160101.0800)</Data>
    <Data Name="Description">Notepad</Data>
    <Data Name="Product">Microsoft® Windows® Operating System</Data>
    <Data Name="Company">Microsoft Corporation</Data>
    <Data Name="OriginalFileName">NOTEPAD.EXE</Data>
    <Data Name="CommandLine">&quot;C:\Windows\system32\NOTEPAD.EXE&quot; C:\Users\gerald\.ssh\authorized_keys</Data>
    <Data Name="CurrentDirectory">C:\Windows\system32\</Data>
    <Data Name="User">WIN-4CKB6CSHOSJ\gerald</Data>
    <Data Name="LogonGuid">FF8B6A41-F27F-63E5-C21B-330000000000</Data>
    <Data Name="LogonId">0x331bc2</Data>
    <Data Name="TerminalSessionId">2</Data>
    <Data Name="IntegrityLevel">Medium</Data>
    <Data Name="Hashes">MD5=5394096A1CEBF81AF24E993777CAABF4,SHA256=A28438E1388F272A52559536D99D65BA15B1A8288BE1200E249851FDF7EE6C7E,IMPHASH=C8922BE3DCDFEB5994C9EEE7745DC22E</Data>
    <Data Name="ParentProcessGuid">FF8B6A41-FA7F-63E5-1A02-000000000200</Data>
    <Data Name="ParentProcessId">5804</Data>
    <Data Name="ParentImage">C:\Windows\System32\OpenWith.exe</Data>
    <Data Name="ParentCommandLine">C:\Windows\system32\OpenWith.exe -Embedding</Data>
    <Data Name="ParentUser">WIN-4CKB6CSHOSJ\gerald</Data>
  </EventData>
</Event>
<?xml version="1.0" encoding="utf-8"?>
<Event xmlns="http://schemas.microsoft.com/win/2004/08/events/event">
  <System>
    <Provider Name="Microsoft-Windows-Sysmon" Guid="5770385F-C22A-43E0-BF4C-06F5698FFBD9">
    </Provider>
    <EventID>1</EventID>
    <Version>5</Version>
    <Level>4</Level>
    <Task>1</Task>
    <Opcode>0</Opcode>
    <Keywords>0x8000000000000000</Keywords>
    <TimeCreated SystemTime="2023-02-10T08:04:27.818938Z">
    </TimeCreated>
    <EventRecordID>862</EventRecordID>
    <Correlation>
    </Correlation>
    <Execution ProcessID="2964" ThreadID="4368">
    </Execution>
    <Channel>Microsoft-Windows-Sysmon/Operational</Channel>
    <Computer>WIN-4CKB6CSHOSJ</Computer>
    <Security UserID="S-1-5-18">
    </Security>
  </System>
  <EventData>
    <Data Name="RuleName">-</Data>
    <Data Name="UtcTime">2023-02-10 08:04:27.816</Data>
    <Data Name="ProcessGuid">FF8B6A41-FA8B-63E5-1C02-000000000200</Data>
    <Data Name="ProcessId">3776</Data>
    <Data Name="Image">C:\Windows\System32\OpenWith.exe</Data>
    <Data Name="FileVersion">10.0.17763.2989 (WinBuild.160101.0800)</Data>
    <Data Name="Description">Pick an app</Data>
    <Data Name="Product">Microsoft® Windows® Operating System</Data>
    <Data Name="Company">Microsoft Corporation</Data>
    <Data Name="OriginalFileName">OpenWith.exe</Data>
    <Data Name="CommandLine">C:\Windows\system32\OpenWith.exe -Embedding</Data>
    <Data Name="CurrentDirectory">C:\Windows\system32\</Data>
    <Data Name="User">WIN-4CKB6CSHOSJ\gerald</Data>
    <Data Name="LogonGuid">FF8B6A41-F27F-63E5-C21B-330000000000</Data>
    <Data Name="LogonId">0x331bc2</Data>
    <Data Name="TerminalSessionId">2</Data>
    <Data Name="IntegrityLevel">Medium</Data>
    <Data Name="Hashes">MD5=5D6D2086CB85757C0028E0DA2566818C,SHA256=F032A62FF10257F7DCCFB0584C726B2D300C0923CC628B38858E4ED244884C0E,IMPHASH=A77B6C517B9F2590BF7CEBD852A3DD71</Data>
    <Data Name="ParentProcessGuid">00000000-0000-0000-0000-000000000000</Data>
    <Data Name="ParentProcessId">840</Data>
    <Data Name="ParentImage">-</Data>
    <Data Name="ParentCommandLine">-</Data>
    <Data Name="ParentUser">-</Data>
  </EventData>
</Event>
<?xml version="1.0" encoding="utf-8"?>
<Event xmlns="http://schemas.microsoft.com/win/2004/08/events/event">
  <System>
    <Provider Name="Microsoft-Windows-Sysmon" Guid="5770385F-C22A-43E0-BF4C-06F5698FFBD9">
    </Provider>
    <EventID>1</EventID>
    <Version>5</Version>
    <Level>4</Level>
    <Task>1</Task>
    <Opcode>0</Opcode>
    <Keywords>0x8000000000000000</Keywords>
    <TimeCreated SystemTime="2023-02-10T08:04:29.237976Z">
    </TimeCreated>
    <EventRecordID>863</EventRecordID>
    <Correlation>
    </Correlation>
    <Execution ProcessID="2964" ThreadID="4368">
    </Execution>
    <Channel>Microsoft-Windows-Sysmon/Operational</Channel>
    <Computer>WIN-4CKB6CSHOSJ</Computer>
    <Security UserID="S-1-5-18">
    </Security>
  </System>
  <EventData>
    <Data Name="RuleName">-</Data>
    <Data Name="UtcTime">2023-02-10 08:04:29.235</Data>
    <Data Name="ProcessGuid">FF8B6A41-FA8D-63E5-1D02-000000000200</Data>
    <Data Name="ProcessId">3456</Data>
    <Data Name="Image">C:\Windows\System32\notepad.exe</Data>
    <Data Name="FileVersion">10.0.17763.1697 (WinBuild.160101.0800)</Data>
    <Data Name="Description">Notepad</Data>
    <Data Name="Product">Microsoft® Windows® Operating System</Data>
    <Data Name="Company">Microsoft Corporation</Data>
    <Data Name="OriginalFileName">NOTEPAD.EXE</Data>
    <Data Name="CommandLine">&quot;C:\Windows\system32\NOTEPAD.EXE&quot; C:\Users\Administrator\.ssh\authorized_keys</Data>
    <Data Name="CurrentDirectory">C:\Windows\system32\</Data>
    <Data Name="User">WIN-4CKB6CSHOSJ\gerald</Data>
    <Data Name="LogonGuid">FF8B6A41-F27F-63E5-C21B-330000000000</Data>
    <Data Name="LogonId">0x331bc2</Data>
    <Data Name="TerminalSessionId">2</Data>
    <Data Name="IntegrityLevel">Medium</Data>
    <Data Name="Hashes">MD5=5394096A1CEBF81AF24E993777CAABF4,SHA256=A28438E1388F272A52559536D99D65BA15B1A8288BE1200E249851FDF7EE6C7E,IMPHASH=C8922BE3DCDFEB5994C9EEE7745DC22E</Data>
    <Data Name="ParentProcessGuid">FF8B6A41-FA8B-63E5-1C02-000000000200</Data>
    <Data Name="ParentProcessId">3776</Data>
    <Data Name="ParentImage">C:\Windows\System32\OpenWith.exe</Data>
    <Data Name="ParentCommandLine">C:\Windows\system32\OpenWith.exe -Embedding</Data>
    <Data Name="ParentUser">WIN-4CKB6CSHOSJ\gerald</Data>
  </EventData>
</Event>
<?xml version="1.0" encoding="utf-8"?>
<Event xmlns="http://schemas.microsoft.com/win/2004/08/events/event">
  <System>
    <Provider Name="Microsoft-Windows-Sysmon" Guid="5770385F-C22A-43E0-BF4C-06F5698FFBD9">
    </Provider>
    <EventID>13</EventID>
    <Version>2</Version>
    <Level>4</Level>
    <Task>13</Task>
    <Opcode>0</Opcode>
    <Keywords>0x8000000000000000</Keywords>
    <TimeCreated SystemTime="2023-02-10T08:04:40.155495Z">
    </TimeCreated>
    <EventRecordID>864</EventRecordID>
    <Correlation>
    </Correlation>
    <Execution ProcessID="2964" ThreadID="4368">
    </Execution>
    <Channel>Microsoft-Windows-Sysmon/Operational</Channel>
    <Computer>WIN-4CKB6CSHOSJ</Computer>
    <Security UserID="S-1-5-18">
    </Security>
  </System>
  <EventData>
    <Data Name="RuleName">-</Data>
    <Data Name="EventType">SetValue</Data>
    <Data Name="UtcTime">2023-02-10 08:04:40.140</Data>
    <Data Name="ProcessGuid">FF8B6A41-F280-63E5-5C01-000000000200</Data>
    <Data Name="ProcessId">6768</Data>
    <Data Name="Image">C:\Windows\Explorer.EXE</Data>
    <Data Name="TargetObject">HKU\S-1-5-21-2015006658-2617748372-1685106364-1000\Software\Microsoft\Windows\CurrentVersion\Shell Extensions\Cached\{A3C3D402-E56C-4033-95F7-4885E80B0111} {ADD8BA80-002B-11D0-8F0F-00C04FD7D062} 0xFFFF</Data>
    <Data Name="Details">Binary Data</Data>
    <Data Name="User">WIN-4CKB6CSHOSJ\gerald</Data>
  </EventData>
</Event>
<?xml version="1.0" encoding="utf-8"?>
<Event xmlns="http://schemas.microsoft.com/win/2004/08/events/event">
  <System>
    <Provider Name="Microsoft-Windows-Sysmon" Guid="5770385F-C22A-43E0-BF4C-06F5698FFBD9">
    </Provider>
    <EventID>1</EventID>
    <Version>5</Version>
    <Level>4</Level>
    <Task>1</Task>
    <Opcode>0</Opcode>
    <Keywords>0x8000000000000000</Keywords>
    <TimeCreated SystemTime="2023-02-10T08:04:53.137738Z">
    </TimeCreated>
    <EventRecordID>865</EventRecordID>
    <Correlation>
    </Correlation>
    <Execution ProcessID="2964" ThreadID="4368">
    </Execution>
    <Channel>Microsoft-Windows-Sysmon/Operational</Channel>
    <Computer>WIN-4CKB6CSHOSJ</Computer>
    <Security UserID="S-1-5-18">
    </Security>
  </System>
  <EventData>
    <Data Name="RuleName">-</Data>
    <Data Name="UtcTime">2023-02-10 08:04:53.136</Data>
    <Data Name="ProcessGuid">FF8B6A41-FAA5-63E5-1E02-000000000200</Data>
    <Data Name="ProcessId">5236</Data>
    <Data Name="Image">C:\Windows\System32\consent.exe</Data>
    <Data Name="FileVersion">10.0.17763.3232 (WinBuild.160101.0800)</Data>
    <Data Name="Description">Consent UI for administrative applications</Data>
    <Data Name="Product">Microsoft® Windows® Operating System</Data>
    <Data Name="Company">Microsoft Corporation</Data>
    <Data Name="OriginalFileName">consent.exe</Data>
    <Data Name="CommandLine">consent.exe 5156 378 0000022E608FD920</Data>
    <Data Name="CurrentDirectory">C:\Windows\system32\</Data>
    <Data Name="User">NT AUTHORITY\SYSTEM</Data>
    <Data Name="LogonGuid">FF8B6A41-D5BF-63E5-E703-000000000000</Data>
    <Data Name="LogonId">0x3e7</Data>
    <Data Name="TerminalSessionId">2</Data>
    <Data Name="IntegrityLevel">System</Data>
    <Data Name="Hashes">MD5=C67713C28BB97E685FEB88FFAEB96788,SHA256=6272541FD22C1D9B5DFE9364A0A1D6B12BBCAA28EFA0504E3A344E967AEA9C5C,IMPHASH=1275A84E15AAA739F3099F6A73D7D6FA</Data>
    <Data Name="ParentProcessGuid">FF8B6A41-FA15-63E5-0E02-000000000200</Data>
    <Data Name="ParentProcessId">5156</Data>
    <Data Name="ParentImage">C:\Windows\System32\svchost.exe</Data>
    <Data Name="ParentCommandLine">C:\Windows\system32\svchost.exe -k netsvcs -p -s Appinfo</Data>
    <Data Name="ParentUser">NT AUTHORITY\SYSTEM</Data>
  </EventData>
</Event>
<?xml version="1.0" encoding="utf-8"?>
<Event xmlns="http://schemas.microsoft.com/win/2004/08/events/event">
  <System>
    <Provider Name="Microsoft-Windows-Sysmon" Guid="5770385F-C22A-43E0-BF4C-06F5698FFBD9">
    </Provider>
    <EventID>1</EventID>
    <Version>5</Version>
    <Level>4</Level>
    <Task>1</Task>
    <Opcode>0</Opcode>
    <Keywords>0x8000000000000000</Keywords>
    <TimeCreated SystemTime="2023-02-10T08:05:00.516907Z">
    </TimeCreated>
    <EventRecordID>866</EventRecordID>
    <Correlation>
    </Correlation>
    <Execution ProcessID="2964" ThreadID="4368">
    </Execution>
    <Channel>Microsoft-Windows-Sysmon/Operational</Channel>
    <Computer>WIN-4CKB6CSHOSJ</Computer>
    <Security UserID="S-1-5-18">
    </Security>
  </System>
  <EventData>
    <Data Name="RuleName">-</Data>
    <Data Name="UtcTime">2023-02-10 08:05:00.514</Data>
    <Data Name="ProcessGuid">FF8B6A41-FAAC-63E5-2102-000000000200</Data>
    <Data Name="ProcessId">1160</Data>
    <Data Name="Image">C:\Program Files (x86)\Microsoft\EdgeUpdate\MicrosoftEdgeUpdate.exe</Data>
    <Data Name="FileVersion">1.3.173.45</Data>
    <Data Name="Description">Microsoft Edge Update</Data>
    <Data Name="Product">Microsoft Edge Update</Data>
    <Data Name="Company">Microsoft Corporation</Data>
    <Data Name="OriginalFileName">msedgeupdate.dll</Data>
    <Data Name="CommandLine">&quot;C:\Program Files (x86)\Microsoft\EdgeUpdate\MicrosoftEdgeUpdate.exe&quot; /ua /installsource scheduler</Data>
    <Data Name="CurrentDirectory">C:\Windows\system32\</Data>
    <Data Name="User">NT AUTHORITY\SYSTEM</Data>
    <Data Name="LogonGuid">FF8B6A41-D5BF-63E5-E703-000000000000</Data>
    <Data Name="LogonId">0x3e7</Data>
    <Data Name="TerminalSessionId">0</Data>
    <Data Name="IntegrityLevel">System</Data>
    <Data Name="Hashes">MD5=AE0BD70D0D7E467457B9E39B29F78410,SHA256=4D9F16B00BDA1DB65B68CB486F7AE1BF5B32AEDF7FD335E4A8EF2FA087870986,IMPHASH=CD3B2D99C6655A5D4A14E30E380F5BF9</Data>
    <Data Name="ParentProcessGuid">FF8B6A41-D5C0-63E5-2400-000000000200</Data>
    <Data Name="ParentProcessId">1612</Data>
    <Data Name="ParentImage">C:\Windows\System32\svchost.exe</Data>
    <Data Name="ParentCommandLine">C:\Windows\system32\svchost.exe -k netsvcs -p -s Schedule</Data>
    <Data Name="ParentUser">NT AUTHORITY\SYSTEM</Data>
  </EventData>
</Event>
<?xml version="1.0" encoding="utf-8"?>
<Event xmlns="http://schemas.microsoft.com/win/2004/08/events/event">
  <System>
    <Provider Name="Microsoft-Windows-Sysmon" Guid="5770385F-C22A-43E0-BF4C-06F5698FFBD9">
    </Provider>
    <EventID>1</EventID>
    <Version>5</Version>
    <Level>4</Level>
    <Task>1</Task>
    <Opcode>0</Opcode>
    <Keywords>0x8000000000000000</Keywords>
    <TimeCreated SystemTime="2023-02-10T08:05:15.982295Z">
    </TimeCreated>
    <EventRecordID>867</EventRecordID>
    <Correlation>
    </Correlation>
    <Execution ProcessID="2964" ThreadID="4368">
    </Execution>
    <Channel>Microsoft-Windows-Sysmon/Operational</Channel>
    <Computer>WIN-4CKB6CSHOSJ</Computer>
    <Security UserID="S-1-5-18">
    </Security>
  </System>
  <EventData>
    <Data Name="RuleName">-</Data>
    <Data Name="UtcTime">2023-02-10 08:05:15.981</Data>
    <Data Name="ProcessGuid">FF8B6A41-FABB-63E5-2202-000000000200</Data>
    <Data Name="ProcessId">2476</Data>
    <Data Name="Image">C:\Windows\System32\consent.exe</Data>
    <Data Name="FileVersion">10.0.17763.3232 (WinBuild.160101.0800)</Data>
    <Data Name="Description">Consent UI for administrative applications</Data>
    <Data Name="Product">Microsoft® Windows® Operating System</Data>
    <Data Name="Company">Microsoft Corporation</Data>
    <Data Name="OriginalFileName">consent.exe</Data>
    <Data Name="CommandLine">consent.exe 5156 378 0000022E608FDEF0</Data>
    <Data Name="CurrentDirectory">C:\Windows\system32\</Data>
    <Data Name="User">NT AUTHORITY\SYSTEM</Data>
    <Data Name="LogonGuid">FF8B6A41-D5BF-63E5-E703-000000000000</Data>
    <Data Name="LogonId">0x3e7</Data>
    <Data Name="TerminalSessionId">2</Data>
    <Data Name="IntegrityLevel">System</Data>
    <Data Name="Hashes">MD5=C67713C28BB97E685FEB88FFAEB96788,SHA256=6272541FD22C1D9B5DFE9364A0A1D6B12BBCAA28EFA0504E3A344E967AEA9C5C,IMPHASH=1275A84E15AAA739F3099F6A73D7D6FA</Data>
    <Data Name="ParentProcessGuid">FF8B6A41-FA15-63E5-0E02-000000000200</Data>
    <Data Name="ParentProcessId">5156</Data>
    <Data Name="ParentImage">C:\Windows\System32\svchost.exe</Data>
    <Data Name="ParentCommandLine">C:\Windows\system32\svchost.exe -k netsvcs -p -s Appinfo</Data>
    <Data Name="ParentUser">NT AUTHORITY\SYSTEM</Data>
  </EventData>
</Event>
<?xml version="1.0" encoding="utf-8"?>
<Event xmlns="http://schemas.microsoft.com/win/2004/08/events/event">
  <System>
    <Provider Name="Microsoft-Windows-Sysmon" Guid="5770385F-C22A-43E0-BF4C-06F5698FFBD9">
    </Provider>
    <EventID>1</EventID>
    <Version>5</Version>
    <Level>4</Level>
    <Task>1</Task>
    <Opcode>0</Opcode>
    <Keywords>0x8000000000000000</Keywords>
    <TimeCreated SystemTime="2023-02-10T08:05:54.664708Z">
    </TimeCreated>
    <EventRecordID>868</EventRecordID>
    <Correlation>
    </Correlation>
    <Execution ProcessID="2964" ThreadID="4368">
    </Execution>
    <Channel>Microsoft-Windows-Sysmon/Operational</Channel>
    <Computer>WIN-4CKB6CSHOSJ</Computer>
    <Security UserID="S-1-5-18">
    </Security>
  </System>
  <EventData>
    <Data Name="RuleName">-</Data>
    <Data Name="UtcTime">2023-02-10 08:05:54.663</Data>
    <Data Name="ProcessGuid">FF8B6A41-FAE2-63E5-2502-000000000200</Data>
    <Data Name="ProcessId">572</Data>
    <Data Name="Image">C:\Windows\System32\OpenSSH\sshd.exe</Data>
    <Data Name="FileVersion">7.7.2.1</Data>
    <Data Name="Description">-</Data>
    <Data Name="Product">OpenSSH for Windows</Data>
    <Data Name="Company">-</Data>
    <Data Name="OriginalFileName">-</Data>
    <Data Name="CommandLine">&quot;C:\Windows\System32\OpenSSH\sshd.exe&quot; &quot;-R&quot;</Data>
    <Data Name="CurrentDirectory">C:\</Data>
    <Data Name="User">NT AUTHORITY\SYSTEM</Data>
    <Data Name="LogonGuid">FF8B6A41-D5BF-63E5-E703-000000000000</Data>
    <Data Name="LogonId">0x3e7</Data>
    <Data Name="TerminalSessionId">0</Data>
    <Data Name="IntegrityLevel">System</Data>
    <Data Name="Hashes">MD5=19A0B629736428651345DB7AEBB99059,SHA256=C1C3B80959E225B8A8ADA7C8B1C4BFF6587887294318EB376A54B02B06F97BA8,IMPHASH=27DE371E1DAE125BC04CC09552C72D87</Data>
    <Data Name="ParentProcessGuid">FF8B6A41-D5C0-63E5-3A00-000000000200</Data>
    <Data Name="ParentProcessId">2980</Data>
    <Data Name="ParentImage">C:\Windows\System32\OpenSSH\sshd.exe</Data>
    <Data Name="ParentCommandLine">C:\Windows\System32\OpenSSH\sshd.exe</Data>
    <Data Name="ParentUser">NT AUTHORITY\SYSTEM</Data>
  </EventData>
</Event>
<?xml version="1.0" encoding="utf-8"?>
<Event xmlns="http://schemas.microsoft.com/win/2004/08/events/event">
  <System>
    <Provider Name="Microsoft-Windows-Sysmon" Guid="5770385F-C22A-43E0-BF4C-06F5698FFBD9">
    </Provider>
    <EventID>1</EventID>
    <Version>5</Version>
    <Level>4</Level>
    <Task>1</Task>
    <Opcode>0</Opcode>
    <Keywords>0x8000000000000000</Keywords>
    <TimeCreated SystemTime="2023-02-10T08:05:54.771641Z">
    </TimeCreated>
    <EventRecordID>869</EventRecordID>
    <Correlation>
    </Correlation>
    <Execution ProcessID="2964" ThreadID="4368">
    </Execution>
    <Channel>Microsoft-Windows-Sysmon/Operational</Channel>
    <Computer>WIN-4CKB6CSHOSJ</Computer>
    <Security UserID="S-1-5-18">
    </Security>
  </System>
  <EventData>
    <Data Name="RuleName">-</Data>
    <Data Name="UtcTime">2023-02-10 08:05:54.768</Data>
    <Data Name="ProcessGuid">FF8B6A41-FAE2-63E5-2702-000000000200</Data>
    <Data Name="ProcessId">2348</Data>
    <Data Name="Image">C:\Windows\System32\OpenSSH\sshd.exe</Data>
    <Data Name="FileVersion">7.7.2.1</Data>
    <Data Name="Description">-</Data>
    <Data Name="Product">OpenSSH for Windows</Data>
    <Data Name="Company">-</Data>
    <Data Name="OriginalFileName">-</Data>
    <Data Name="CommandLine">&quot;C:\Windows\System32\OpenSSH\sshd.exe&quot; &quot;-y&quot;</Data>
    <Data Name="CurrentDirectory">C:\</Data>
    <Data Name="User">VIRTUAL USERS\sshd_572</Data>
    <Data Name="LogonGuid">FF8B6A41-FAE2-63E5-C093-410000000000</Data>
    <Data Name="LogonId">0x4193c0</Data>
    <Data Name="TerminalSessionId">0</Data>
    <Data Name="IntegrityLevel">High</Data>
    <Data Name="Hashes">MD5=19A0B629736428651345DB7AEBB99059,SHA256=C1C3B80959E225B8A8ADA7C8B1C4BFF6587887294318EB376A54B02B06F97BA8,IMPHASH=27DE371E1DAE125BC04CC09552C72D87</Data>
    <Data Name="ParentProcessGuid">FF8B6A41-FAE2-63E5-2502-000000000200</Data>
    <Data Name="ParentProcessId">572</Data>
    <Data Name="ParentImage">C:\Windows\System32\OpenSSH\sshd.exe</Data>
    <Data Name="ParentCommandLine">&quot;C:\Windows\System32\OpenSSH\sshd.exe&quot; &quot;-R&quot;</Data>
    <Data Name="ParentUser">NT AUTHORITY\SYSTEM</Data>
  </EventData>
</Event>
<?xml version="1.0" encoding="utf-8"?>
<Event xmlns="http://schemas.microsoft.com/win/2004/08/events/event">
  <System>
    <Provider Name="Microsoft-Windows-Sysmon" Guid="5770385F-C22A-43E0-BF4C-06F5698FFBD9">
    </Provider>
    <EventID>1</EventID>
    <Version>5</Version>
    <Level>4</Level>
    <Task>1</Task>
    <Opcode>0</Opcode>
    <Keywords>0x8000000000000000</Keywords>
    <TimeCreated SystemTime="2023-02-10T08:05:55.068148Z">
    </TimeCreated>
    <EventRecordID>870</EventRecordID>
    <Correlation>
    </Correlation>
    <Execution ProcessID="2964" ThreadID="4368">
    </Execution>
    <Channel>Microsoft-Windows-Sysmon/Operational</Channel>
    <Computer>WIN-4CKB6CSHOSJ</Computer>
    <Security UserID="S-1-5-18">
    </Security>
  </System>
  <EventData>
    <Data Name="RuleName">-</Data>
    <Data Name="UtcTime">2023-02-10 08:05:55.067</Data>
    <Data Name="ProcessGuid">FF8B6A41-FAE3-63E5-2902-000000000200</Data>
    <Data Name="ProcessId">3936</Data>
    <Data Name="Image">C:\Windows\System32\OpenSSH\sshd.exe</Data>
    <Data Name="FileVersion">7.7.2.1</Data>
    <Data Name="Description">-</Data>
    <Data Name="Product">OpenSSH for Windows</Data>
    <Data Name="Company">-</Data>
    <Data Name="OriginalFileName">-</Data>
    <Data Name="CommandLine">&quot;C:\Windows\System32\OpenSSH\sshd.exe&quot; &quot;-z&quot;</Data>
    <Data Name="CurrentDirectory">C:\</Data>
    <Data Name="User">WIN-4CKB6CSHOSJ\Administrator</Data>
    <Data Name="LogonGuid">FF8B6A41-FAE2-63E5-2E96-410000000000</Data>
    <Data Name="LogonId">0x41962e</Data>
    <Data Name="TerminalSessionId">0</Data>
    <Data Name="IntegrityLevel">High</Data>
    <Data Name="Hashes">MD5=19A0B629736428651345DB7AEBB99059,SHA256=C1C3B80959E225B8A8ADA7C8B1C4BFF6587887294318EB376A54B02B06F97BA8,IMPHASH=27DE371E1DAE125BC04CC09552C72D87</Data>
    <Data Name="ParentProcessGuid">FF8B6A41-FAE2-63E5-2502-000000000200</Data>
    <Data Name="ParentProcessId">572</Data>
    <Data Name="ParentImage">C:\Windows\System32\OpenSSH\sshd.exe</Data>
    <Data Name="ParentCommandLine">&quot;C:\Windows\System32\OpenSSH\sshd.exe&quot; &quot;-R&quot;</Data>
    <Data Name="ParentUser">NT AUTHORITY\SYSTEM</Data>
  </EventData>
</Event>
