<?xml version="1.0" encoding="utf-8"?>
<Event xmlns="http://schemas.microsoft.com/win/2004/08/events/event">
  <System>
    <Provider Name="Microsoft-Windows-Sysmon" Guid="5770385F-C22A-43E0-BF4C-06F5698FFBD9">
    </Provider>
    <EventID>13</EventID>
    <Version>2</Version>
    <Level>4</Level>
    <Task>13</Task>
    <Opcode>0</Opcode>
    <Keywords>0x8000000000000000</Keywords>
    <TimeCreated SystemTime="2023-02-10T07:43:44.490462Z">
    </TimeCreated>
    <EventRecordID>756</EventRecordID>
    <Correlation>
    </Correlation>
    <Execution ProcessID="2964" ThreadID="4368">
    </Execution>
    <Channel>Microsoft-Windows-Sysmon/Operational</Channel>
    <Computer>WIN-4CKB6CSHOSJ</Computer>
    <Security UserID="S-1-5-18">
    </Security>
  </System>
  <EventData>
    <Data Name="RuleName">T1031,T1050</Data>
    <Data Name="EventType">SetValue</Data>
    <Data Name="UtcTime">2023-02-10 07:43:44.475</Data>
    <Data Name="ProcessGuid">FF8B6A41-D5BE-63E5-0B00-000000000200</Data>
    <Data Name="ProcessId">676</Data>
    <Data Name="Image">C:\Windows\system32\services.exe</Data>
    <Data Name="TargetObject">HKLM\System\CurrentControlSet\Services\PimIndexMaintenanceSvc_3969a2\ImagePath</Data>
    <Data Name="Details">C:\Windows\system32\svchost.exe -k UnistackSvcGroup</Data>
    <Data Name="User">NT AUTHORITY\SYSTEM</Data>
  </EventData>
</Event>
<?xml version="1.0" encoding="utf-8"?>
<Event xmlns="http://schemas.microsoft.com/win/2004/08/events/event">
  <System>
    <Provider Name="Microsoft-Windows-Sysmon" Guid="5770385F-C22A-43E0-BF4C-06F5698FFBD9">
    </Provider>
    <EventID>13</EventID>
    <Version>2</Version>
    <Level>4</Level>
    <Task>13</Task>
    <Opcode>0</Opcode>
    <Keywords>0x8000000000000000</Keywords>
    <TimeCreated SystemTime="2023-02-10T07:43:44.491772Z">
    </TimeCreated>
    <EventRecordID>757</EventRecordID>
    <Correlation>
    </Correlation>
    <Execution ProcessID="2964" ThreadID="4368">
    </Execution>
    <Channel>Microsoft-Windows-Sysmon/Operational</Channel>
    <Computer>WIN-4CKB6CSHOSJ</Computer>
    <Security UserID="S-1-5-18">
    </Security>
  </System>
  <EventData>
    <Data Name="RuleName">T1031,T1050</Data>
    <Data Name="EventType">SetValue</Data>
    <Data Name="UtcTime">2023-02-10 07:43:44.475</Data>
    <Data Name="ProcessGuid">FF8B6A41-D5BE-63E5-0B00-000000000200</Data>
    <Data Name="ProcessId">676</Data>
    <Data Name="Image">C:\Windows\system32\services.exe</Data>
    <Data Name="TargetObject">HKLM\System\CurrentControlSet\Services\PrintWorkflowUserSvc_3969a2\Start</Data>
    <Data Name="Details">DWORD (0x00000003)</Data>
    <Data Name="User">NT AUTHORITY\SYSTEM</Data>
  </EventData>
</Event>
<?xml version="1.0" encoding="utf-8"?>
<Event xmlns="http://schemas.microsoft.com/win/2004/08/events/event">
  <System>
    <Provider Name="Microsoft-Windows-Sysmon" Guid="5770385F-C22A-43E0-BF4C-06F5698FFBD9">
    </Provider>
    <EventID>13</EventID>
    <Version>2</Version>
    <Level>4</Level>
    <Task>13</Task>
    <Opcode>0</Opcode>
    <Keywords>0x8000000000000000</Keywords>
    <TimeCreated SystemTime="2023-02-10T07:43:44.492063Z">
    </TimeCreated>
    <EventRecordID>758</EventRecordID>
    <Correlation>
    </Correlation>
    <Execution ProcessID="2964" ThreadID="4368">
    </Execution>
    <Channel>Microsoft-Windows-Sysmon/Operational</Channel>
    <Computer>WIN-4CKB6CSHOSJ</Computer>
    <Security UserID="S-1-5-18">
    </Security>
  </System>
  <EventData>
    <Data Name="RuleName">T1031,T1050</Data>
    <Data Name="EventType">SetValue</Data>
    <Data Name="UtcTime">2023-02-10 07:43:44.475</Data>
    <Data Name="ProcessGuid">FF8B6A41-D5BE-63E5-0B00-000000000200</Data>
    <Data Name="ProcessId">676</Data>
    <Data Name="Image">C:\Windows\system32\services.exe</Data>
    <Data Name="TargetObject">HKLM\System\CurrentControlSet\Services\PrintWorkflowUserSvc_3969a2\ImagePath</Data>
    <Data Name="Details">C:\Windows\system32\svchost.exe -k PrintWorkflow</Data>
    <Data Name="User">NT AUTHORITY\SYSTEM</Data>
  </EventData>
</Event>
<?xml version="1.0" encoding="utf-8"?>
<Event xmlns="http://schemas.microsoft.com/win/2004/08/events/event">
  <System>
    <Provider Name="Microsoft-Windows-Sysmon" Guid="5770385F-C22A-43E0-BF4C-06F5698FFBD9">
    </Provider>
    <EventID>13</EventID>
    <Version>2</Version>
    <Level>4</Level>
    <Task>13</Task>
    <Opcode>0</Opcode>
    <Keywords>0x8000000000000000</Keywords>
    <TimeCreated SystemTime="2023-02-10T07:43:44.492893Z">
    </TimeCreated>
    <EventRecordID>759</EventRecordID>
    <Correlation>
    </Correlation>
    <Execution ProcessID="2964" ThreadID="4368">
    </Execution>
    <Channel>Microsoft-Windows-Sysmon/Operational</Channel>
    <Computer>WIN-4CKB6CSHOSJ</Computer>
    <Security UserID="S-1-5-18">
    </Security>
  </System>
  <EventData>
    <Data Name="RuleName">T1031,T1050</Data>
    <Data Name="EventType">SetValue</Data>
    <Data Name="UtcTime">2023-02-10 07:43:44.491</Data>
    <Data Name="ProcessGuid">FF8B6A41-D5BE-63E5-0B00-000000000200</Data>
    <Data Name="ProcessId">676</Data>
    <Data Name="Image">C:\Windows\system32\services.exe</Data>
    <Data Name="TargetObject">HKLM\System\CurrentControlSet\Services\UnistoreSvc_3969a2\Start</Data>
    <Data Name="Details">DWORD (0x00000003)</Data>
    <Data Name="User">NT AUTHORITY\SYSTEM</Data>
  </EventData>
</Event>
<?xml version="1.0" encoding="utf-8"?>
<Event xmlns="http://schemas.microsoft.com/win/2004/08/events/event">
  <System>
    <Provider Name="Microsoft-Windows-Sysmon" Guid="5770385F-C22A-43E0-BF4C-06F5698FFBD9">
    </Provider>
    <EventID>13</EventID>
    <Version>2</Version>
    <Level>4</Level>
    <Task>13</Task>
    <Opcode>0</Opcode>
    <Keywords>0x8000000000000000</Keywords>
    <TimeCreated SystemTime="2023-02-10T07:43:44.493005Z">
    </TimeCreated>
    <EventRecordID>760</EventRecordID>
    <Correlation>
    </Correlation>
    <Execution ProcessID="2964" ThreadID="4368">
    </Execution>
    <Channel>Microsoft-Windows-Sysmon/Operational</Channel>
    <Computer>WIN-4CKB6CSHOSJ</Computer>
    <Security UserID="S-1-5-18">
    </Security>
  </System>
  <EventData>
    <Data Name="RuleName">T1031,T1050</Data>
    <Data Name="EventType">SetValue</Data>
    <Data Name="UtcTime">2023-02-10 07:43:44.491</Data>
    <Data Name="ProcessGuid">FF8B6A41-D5BE-63E5-0B00-000000000200</Data>
    <Data Name="ProcessId">676</Data>
    <Data Name="Image">C:\Windows\system32\services.exe</Data>
    <Data Name="TargetObject">HKLM\System\CurrentControlSet\Services\UnistoreSvc_3969a2\ImagePath</Data>
    <Data Name="Details">C:\Windows\System32\svchost.exe -k UnistackSvcGroup</Data>
    <Data Name="User">NT AUTHORITY\SYSTEM</Data>
  </EventData>
</Event>
<?xml version="1.0" encoding="utf-8"?>
<Event xmlns="http://schemas.microsoft.com/win/2004/08/events/event">
  <System>
    <Provider Name="Microsoft-Windows-Sysmon" Guid="5770385F-C22A-43E0-BF4C-06F5698FFBD9">
    </Provider>
    <EventID>13</EventID>
    <Version>2</Version>
    <Level>4</Level>
    <Task>13</Task>
    <Opcode>0</Opcode>
    <Keywords>0x8000000000000000</Keywords>
    <TimeCreated SystemTime="2023-02-10T07:43:44.494584Z">
    </TimeCreated>
    <EventRecordID>761</EventRecordID>
    <Correlation>
    </Correlation>
    <Execution ProcessID="2964" ThreadID="4368">
    </Execution>
    <Channel>Microsoft-Windows-Sysmon/Operational</Channel>
    <Computer>WIN-4CKB6CSHOSJ</Computer>
    <Security UserID="S-1-5-18">
    </Security>
  </System>
  <EventData>
    <Data Name="RuleName">T1031,T1050</Data>
    <Data Name="EventType">SetValue</Data>
    <Data Name="UtcTime">2023-02-10 07:43:44.491</Data>
    <Data Name="ProcessGuid">FF8B6A41-D5BE-63E5-0B00-000000000200</Data>
    <Data Name="ProcessId">676</Data>
    <Data Name="Image">C:\Windows\system32\services.exe</Data>
    <Data Name="TargetObject">HKLM\System\CurrentControlSet\Services\UserDataSvc_3969a2\Start</Data>
    <Data Name="Details">DWORD (0x00000003)</Data>
    <Data Name="User">NT AUTHORITY\SYSTEM</Data>
  </EventData>
</Event>
<?xml version="1.0" encoding="utf-8"?>
<Event xmlns="http://schemas.microsoft.com/win/2004/08/events/event">
  <System>
    <Provider Name="Microsoft-Windows-Sysmon" Guid="5770385F-C22A-43E0-BF4C-06F5698FFBD9">
    </Provider>
    <EventID>13</EventID>
    <Version>2</Version>
    <Level>4</Level>
    <Task>13</Task>
    <Opcode>0</Opcode>
    <Keywords>0x8000000000000000</Keywords>
    <TimeCreated SystemTime="2023-02-10T07:43:44.494657Z">
    </TimeCreated>
    <EventRecordID>762</EventRecordID>
    <Correlation>
    </Correlation>
    <Execution ProcessID="2964" ThreadID="4368">
    </Execution>
    <Channel>Microsoft-Windows-Sysmon/Operational</Channel>
    <Computer>WIN-4CKB6CSHOSJ</Computer>
    <Security UserID="S-1-5-18">
    </Security>
  </System>
  <EventData>
    <Data Name="RuleName">T1031,T1050</Data>
    <Data Name="EventType">SetValue</Data>
    <Data Name="UtcTime">2023-02-10 07:43:44.491</Data>
    <Data Name="ProcessGuid">FF8B6A41-D5BE-63E5-0B00-000000000200</Data>
    <Data Name="ProcessId">676</Data>
    <Data Name="Image">C:\Windows\system32\services.exe</Data>
    <Data Name="TargetObject">HKLM\System\CurrentControlSet\Services\UserDataSvc_3969a2\ImagePath</Data>
    <Data Name="Details">C:\Windows\system32\svchost.exe -k UnistackSvcGroup</Data>
    <Data Name="User">NT AUTHORITY\SYSTEM</Data>
  </EventData>
</Event>
<?xml version="1.0" encoding="utf-8"?>
<Event xmlns="http://schemas.microsoft.com/win/2004/08/events/event">
  <System>
    <Provider Name="Microsoft-Windows-Sysmon" Guid="5770385F-C22A-43E0-BF4C-06F5698FFBD9">
    </Provider>
    <EventID>13</EventID>
    <Version>2</Version>
    <Level>4</Level>
    <Task>13</Task>
    <Opcode>0</Opcode>
    <Keywords>0x8000000000000000</Keywords>
    <TimeCreated SystemTime="2023-02-10T07:43:44.495959Z">
    </TimeCreated>
    <EventRecordID>763</EventRecordID>
    <Correlation>
    </Correlation>
    <Execution ProcessID="2964" ThreadID="4368">
    </Execution>
    <Channel>Microsoft-Windows-Sysmon/Operational</Channel>
    <Computer>WIN-4CKB6CSHOSJ</Computer>
    <Security UserID="S-1-5-18">
    </Security>
  </System>
  <EventData>
    <Data Name="RuleName">T1031,T1050</Data>
    <Data Name="EventType">SetValue</Data>
    <Data Name="UtcTime">2023-02-10 07:43:44.491</Data>
    <Data Name="ProcessGuid">FF8B6A41-D5BE-63E5-0B00-000000000200</Data>
    <Data Name="ProcessId">676</Data>
    <Data Name="Image">C:\Windows\system32\services.exe</Data>
    <Data Name="TargetObject">HKLM\System\CurrentControlSet\Services\WpnUserService_3969a2\Start</Data>
    <Data Name="Details">DWORD (0x00000002)</Data>
    <Data Name="User">NT AUTHORITY\SYSTEM</Data>
  </EventData>
</Event>
<?xml version="1.0" encoding="utf-8"?>
<Event xmlns="http://schemas.microsoft.com/win/2004/08/events/event">
  <System>
    <Provider Name="Microsoft-Windows-Sysmon" Guid="5770385F-C22A-43E0-BF4C-06F5698FFBD9">
    </Provider>
    <EventID>13</EventID>
    <Version>2</Version>
    <Level>4</Level>
    <Task>13</Task>
    <Opcode>0</Opcode>
    <Keywords>0x8000000000000000</Keywords>
    <TimeCreated SystemTime="2023-02-10T07:43:44.496021Z">
    </TimeCreated>
    <EventRecordID>764</EventRecordID>
    <Correlation>
    </Correlation>
    <Execution ProcessID="2964" ThreadID="4368">
    </Execution>
    <Channel>Microsoft-Windows-Sysmon/Operational</Channel>
    <Computer>WIN-4CKB6CSHOSJ</Computer>
    <Security UserID="S-1-5-18">
    </Security>
  </System>
  <EventData>
    <Data Name="RuleName">T1031,T1050</Data>
    <Data Name="EventType">SetValue</Data>
    <Data Name="UtcTime">2023-02-10 07:43:44.491</Data>
    <Data Name="ProcessGuid">FF8B6A41-D5BE-63E5-0B00-000000000200</Data>
    <Data Name="ProcessId">676</Data>
    <Data Name="Image">C:\Windows\system32\services.exe</Data>
    <Data Name="TargetObject">HKLM\System\CurrentControlSet\Services\WpnUserService_3969a2\ImagePath</Data>
    <Data Name="Details">C:\Windows\system32\svchost.exe -k UnistackSvcGroup</Data>
    <Data Name="User">NT AUTHORITY\SYSTEM</Data>
  </EventData>
</Event>
<?xml version="1.0" encoding="utf-8"?>
<Event xmlns="http://schemas.microsoft.com/win/2004/08/events/event">
  <System>
    <Provider Name="Microsoft-Windows-Sysmon" Guid="5770385F-C22A-43E0-BF4C-06F5698FFBD9">
    </Provider>
    <EventID>1</EventID>
    <Version>5</Version>
    <Level>4</Level>
    <Task>1</Task>
    <Opcode>0</Opcode>
    <Keywords>0x8000000000000000</Keywords>
    <TimeCreated SystemTime="2023-02-10T07:43:44.505129Z">
    </TimeCreated>
    <EventRecordID>765</EventRecordID>
    <Correlation>
    </Correlation>
    <Execution ProcessID="2964" ThreadID="4368">
    </Execution>
    <Channel>Microsoft-Windows-Sysmon/Operational</Channel>
    <Computer>WIN-4CKB6CSHOSJ</Computer>
    <Security UserID="S-1-5-18">
    </Security>
  </System>
  <EventData>
    <Data Name="RuleName">-</Data>
    <Data Name="UtcTime">2023-02-10 07:43:44.503</Data>
    <Data Name="ProcessGuid">FF8B6A41-F5B0-63E5-AD01-000000000200</Data>
    <Data Name="ProcessId">1552</Data>
    <Data Name="Image">C:\Windows\System32\svchost.exe</Data>
    <Data Name="FileVersion">10.0.17763.3346 (WinBuild.160101.0800)</Data>
    <Data Name="Description">Host Process for Windows Services</Data>
    <Data Name="Product">Microsoft® Windows® Operating System</Data>
    <Data Name="Company">Microsoft Corporation</Data>
    <Data Name="OriginalFileName">svchost.exe</Data>
    <Data Name="CommandLine">C:\Windows\system32\svchost.exe -k UnistackSvcGroup -s CDPUserSvc</Data>
    <Data Name="CurrentDirectory">C:\Windows\system32\</Data>
    <Data Name="User">WIN-4CKB6CSHOSJ\keith</Data>
    <Data Name="LogonGuid">FF8B6A41-F5AF-63E5-A14C-390000000000</Data>
    <Data Name="LogonId">0x394ca1</Data>
    <Data Name="TerminalSessionId">3</Data>
    <Data Name="IntegrityLevel">Medium</Data>
    <Data Name="Hashes">MD5=4DD18F001AC31D5F48F50F99E4AA1761,SHA256=2B105FB153B1BCD619B95028612B3A93C60B953EEF6837D3BB0099E4207AAF6B,IMPHASH=247B9220E5D9B720A82B2C8B5069AD69</Data>
    <Data Name="ParentProcessGuid">FF8B6A41-D5BE-63E5-0B00-000000000200</Data>
    <Data Name="ParentProcessId">676</Data>
    <Data Name="ParentImage">C:\Windows\System32\services.exe</Data>
    <Data Name="ParentCommandLine">C:\Windows\system32\services.exe</Data>
    <Data Name="ParentUser">NT AUTHORITY\SYSTEM</Data>
  </EventData>
</Event>
<?xml version="1.0" encoding="utf-8"?>
<Event xmlns="http://schemas.microsoft.com/win/2004/08/events/event">
  <System>
    <Provider Name="Microsoft-Windows-Sysmon" Guid="5770385F-C22A-43E0-BF4C-06F5698FFBD9">
    </Provider>
    <EventID>1</EventID>
    <Version>5</Version>
    <Level>4</Level>
    <Task>1</Task>
    <Opcode>0</Opcode>
    <Keywords>0x8000000000000000</Keywords>
    <TimeCreated SystemTime="2023-02-10T07:43:44.558731Z">
    </TimeCreated>
    <EventRecordID>766</EventRecordID>
    <Correlation>
    </Correlation>
    <Execution ProcessID="2964" ThreadID="4368">
    </Execution>
    <Channel>Microsoft-Windows-Sysmon/Operational</Channel>
    <Computer>WIN-4CKB6CSHOSJ</Computer>
    <Security UserID="S-1-5-18">
    </Security>
  </System>
  <EventData>
    <Data Name="RuleName">-</Data>
    <Data Name="UtcTime">2023-02-10 07:43:44.554</Data>
    <Data Name="ProcessGuid">FF8B6A41-F5B0-63E5-AE01-000000000200</Data>
    <Data Name="ProcessId">6516</Data>
    <Data Name="Image">C:\Windows\System32\svchost.exe</Data>
    <Data Name="FileVersion">10.0.17763.3346 (WinBuild.160101.0800)</Data>
    <Data Name="Description">Host Process for Windows Services</Data>
    <Data Name="Product">Microsoft® Windows® Operating System</Data>
    <Data Name="Company">Microsoft Corporation</Data>
    <Data Name="OriginalFileName">svchost.exe</Data>
    <Data Name="CommandLine">C:\Windows\system32\svchost.exe -k UnistackSvcGroup -s WpnUserService</Data>
    <Data Name="CurrentDirectory">C:\Windows\system32\</Data>
    <Data Name="User">WIN-4CKB6CSHOSJ\keith</Data>
    <Data Name="LogonGuid">FF8B6A41-F5AF-63E5-A14C-390000000000</Data>
    <Data Name="LogonId">0x394ca1</Data>
    <Data Name="TerminalSessionId">3</Data>
    <Data Name="IntegrityLevel">Medium</Data>
    <Data Name="Hashes">MD5=4DD18F001AC31D5F48F50F99E4AA1761,SHA256=2B105FB153B1BCD619B95028612B3A93C60B953EEF6837D3BB0099E4207AAF6B,IMPHASH=247B9220E5D9B720A82B2C8B5069AD69</Data>
    <Data Name="ParentProcessGuid">FF8B6A41-D5BE-63E5-0B00-000000000200</Data>
    <Data Name="ParentProcessId">676</Data>
    <Data Name="ParentImage">C:\Windows\System32\services.exe</Data>
    <Data Name="ParentCommandLine">C:\Windows\system32\services.exe</Data>
    <Data Name="ParentUser">NT AUTHORITY\SYSTEM</Data>
  </EventData>
</Event>
<?xml version="1.0" encoding="utf-8"?>
<Event xmlns="http://schemas.microsoft.com/win/2004/08/events/event">
  <System>
    <Provider Name="Microsoft-Windows-Sysmon" Guid="5770385F-C22A-43E0-BF4C-06F5698FFBD9">
    </Provider>
    <EventID>1</EventID>
    <Version>5</Version>
    <Level>4</Level>
    <Task>1</Task>
    <Opcode>0</Opcode>
    <Keywords>0x8000000000000000</Keywords>
    <TimeCreated SystemTime="2023-02-10T07:43:44.606782Z">
    </TimeCreated>
    <EventRecordID>767</EventRecordID>
    <Correlation>
    </Correlation>
    <Execution ProcessID="2964" ThreadID="4368">
    </Execution>
    <Channel>Microsoft-Windows-Sysmon/Operational</Channel>
    <Computer>WIN-4CKB6CSHOSJ</Computer>
    <Security UserID="S-1-5-18">
    </Security>
  </System>
  <EventData>
    <Data Name="RuleName">-</Data>
    <Data Name="UtcTime">2023-02-10 07:43:44.601</Data>
    <Data Name="ProcessGuid">FF8B6A41-F5B0-63E5-AF01-000000000200</Data>
    <Data Name="ProcessId">5504</Data>
    <Data Name="Image">C:\Windows\System32\taskhostw.exe</Data>
    <Data Name="FileVersion">10.0.17763.1852 (WinBuild.160101.0800)</Data>
    <Data Name="Description">Host Process for Windows Tasks</Data>
    <Data Name="Product">Microsoft® Windows® Operating System</Data>
    <Data Name="Company">Microsoft Corporation</Data>
    <Data Name="OriginalFileName">taskhostw.exe</Data>
    <Data Name="CommandLine">taskhostw.exe {222A245B-E637-4AE9-A93F-A59CA119A75E}</Data>
    <Data Name="CurrentDirectory">C:\Windows\system32\</Data>
    <Data Name="User">WIN-4CKB6CSHOSJ\keith</Data>
    <Data Name="LogonGuid">FF8B6A41-F5AF-63E5-A14C-390000000000</Data>
    <Data Name="LogonId">0x394ca1</Data>
    <Data Name="TerminalSessionId">3</Data>
    <Data Name="IntegrityLevel">Medium</Data>
    <Data Name="Hashes">MD5=8BD7B08DA6BCA54DF9B595E4D9281BEB,SHA256=DE85F29A8BC7219F10A4AC88654C3901ABC329D7505B21CD95CBF780D1EBCCF4,IMPHASH=9839C7FD9649496B162F72128209528A</Data>
    <Data Name="ParentProcessGuid">FF8B6A41-D5C0-63E5-2400-000000000200</Data>
    <Data Name="ParentProcessId">1612</Data>
    <Data Name="ParentImage">C:\Windows\System32\svchost.exe</Data>
    <Data Name="ParentCommandLine">C:\Windows\system32\svchost.exe -k netsvcs -p -s Schedule</Data>
    <Data Name="ParentUser">NT AUTHORITY\SYSTEM</Data>
  </EventData>
</Event>
<?xml version="1.0" encoding="utf-8"?>
<Event xmlns="http://schemas.microsoft.com/win/2004/08/events/event">
  <System>
    <Provider Name="Microsoft-Windows-Sysmon" Guid="5770385F-C22A-43E0-BF4C-06F5698FFBD9">
    </Provider>
    <EventID>1</EventID>
    <Version>5</Version>
    <Level>4</Level>
    <Task>1</Task>
    <Opcode>0</Opcode>
    <Keywords>0x8000000000000000</Keywords>
    <TimeCreated SystemTime="2023-02-10T07:43:44.609030Z">
    </TimeCreated>
    <EventRecordID>768</EventRecordID>
    <Correlation>
    </Correlation>
    <Execution ProcessID="2964" ThreadID="4368">
    </Execution>
    <Channel>Microsoft-Windows-Sysmon/Operational</Channel>
    <Computer>WIN-4CKB6CSHOSJ</Computer>
    <Security UserID="S-1-5-18">
    </Security>
  </System>
  <EventData>
    <Data Name="RuleName">-</Data>
    <Data Name="UtcTime">2023-02-10 07:43:44.607</Data>
    <Data Name="ProcessGuid">FF8B6A41-F5B0-63E5-B001-000000000200</Data>
    <Data Name="ProcessId">6528</Data>
    <Data Name="Image">C:\Program Files (x86)\Microsoft\EdgeUpdate\MicrosoftEdgeUpdate.exe</Data>
    <Data Name="FileVersion">1.3.173.45</Data>
    <Data Name="Description">Microsoft Edge Update</Data>
    <Data Name="Product">Microsoft Edge Update</Data>
    <Data Name="Company">Microsoft Corporation</Data>
    <Data Name="OriginalFileName">msedgeupdate.dll</Data>
    <Data Name="CommandLine">&quot;C:\Program Files (x86)\Microsoft\EdgeUpdate\MicrosoftEdgeUpdate.exe&quot; /c</Data>
    <Data Name="CurrentDirectory">C:\Windows\system32\</Data>
    <Data Name="User">NT AUTHORITY\SYSTEM</Data>
    <Data Name="LogonGuid">FF8B6A41-D5BF-63E5-E703-000000000000</Data>
    <Data Name="LogonId">0x3e7</Data>
    <Data Name="TerminalSessionId">0</Data>
    <Data Name="IntegrityLevel">System</Data>
    <Data Name="Hashes">MD5=AE0BD70D0D7E467457B9E39B29F78410,SHA256=4D9F16B00BDA1DB65B68CB486F7AE1BF5B32AEDF7FD335E4A8EF2FA087870986,IMPHASH=CD3B2D99C6655A5D4A14E30E380F5BF9</Data>
    <Data Name="ParentProcessGuid">FF8B6A41-D5C0-63E5-2400-000000000200</Data>
    <Data Name="ParentProcessId">1612</Data>
    <Data Name="ParentImage">C:\Windows\System32\svchost.exe</Data>
    <Data Name="ParentCommandLine">C:\Windows\system32\svchost.exe -k netsvcs -p -s Schedule</Data>
    <Data Name="ParentUser">NT AUTHORITY\SYSTEM</Data>
  </EventData>
</Event>
<?xml version="1.0" encoding="utf-8"?>
<Event xmlns="http://schemas.microsoft.com/win/2004/08/events/event">
  <System>
    <Provider Name="Microsoft-Windows-Sysmon" Guid="5770385F-C22A-43E0-BF4C-06F5698FFBD9">
    </Provider>
    <EventID>1</EventID>
    <Version>5</Version>
    <Level>4</Level>
    <Task>1</Task>
    <Opcode>0</Opcode>
    <Keywords>0x8000000000000000</Keywords>
    <TimeCreated SystemTime="2023-02-10T07:43:44.618152Z">
    </TimeCreated>
    <EventRecordID>769</EventRecordID>
    <Correlation>
    </Correlation>
    <Execution ProcessID="2964" ThreadID="4368">
    </Execution>
    <Channel>Microsoft-Windows-Sysmon/Operational</Channel>
    <Computer>WIN-4CKB6CSHOSJ</Computer>
    <Security UserID="S-1-5-18">
    </Security>
  </System>
  <EventData>
    <Data Name="RuleName">-</Data>
    <Data Name="UtcTime">2023-02-10 07:43:44.616</Data>
    <Data Name="ProcessGuid">FF8B6A41-F5B0-63E5-B101-000000000200</Data>
    <Data Name="ProcessId">7144</Data>
    <Data Name="Image">C:\Windows\System32\taskhostw.exe</Data>
    <Data Name="FileVersion">10.0.17763.1852 (WinBuild.160101.0800)</Data>
    <Data Name="Description">Host Process for Windows Tasks</Data>
    <Data Name="Product">Microsoft® Windows® Operating System</Data>
    <Data Name="Company">Microsoft Corporation</Data>
    <Data Name="OriginalFileName">taskhostw.exe</Data>
    <Data Name="CommandLine">taskhostw.exe</Data>
    <Data Name="CurrentDirectory">C:\Windows\system32\</Data>
    <Data Name="User">WIN-4CKB6CSHOSJ\keith</Data>
    <Data Name="LogonGuid">FF8B6A41-F5AF-63E5-A14C-390000000000</Data>
    <Data Name="LogonId">0x394ca1</Data>
    <Data Name="TerminalSessionId">3</Data>
    <Data Name="IntegrityLevel">Medium</Data>
    <Data Name="Hashes">MD5=8BD7B08DA6BCA54DF9B595E4D9281BEB,SHA256=DE85F29A8BC7219F10A4AC88654C3901ABC329D7505B21CD95CBF780D1EBCCF4,IMPHASH=9839C7FD9649496B162F72128209528A</Data>
    <Data Name="ParentProcessGuid">FF8B6A41-D5C0-63E5-2400-000000000200</Data>
    <Data Name="ParentProcessId">1612</Data>
    <Data Name="ParentImage">C:\Windows\System32\svchost.exe</Data>
    <Data Name="ParentCommandLine">C:\Windows\system32\svchost.exe -k netsvcs -p -s Schedule</Data>
    <Data Name="ParentUser">NT AUTHORITY\SYSTEM</Data>
  </EventData>
</Event>
<?xml version="1.0" encoding="utf-8"?>
<Event xmlns="http://schemas.microsoft.com/win/2004/08/events/event">
  <System>
    <Provider Name="Microsoft-Windows-Sysmon" Guid="5770385F-C22A-43E0-BF4C-06F5698FFBD9">
    </Provider>
    <EventID>1</EventID>
    <Version>5</Version>
    <Level>4</Level>
    <Task>1</Task>
    <Opcode>0</Opcode>
    <Keywords>0x8000000000000000</Keywords>
    <TimeCreated SystemTime="2023-02-10T07:43:44.715189Z">
    </TimeCreated>
    <EventRecordID>770</EventRecordID>
    <Correlation>
    </Correlation>
    <Execution ProcessID="2964" ThreadID="4368">
    </Execution>
    <Channel>Microsoft-Windows-Sysmon/Operational</Channel>
    <Computer>WIN-4CKB6CSHOSJ</Computer>
    <Security UserID="S-1-5-18">
    </Security>
  </System>
  <EventData>
    <Data Name="RuleName">-</Data>
    <Data Name="UtcTime">2023-02-10 07:43:44.712</Data>
    <Data Name="ProcessGuid">FF8B6A41-F5B0-63E5-B201-000000000200</Data>
    <Data Name="ProcessId">4700</Data>
    <Data Name="Image">C:\Windows\System32\taskhostw.exe</Data>
    <Data Name="FileVersion">10.0.17763.1852 (WinBuild.160101.0800)</Data>
    <Data Name="Description">Host Process for Windows Tasks</Data>
    <Data Name="Product">Microsoft® Windows® Operating System</Data>
    <Data Name="Company">Microsoft Corporation</Data>
    <Data Name="OriginalFileName">taskhostw.exe</Data>
    <Data Name="CommandLine">taskhostw.exe</Data>
    <Data Name="CurrentDirectory">C:\Windows\system32\</Data>
    <Data Name="User">WIN-4CKB6CSHOSJ\keith</Data>
    <Data Name="LogonGuid">FF8B6A41-F5AF-63E5-A14C-390000000000</Data>
    <Data Name="LogonId">0x394ca1</Data>
    <Data Name="TerminalSessionId">3</Data>
    <Data Name="IntegrityLevel">Medium</Data>
    <Data Name="Hashes">MD5=8BD7B08DA6BCA54DF9B595E4D9281BEB,SHA256=DE85F29A8BC7219F10A4AC88654C3901ABC329D7505B21CD95CBF780D1EBCCF4,IMPHASH=9839C7FD9649496B162F72128209528A</Data>
    <Data Name="ParentProcessGuid">FF8B6A41-D5C0-63E5-2400-000000000200</Data>
    <Data Name="ParentProcessId">1612</Data>
    <Data Name="ParentImage">C:\Windows\System32\svchost.exe</Data>
    <Data Name="ParentCommandLine">C:\Windows\system32\svchost.exe -k netsvcs -p -s Schedule</Data>
    <Data Name="ParentUser">NT AUTHORITY\SYSTEM</Data>
  </EventData>
</Event>
<?xml version="1.0" encoding="utf-8"?>
<Event xmlns="http://schemas.microsoft.com/win/2004/08/events/event">
  <System>
    <Provider Name="Microsoft-Windows-Sysmon" Guid="5770385F-C22A-43E0-BF4C-06F5698FFBD9">
    </Provider>
    <EventID>1</EventID>
    <Version>5</Version>
    <Level>4</Level>
    <Task>1</Task>
    <Opcode>0</Opcode>
    <Keywords>0x8000000000000000</Keywords>
    <TimeCreated SystemTime="2023-02-10T07:43:44.727381Z">
    </TimeCreated>
    <EventRecordID>771</EventRecordID>
    <Correlation>
    </Correlation>
    <Execution ProcessID="2964" ThreadID="4368">
    </Execution>
    <Channel>Microsoft-Windows-Sysmon/Operational</Channel>
    <Computer>WIN-4CKB6CSHOSJ</Computer>
    <Security UserID="S-1-5-18">
    </Security>
  </System>
  <EventData>
    <Data Name="RuleName">-</Data>
    <Data Name="UtcTime">2023-02-10 07:43:44.724</Data>
    <Data Name="ProcessGuid">FF8B6A41-F5B0-63E5-B301-000000000200</Data>
    <Data Name="ProcessId">5140</Data>
    <Data Name="Image">C:\Windows\System32\userinit.exe</Data>
    <Data Name="FileVersion">10.0.17763.2989 (WinBuild.160101.0800)</Data>
    <Data Name="Description">Userinit Logon Application</Data>
    <Data Name="Product">Microsoft® Windows® Operating System</Data>
    <Data Name="Company">Microsoft Corporation</Data>
    <Data Name="OriginalFileName">USERINIT.EXE</Data>
    <Data Name="CommandLine">C:\Windows\system32\userinit.exe</Data>
    <Data Name="CurrentDirectory">C:\Windows\system32\</Data>
    <Data Name="User">WIN-4CKB6CSHOSJ\keith</Data>
    <Data Name="LogonGuid">FF8B6A41-F5AF-63E5-A14C-390000000000</Data>
    <Data Name="LogonId">0x394ca1</Data>
    <Data Name="TerminalSessionId">3</Data>
    <Data Name="IntegrityLevel">Medium</Data>
    <Data Name="Hashes">MD5=DF836E6145C8CCA28DDFC8F6CCBE78C9,SHA256=D3F1CEC588C2E0FD3CBD913B0AF988A6E4EC2D700A52F3A3112D72506B75C7E2,IMPHASH=8419D97ABDFEB6C320F0C39028647572</Data>
    <Data Name="ParentProcessGuid">FF8B6A41-F5AE-63E5-A501-000000000200</Data>
    <Data Name="ParentProcessId">5948</Data>
    <Data Name="ParentImage">C:\Windows\System32\winlogon.exe</Data>
    <Data Name="ParentCommandLine">winlogon.exe</Data>
    <Data Name="ParentUser">NT AUTHORITY\SYSTEM</Data>
  </EventData>
</Event>
<?xml version="1.0" encoding="utf-8"?>
<Event xmlns="http://schemas.microsoft.com/win/2004/08/events/event">
  <System>
    <Provider Name="Microsoft-Windows-Sysmon" Guid="5770385F-C22A-43E0-BF4C-06F5698FFBD9">
    </Provider>
    <EventID>1</EventID>
    <Version>5</Version>
    <Level>4</Level>
    <Task>1</Task>
    <Opcode>0</Opcode>
    <Keywords>0x8000000000000000</Keywords>
    <TimeCreated SystemTime="2023-02-10T07:43:44.766452Z">
    </TimeCreated>
    <EventRecordID>772</EventRecordID>
    <Correlation>
    </Correlation>
    <Execution ProcessID="2964" ThreadID="4368">
    </Execution>
    <Channel>Microsoft-Windows-Sysmon/Operational</Channel>
    <Computer>WIN-4CKB6CSHOSJ</Computer>
    <Security UserID="S-1-5-18">
    </Security>
  </System>
  <EventData>
    <Data Name="RuleName">-</Data>
    <Data Name="UtcTime">2023-02-10 07:43:44.764</Data>
    <Data Name="ProcessGuid">FF8B6A41-F5B0-63E5-B401-000000000200</Data>
    <Data Name="ProcessId">4688</Data>
    <Data Name="Image">C:\Windows\explorer.exe</Data>
    <Data Name="FileVersion">10.0.17763.3113 (WinBuild.160101.0800)</Data>
    <Data Name="Description">Windows Explorer</Data>
    <Data Name="Product">Microsoft® Windows® Operating System</Data>
    <Data Name="Company">Microsoft Corporation</Data>
    <Data Name="OriginalFileName">EXPLORER.EXE</Data>
    <Data Name="CommandLine">C:\Windows\Explorer.EXE</Data>
    <Data Name="CurrentDirectory">C:\Windows\system32\</Data>
    <Data Name="User">WIN-4CKB6CSHOSJ\keith</Data>
    <Data Name="LogonGuid">FF8B6A41-F5AF-63E5-A14C-390000000000</Data>
    <Data Name="LogonId">0x394ca1</Data>
    <Data Name="TerminalSessionId">3</Data>
    <Data Name="IntegrityLevel">Medium</Data>
    <Data Name="Hashes">MD5=BBE3017916BF2DB64B5E6B251468082E,SHA256=9E3BD0DA2531CDFE3499C82C729B74FA9E49AB2397CA37FCD3D93D650C812DDD,IMPHASH=E320D3313A399467D02924191A7D3D11</Data>
    <Data Name="ParentProcessGuid">FF8B6A41-F5B0-63E5-B301-000000000200</Data>
    <Data Name="ParentProcessId">5140</Data>
    <Data Name="ParentImage">C:\Windows\System32\userinit.exe</Data>
    <Data Name="ParentCommandLine">C:\Windows\system32\userinit.exe</Data>
    <Data Name="ParentUser">WIN-4CKB6CSHOSJ\keith</Data>
  </EventData>
</Event>
<?xml version="1.0" encoding="utf-8"?>
<Event xmlns="http://schemas.microsoft.com/win/2004/08/events/event">
  <System>
    <Provider Name="Microsoft-Windows-Sysmon" Guid="5770385F-C22A-43E0-BF4C-06F5698FFBD9">
    </Provider>
    <EventID>1</EventID>
    <Version>5</Version>
    <Level>4</Level>
    <Task>1</Task>
    <Opcode>0</Opcode>
    <Keywords>0x8000000000000000</Keywords>
    <TimeCreated SystemTime="2023-02-10T07:43:44.830752Z">
    </TimeCreated>
    <EventRecordID>773</EventRecordID>
    <Correlation>
    </Correlation>
    <Execution ProcessID="2964" ThreadID="4368">
    </Execution>
    <Channel>Microsoft-Windows-Sysmon/Operational</Channel>
    <Computer>WIN-4CKB6CSHOSJ</Computer>
    <Security UserID="S-1-5-18">
    </Security>
  </System>
  <EventData>
    <Data Name="RuleName">-</Data>
    <Data Name="UtcTime">2023-02-10 07:43:44.828</Data>
    <Data Name="ProcessGuid">FF8B6A41-F5B0-63E5-B501-000000000200</Data>
    <Data Name="ProcessId">5600</Data>
    <Data Name="Image">C:\Windows\System32\taskhostw.exe</Data>
    <Data Name="FileVersion">10.0.17763.1852 (WinBuild.160101.0800)</Data>
    <Data Name="Description">Host Process for Windows Tasks</Data>
    <Data Name="Product">Microsoft® Windows® Operating System</Data>
    <Data Name="Company">Microsoft Corporation</Data>
    <Data Name="OriginalFileName">taskhostw.exe</Data>
    <Data Name="CommandLine">taskhostw.exe USER</Data>
    <Data Name="CurrentDirectory">C:\Windows\system32\</Data>
    <Data Name="User">WIN-4CKB6CSHOSJ\keith</Data>
    <Data Name="LogonGuid">FF8B6A41-F5AF-63E5-A14C-390000000000</Data>
    <Data Name="LogonId">0x394ca1</Data>
    <Data Name="TerminalSessionId">3</Data>
    <Data Name="IntegrityLevel">Medium</Data>
    <Data Name="Hashes">MD5=8BD7B08DA6BCA54DF9B595E4D9281BEB,SHA256=DE85F29A8BC7219F10A4AC88654C3901ABC329D7505B21CD95CBF780D1EBCCF4,IMPHASH=9839C7FD9649496B162F72128209528A</Data>
    <Data Name="ParentProcessGuid">FF8B6A41-D5C0-63E5-2400-000000000200</Data>
    <Data Name="ParentProcessId">1612</Data>
    <Data Name="ParentImage">C:\Windows\System32\svchost.exe</Data>
    <Data Name="ParentCommandLine">C:\Windows\system32\svchost.exe -k netsvcs -p -s Schedule</Data>
    <Data Name="ParentUser">NT AUTHORITY\SYSTEM</Data>
  </EventData>
</Event>
<?xml version="1.0" encoding="utf-8"?>
<Event xmlns="http://schemas.microsoft.com/win/2004/08/events/event">
  <System>
    <Provider Name="Microsoft-Windows-Sysmon" Guid="5770385F-C22A-43E0-BF4C-06F5698FFBD9">
    </Provider>
    <EventID>1</EventID>
    <Version>5</Version>
    <Level>4</Level>
    <Task>1</Task>
    <Opcode>0</Opcode>
    <Keywords>0x8000000000000000</Keywords>
    <TimeCreated SystemTime="2023-02-10T07:43:45.049781Z">
    </TimeCreated>
    <EventRecordID>774</EventRecordID>
    <Correlation>
    </Correlation>
    <Execution ProcessID="2964" ThreadID="4368">
    </Execution>
    <Channel>Microsoft-Windows-Sysmon/Operational</Channel>
    <Computer>WIN-4CKB6CSHOSJ</Computer>
    <Security UserID="S-1-5-18">
    </Security>
  </System>
  <EventData>
    <Data Name="RuleName">-</Data>
    <Data Name="UtcTime">2023-02-10 07:43:45.045</Data>
    <Data Name="ProcessGuid">FF8B6A41-F5B1-63E5-B701-000000000200</Data>
    <Data Name="ProcessId">6764</Data>
    <Data Name="Image">C:\Windows\System32\smartscreen.exe</Data>
    <Data Name="FileVersion">10.0.17763.3650 (WinBuild.160101.0800)</Data>
    <Data Name="Description">Windows Defender SmartScreen</Data>
    <Data Name="Product">Microsoft® Windows® Operating System</Data>
    <Data Name="Company">Microsoft Corporation</Data>
    <Data Name="OriginalFileName">smartscreen.exe</Data>
    <Data Name="CommandLine">C:\Windows\System32\smartscreen.exe -Embedding</Data>
    <Data Name="CurrentDirectory">C:\Windows\system32\</Data>
    <Data Name="User">WIN-4CKB6CSHOSJ\keith</Data>
    <Data Name="LogonGuid">FF8B6A41-F5AF-63E5-A14C-390000000000</Data>
    <Data Name="LogonId">0x394ca1</Data>
    <Data Name="TerminalSessionId">3</Data>
    <Data Name="IntegrityLevel">Medium</Data>
    <Data Name="Hashes">MD5=6417A69D5A7DC492924B98282CAEB232,SHA256=008EEBD8C1887CF86BDCDF1FED29D0E1996BC00C9BD6A07C519D1156AA5E26E6,IMPHASH=B780C96EBB53CF24EC4ECD54DBDC2569</Data>
    <Data Name="ParentProcessGuid">00000000-0000-0000-0000-000000000000</Data>
    <Data Name="ParentProcessId">840</Data>
    <Data Name="ParentImage">-</Data>
    <Data Name="ParentCommandLine">-</Data>
    <Data Name="ParentUser">-</Data>
  </EventData>
</Event>
<?xml version="1.0" encoding="utf-8"?>
<Event xmlns="http://schemas.microsoft.com/win/2004/08/events/event">
  <System>
    <Provider Name="Microsoft-Windows-Sysmon" Guid="5770385F-C22A-43E0-BF4C-06F5698FFBD9">
    </Provider>
    <EventID>1</EventID>
    <Version>5</Version>
    <Level>4</Level>
    <Task>1</Task>
    <Opcode>0</Opcode>
    <Keywords>0x8000000000000000</Keywords>
    <TimeCreated SystemTime="2023-02-10T07:43:45.220687Z">
    </TimeCreated>
    <EventRecordID>775</EventRecordID>
    <Correlation>
    </Correlation>
    <Execution ProcessID="2964" ThreadID="4368">
    </Execution>
    <Channel>Microsoft-Windows-Sysmon/Operational</Channel>
    <Computer>WIN-4CKB6CSHOSJ</Computer>
    <Security UserID="S-1-5-18">
    </Security>
  </System>
  <EventData>
    <Data Name="RuleName">-</Data>
    <Data Name="UtcTime">2023-02-10 07:43:45.218</Data>
    <Data Name="ProcessGuid">FF8B6A41-F5B1-63E5-B801-000000000200</Data>
    <Data Name="ProcessId">6456</Data>
    <Data Name="Image">C:\Program Files (x86)\Microsoft\Edge\Application\110.0.1587.41\Installer\setup.exe</Data>
    <Data Name="FileVersion">110.0.1587.41</Data>
    <Data Name="Description">Microsoft Edge Installer</Data>
    <Data Name="Product">Microsoft Edge Installer</Data>
    <Data Name="Company">Microsoft Corporation</Data>
    <Data Name="OriginalFileName">setup.exe</Data>
    <Data Name="CommandLine">&quot;C:\Program Files (x86)\Microsoft\Edge\Application\110.0.1587.41\Installer\setup.exe&quot; --configure-user-settings --verbose-logging --system-level --msedge --channel=stable</Data>
    <Data Name="CurrentDirectory">C:\Windows\system32\</Data>
    <Data Name="User">WIN-4CKB6CSHOSJ\keith</Data>
    <Data Name="LogonGuid">FF8B6A41-F5AF-63E5-A14C-390000000000</Data>
    <Data Name="LogonId">0x394ca1</Data>
    <Data Name="TerminalSessionId">3</Data>
    <Data Name="IntegrityLevel">Medium</Data>
    <Data Name="Hashes">MD5=15CA7BFAA773027EB5F875AC438FC4CC,SHA256=6404E0BC5F956BDFBBB2771ACC1194FD25A996FB7835DE1729738173B5A4530B,IMPHASH=2D6D31FE041F7B31FB594434BDB9F88A</Data>
    <Data Name="ParentProcessGuid">FF8B6A41-F5B0-63E5-B401-000000000200</Data>
    <Data Name="ParentProcessId">4688</Data>
    <Data Name="ParentImage">C:\Windows\explorer.exe</Data>
    <Data Name="ParentCommandLine">C:\Windows\Explorer.EXE</Data>
    <Data Name="ParentUser">WIN-4CKB6CSHOSJ\keith</Data>
  </EventData>
</Event>
<?xml version="1.0" encoding="utf-8"?>
<Event xmlns="http://schemas.microsoft.com/win/2004/08/events/event">
  <System>
    <Provider Name="Microsoft-Windows-Sysmon" Guid="5770385F-C22A-43E0-BF4C-06F5698FFBD9">
    </Provider>
    <EventID>1</EventID>
    <Version>5</Version>
    <Level>4</Level>
    <Task>1</Task>
    <Opcode>0</Opcode>
    <Keywords>0x8000000000000000</Keywords>
    <TimeCreated SystemTime="2023-02-10T07:43:45.356447Z">
    </TimeCreated>
    <EventRecordID>776</EventRecordID>
    <Correlation>
    </Correlation>
    <Execution ProcessID="2964" ThreadID="4368">
    </Execution>
    <Channel>Microsoft-Windows-Sysmon/Operational</Channel>
    <Computer>WIN-4CKB6CSHOSJ</Computer>
    <Security UserID="S-1-5-18">
    </Security>
  </System>
  <EventData>
    <Data Name="RuleName">-</Data>
    <Data Name="UtcTime">2023-02-10 07:43:45.351</Data>
    <Data Name="ProcessGuid">FF8B6A41-F5B1-63E5-BA01-000000000200</Data>
    <Data Name="ProcessId">5572</Data>
    <Data Name="Image">C:\Program Files (x86)\Microsoft\Edge\Application\110.0.1587.41\Installer\setup.exe</Data>
    <Data Name="FileVersion">110.0.1587.41</Data>
    <Data Name="Description">Microsoft Edge Installer</Data>
    <Data Name="Product">Microsoft Edge Installer</Data>
    <Data Name="Company">Microsoft Corporation</Data>
    <Data Name="OriginalFileName">setup.exe</Data>
    <Data Name="CommandLine">&quot;C:\Program Files (x86)\Microsoft\Edge\Application\110.0.1587.41\Installer\setup.exe&quot; --msedge --channel=stable --system-level --verbose-logging --installerdata=&quot;C:\Program Files (x86)\Microsoft\Edge\Application\master_preferences&quot; --create-shortcuts=1 --install-level=0</Data>
    <Data Name="CurrentDirectory">C:\Windows\system32\</Data>
    <Data Name="User">WIN-4CKB6CSHOSJ\keith</Data>
    <Data Name="LogonGuid">FF8B6A41-F5AF-63E5-A14C-390000000000</Data>
    <Data Name="LogonId">0x394ca1</Data>
    <Data Name="TerminalSessionId">3</Data>
    <Data Name="IntegrityLevel">Medium</Data>
    <Data Name="Hashes">MD5=15CA7BFAA773027EB5F875AC438FC4CC,SHA256=6404E0BC5F956BDFBBB2771ACC1194FD25A996FB7835DE1729738173B5A4530B,IMPHASH=2D6D31FE041F7B31FB594434BDB9F88A</Data>
    <Data Name="ParentProcessGuid">FF8B6A41-F5B1-63E5-B801-000000000200</Data>
    <Data Name="ParentProcessId">6456</Data>
    <Data Name="ParentImage">C:\Program Files (x86)\Microsoft\Edge\Application\110.0.1587.41\Installer\setup.exe</Data>
    <Data Name="ParentCommandLine">&quot;C:\Program Files (x86)\Microsoft\Edge\Application\110.0.1587.41\Installer\setup.exe&quot; --configure-user-settings --verbose-logging --system-level --msedge --channel=stable</Data>
    <Data Name="ParentUser">WIN-4CKB6CSHOSJ\keith</Data>
  </EventData>
</Event>
<?xml version="1.0" encoding="utf-8"?>
<Event xmlns="http://schemas.microsoft.com/win/2004/08/events/event">
  <System>
    <Provider Name="Microsoft-Windows-Sysmon" Guid="5770385F-C22A-43E0-BF4C-06F5698FFBD9">
    </Provider>
    <EventID>1</EventID>
    <Version>5</Version>
    <Level>4</Level>
    <Task>1</Task>
    <Opcode>0</Opcode>
    <Keywords>0x8000000000000000</Keywords>
    <TimeCreated SystemTime="2023-02-10T07:43:45.684180Z">
    </TimeCreated>
    <EventRecordID>777</EventRecordID>
    <Correlation>
    </Correlation>
    <Execution ProcessID="2964" ThreadID="4368">
    </Execution>
    <Channel>Microsoft-Windows-Sysmon/Operational</Channel>
    <Computer>WIN-4CKB6CSHOSJ</Computer>
    <Security UserID="S-1-5-18">
    </Security>
  </System>
  <EventData>
    <Data Name="RuleName">-</Data>
    <Data Name="UtcTime">2023-02-10 07:43:45.681</Data>
    <Data Name="ProcessGuid">FF8B6A41-F5B1-63E5-BB01-000000000200</Data>
    <Data Name="ProcessId">400</Data>
    <Data Name="Image">C:\Program Files (x86)\Microsoft\Edge\Application\110.0.1587.41\Installer\setup.exe</Data>
    <Data Name="FileVersion">110.0.1587.41</Data>
    <Data Name="Description">Microsoft Edge Installer</Data>
    <Data Name="Product">Microsoft Edge Installer</Data>
    <Data Name="Company">Microsoft Corporation</Data>
    <Data Name="OriginalFileName">setup.exe</Data>
    <Data Name="CommandLine">&quot;C:\Program Files (x86)\Microsoft\Edge\Application\110.0.1587.41\Installer\setup.exe&quot; --msedge --channel=stable --launch-msedge-after-unlock --verbose-logging --system-level</Data>
    <Data Name="CurrentDirectory">C:\Program Files (x86)\Microsoft\Edge\Application\110.0.1587.41\Installer\</Data>
    <Data Name="User">WIN-4CKB6CSHOSJ\keith</Data>
    <Data Name="LogonGuid">FF8B6A41-F5AF-63E5-A14C-390000000000</Data>
    <Data Name="LogonId">0x394ca1</Data>
    <Data Name="TerminalSessionId">3</Data>
    <Data Name="IntegrityLevel">Medium</Data>
    <Data Name="Hashes">MD5=15CA7BFAA773027EB5F875AC438FC4CC,SHA256=6404E0BC5F956BDFBBB2771ACC1194FD25A996FB7835DE1729738173B5A4530B,IMPHASH=2D6D31FE041F7B31FB594434BDB9F88A</Data>
    <Data Name="ParentProcessGuid">FF8B6A41-F5B1-63E5-B801-000000000200</Data>
    <Data Name="ParentProcessId">6456</Data>
    <Data Name="ParentImage">C:\Program Files (x86)\Microsoft\Edge\Application\110.0.1587.41\Installer\setup.exe</Data>
    <Data Name="ParentCommandLine">&quot;C:\Program Files (x86)\Microsoft\Edge\Application\110.0.1587.41\Installer\setup.exe&quot; --configure-user-settings --verbose-logging --system-level --msedge --channel=stable</Data>
    <Data Name="ParentUser">WIN-4CKB6CSHOSJ\keith</Data>
  </EventData>
</Event>
<?xml version="1.0" encoding="utf-8"?>
<Event xmlns="http://schemas.microsoft.com/win/2004/08/events/event">
  <System>
    <Provider Name="Microsoft-Windows-Sysmon" Guid="5770385F-C22A-43E0-BF4C-06F5698FFBD9">
    </Provider>
    <EventID>1</EventID>
    <Version>5</Version>
    <Level>4</Level>
    <Task>1</Task>
    <Opcode>0</Opcode>
    <Keywords>0x8000000000000000</Keywords>
    <TimeCreated SystemTime="2023-02-10T07:43:45.758829Z">
    </TimeCreated>
    <EventRecordID>778</EventRecordID>
    <Correlation>
    </Correlation>
    <Execution ProcessID="2964" ThreadID="4368">
    </Execution>
    <Channel>Microsoft-Windows-Sysmon/Operational</Channel>
    <Computer>WIN-4CKB6CSHOSJ</Computer>
    <Security UserID="S-1-5-18">
    </Security>
  </System>
  <EventData>
    <Data Name="RuleName">-</Data>
    <Data Name="UtcTime">2023-02-10 07:43:45.757</Data>
    <Data Name="ProcessGuid">FF8B6A41-F5B1-63E5-BC01-000000000200</Data>
    <Data Name="ProcessId">4020</Data>
    <Data Name="Image">C:\Program Files (x86)\Microsoft\Edge\Application\msedge.exe</Data>
    <Data Name="FileVersion">110.0.1587.41</Data>
    <Data Name="Description">Microsoft Edge</Data>
    <Data Name="Product">Microsoft Edge</Data>
    <Data Name="Company">Microsoft Corporation</Data>
    <Data Name="OriginalFileName">msedge.exe</Data>
    <Data Name="CommandLine">&quot;C:\Program Files (x86)\Microsoft\Edge\Application\msedge.exe&quot; --continue-active-setup</Data>
    <Data Name="CurrentDirectory">C:\Program Files (x86)\Microsoft\Edge\Application\110.0.1587.41\Installer\</Data>
    <Data Name="User">WIN-4CKB6CSHOSJ\keith</Data>
    <Data Name="LogonGuid">FF8B6A41-F5AF-63E5-A14C-390000000000</Data>
    <Data Name="LogonId">0x394ca1</Data>
    <Data Name="TerminalSessionId">3</Data>
    <Data Name="IntegrityLevel">Medium</Data>
    <Data Name="Hashes">MD5=2372F95ED81D83E86A9B296410DAA621,SHA256=EB6AED84AC0087E8BF43E64B138421272091BF16D480D74F5DA7F296B5DF9F19,IMPHASH=6858258FBD06BABD9B7990ACD011E737</Data>
    <Data Name="ParentProcessGuid">FF8B6A41-F5B1-63E5-BB01-000000000200</Data>
    <Data Name="ParentProcessId">400</Data>
    <Data Name="ParentImage">C:\Program Files (x86)\Microsoft\Edge\Application\110.0.1587.41\Installer\setup.exe</Data>
    <Data Name="ParentCommandLine">&quot;C:\Program Files (x86)\Microsoft\Edge\Application\110.0.1587.41\Installer\setup.exe&quot; --msedge --channel=stable --launch-msedge-after-unlock --verbose-logging --system-level</Data>
    <Data Name="ParentUser">WIN-4CKB6CSHOSJ\keith</Data>
  </EventData>
</Event>
<?xml version="1.0" encoding="utf-8"?>
<Event xmlns="http://schemas.microsoft.com/win/2004/08/events/event">
  <System>
    <Provider Name="Microsoft-Windows-Sysmon" Guid="5770385F-C22A-43E0-BF4C-06F5698FFBD9">
    </Provider>
    <EventID>1</EventID>
    <Version>5</Version>
    <Level>4</Level>
    <Task>1</Task>
    <Opcode>0</Opcode>
    <Keywords>0x8000000000000000</Keywords>
    <TimeCreated SystemTime="2023-02-10T07:43:45.792000Z">
    </TimeCreated>
    <EventRecordID>779</EventRecordID>
    <Correlation>
    </Correlation>
    <Execution ProcessID="2964" ThreadID="4368">
    </Execution>
    <Channel>Microsoft-Windows-Sysmon/Operational</Channel>
    <Computer>WIN-4CKB6CSHOSJ</Computer>
    <Security UserID="S-1-5-18">
    </Security>
  </System>
  <EventData>
    <Data Name="RuleName">-</Data>
    <Data Name="UtcTime">2023-02-10 07:43:45.789</Data>
    <Data Name="ProcessGuid">FF8B6A41-F5B1-63E5-BD01-000000000200</Data>
    <Data Name="ProcessId">5868</Data>
    <Data Name="Image">C:\Program Files (x86)\Microsoft\Edge\Application\msedge.exe</Data>
    <Data Name="FileVersion">110.0.1587.41</Data>
    <Data Name="Description">Microsoft Edge</Data>
    <Data Name="Product">Microsoft Edge</Data>
    <Data Name="Company">Microsoft Corporation</Data>
    <Data Name="OriginalFileName">msedge.exe</Data>
    <Data Name="CommandLine">&quot;C:\Program Files (x86)\Microsoft\Edge\Application\msedge.exe&quot; --type=crashpad-handler &quot;--user-data-dir=C:\Users\keith\AppData\Local\Microsoft\Edge\User Data&quot; /prefetch:7 --monitor-self-annotation=ptype=crashpad-handler &quot;--database=C:\Users\keith\AppData\Local\Microsoft\Edge\User Data\Crashpad&quot; --annotation=IsOfficialBuild=1 --annotation=channel= --annotation=chromium-version=110.0.5481.77 &quot;--annotation=exe=C:\Program Files (x86)\Microsoft\Edge\Application\msedge.exe&quot; --annotation=plat=Win64 &quot;--annotation=prod=Microsoft Edge&quot; --annotation=ver=110.0.1587.41 --initial-client-data=0xf0,0xf4,0xf8,0xcc,0x100,0x7fff136c7750,0x7fff136c7760,0x7fff136c7770</Data>
    <Data Name="CurrentDirectory">C:\Program Files (x86)\Microsoft\Edge\Application\</Data>
    <Data Name="User">WIN-4CKB6CSHOSJ\keith</Data>
    <Data Name="LogonGuid">FF8B6A41-F5AF-63E5-A14C-390000000000</Data>
    <Data Name="LogonId">0x394ca1</Data>
    <Data Name="TerminalSessionId">3</Data>
    <Data Name="IntegrityLevel">Medium</Data>
    <Data Name="Hashes">MD5=2372F95ED81D83E86A9B296410DAA621,SHA256=EB6AED84AC0087E8BF43E64B138421272091BF16D480D74F5DA7F296B5DF9F19,IMPHASH=6858258FBD06BABD9B7990ACD011E737</Data>
    <Data Name="ParentProcessGuid">FF8B6A41-F5B1-63E5-BC01-000000000200</Data>
    <Data Name="ParentProcessId">4020</Data>
    <Data Name="ParentImage">C:\Program Files (x86)\Microsoft\Edge\Application\msedge.exe</Data>
    <Data Name="ParentCommandLine">&quot;C:\Program Files (x86)\Microsoft\Edge\Application\msedge.exe&quot; --continue-active-setup</Data>
    <Data Name="ParentUser">WIN-4CKB6CSHOSJ\keith</Data>
  </EventData>
</Event>
