<?xml version="1.0" encoding="utf-8"?>
<Event xmlns="http://schemas.microsoft.com/win/2004/08/events/event">
  <System>
    <Provider Name="Microsoft-Windows-Sysmon" Guid="5770385F-C22A-43E0-BF4C-06F5698FFBD9">
    </Provider>
    <EventID>13</EventID>
    <Version>2</Version>
    <Level>4</Level>
    <Task>13</Task>
    <Opcode>0</Opcode>
    <Keywords>0x8000000000000000</Keywords>
    <TimeCreated SystemTime="2023-02-10T07:30:08.327596Z">
    </TimeCreated>
    <EventRecordID>662</EventRecordID>
    <Correlation>
    </Correlation>
    <Execution ProcessID="2964" ThreadID="4368">
    </Execution>
    <Channel>Microsoft-Windows-Sysmon/Operational</Channel>
    <Computer>WIN-4CKB6CSHOSJ</Computer>
    <Security UserID="S-1-5-18">
    </Security>
  </System>
  <EventData>
    <Data Name="RuleName">T1031,T1050</Data>
    <Data Name="EventType">SetValue</Data>
    <Data Name="UtcTime">2023-02-10 07:30:08.321</Data>
    <Data Name="ProcessGuid">FF8B6A41-D5BE-63E5-0B00-000000000200</Data>
    <Data Name="ProcessId">676</Data>
    <Data Name="Image">C:\Windows\system32\services.exe</Data>
    <Data Name="TargetObject">HKLM\System\CurrentControlSet\Services\WpnUserService_3338da\Start</Data>
    <Data Name="Details">DWORD (0x00000002)</Data>
    <Data Name="User">NT AUTHORITY\SYSTEM</Data>
  </EventData>
</Event>
<?xml version="1.0" encoding="utf-8"?>
<Event xmlns="http://schemas.microsoft.com/win/2004/08/events/event">
  <System>
    <Provider Name="Microsoft-Windows-Sysmon" Guid="5770385F-C22A-43E0-BF4C-06F5698FFBD9">
    </Provider>
    <EventID>13</EventID>
    <Version>2</Version>
    <Level>4</Level>
    <Task>13</Task>
    <Opcode>0</Opcode>
    <Keywords>0x8000000000000000</Keywords>
    <TimeCreated SystemTime="2023-02-10T07:30:08.327744Z">
    </TimeCreated>
    <EventRecordID>663</EventRecordID>
    <Correlation>
    </Correlation>
    <Execution ProcessID="2964" ThreadID="4368">
    </Execution>
    <Channel>Microsoft-Windows-Sysmon/Operational</Channel>
    <Computer>WIN-4CKB6CSHOSJ</Computer>
    <Security UserID="S-1-5-18">
    </Security>
  </System>
  <EventData>
    <Data Name="RuleName">T1031,T1050</Data>
    <Data Name="EventType">SetValue</Data>
    <Data Name="UtcTime">2023-02-10 07:30:08.321</Data>
    <Data Name="ProcessGuid">FF8B6A41-D5BE-63E5-0B00-000000000200</Data>
    <Data Name="ProcessId">676</Data>
    <Data Name="Image">C:\Windows\system32\services.exe</Data>
    <Data Name="TargetObject">HKLM\System\CurrentControlSet\Services\WpnUserService_3338da\ImagePath</Data>
    <Data Name="Details">C:\Windows\system32\svchost.exe -k UnistackSvcGroup</Data>
    <Data Name="User">NT AUTHORITY\SYSTEM</Data>
  </EventData>
</Event>
<?xml version="1.0" encoding="utf-8"?>
<Event xmlns="http://schemas.microsoft.com/win/2004/08/events/event">
  <System>
    <Provider Name="Microsoft-Windows-Sysmon" Guid="5770385F-C22A-43E0-BF4C-06F5698FFBD9">
    </Provider>
    <EventID>1</EventID>
    <Version>5</Version>
    <Level>4</Level>
    <Task>1</Task>
    <Opcode>0</Opcode>
    <Keywords>0x8000000000000000</Keywords>
    <TimeCreated SystemTime="2023-02-10T07:30:08.331092Z">
    </TimeCreated>
    <EventRecordID>664</EventRecordID>
    <Correlation>
    </Correlation>
    <Execution ProcessID="2964" ThreadID="4368">
    </Execution>
    <Channel>Microsoft-Windows-Sysmon/Operational</Channel>
    <Computer>WIN-4CKB6CSHOSJ</Computer>
    <Security UserID="S-1-5-18">
    </Security>
  </System>
  <EventData>
    <Data Name="RuleName">-</Data>
    <Data Name="UtcTime">2023-02-10 07:30:08.330</Data>
    <Data Name="ProcessGuid">FF8B6A41-F280-63E5-5401-000000000200</Data>
    <Data Name="ProcessId">1648</Data>
    <Data Name="Image">C:\Windows\System32\svchost.exe</Data>
    <Data Name="FileVersion">10.0.17763.3346 (WinBuild.160101.0800)</Data>
    <Data Name="Description">Host Process for Windows Services</Data>
    <Data Name="Product">Microsoft® Windows® Operating System</Data>
    <Data Name="Company">Microsoft Corporation</Data>
    <Data Name="OriginalFileName">svchost.exe</Data>
    <Data Name="CommandLine">C:\Windows\system32\svchost.exe -k UnistackSvcGroup -s CDPUserSvc</Data>
    <Data Name="CurrentDirectory">C:\Windows\system32\</Data>
    <Data Name="User">WIN-4CKB6CSHOSJ\gerald</Data>
    <Data Name="LogonGuid">FF8B6A41-F27F-63E5-C21B-330000000000</Data>
    <Data Name="LogonId">0x331bc2</Data>
    <Data Name="TerminalSessionId">2</Data>
    <Data Name="IntegrityLevel">Medium</Data>
    <Data Name="Hashes">MD5=4DD18F001AC31D5F48F50F99E4AA1761,SHA256=2B105FB153B1BCD619B95028612B3A93C60B953EEF6837D3BB0099E4207AAF6B,IMPHASH=247B9220E5D9B720A82B2C8B5069AD69</Data>
    <Data Name="ParentProcessGuid">FF8B6A41-D5BE-63E5-0B00-000000000200</Data>
    <Data Name="ParentProcessId">676</Data>
    <Data Name="ParentImage">C:\Windows\System32\services.exe</Data>
    <Data Name="ParentCommandLine">C:\Windows\system32\services.exe</Data>
    <Data Name="ParentUser">NT AUTHORITY\SYSTEM</Data>
  </EventData>
</Event>
<?xml version="1.0" encoding="utf-8"?>
<Event xmlns="http://schemas.microsoft.com/win/2004/08/events/event">
  <System>
    <Provider Name="Microsoft-Windows-Sysmon" Guid="5770385F-C22A-43E0-BF4C-06F5698FFBD9">
    </Provider>
    <EventID>1</EventID>
    <Version>5</Version>
    <Level>4</Level>
    <Task>1</Task>
    <Opcode>0</Opcode>
    <Keywords>0x8000000000000000</Keywords>
    <TimeCreated SystemTime="2023-02-10T07:30:08.355720Z">
    </TimeCreated>
    <EventRecordID>665</EventRecordID>
    <Correlation>
    </Correlation>
    <Execution ProcessID="2964" ThreadID="4368">
    </Execution>
    <Channel>Microsoft-Windows-Sysmon/Operational</Channel>
    <Computer>WIN-4CKB6CSHOSJ</Computer>
    <Security UserID="S-1-5-18">
    </Security>
  </System>
  <EventData>
    <Data Name="RuleName">-</Data>
    <Data Name="UtcTime">2023-02-10 07:30:08.353</Data>
    <Data Name="ProcessGuid">FF8B6A41-F280-63E5-5501-000000000200</Data>
    <Data Name="ProcessId">2148</Data>
    <Data Name="Image">C:\Windows\System32\svchost.exe</Data>
    <Data Name="FileVersion">10.0.17763.3346 (WinBuild.160101.0800)</Data>
    <Data Name="Description">Host Process for Windows Services</Data>
    <Data Name="Product">Microsoft® Windows® Operating System</Data>
    <Data Name="Company">Microsoft Corporation</Data>
    <Data Name="OriginalFileName">svchost.exe</Data>
    <Data Name="CommandLine">C:\Windows\system32\svchost.exe -k UnistackSvcGroup -s WpnUserService</Data>
    <Data Name="CurrentDirectory">C:\Windows\system32\</Data>
    <Data Name="User">WIN-4CKB6CSHOSJ\gerald</Data>
    <Data Name="LogonGuid">FF8B6A41-F27F-63E5-C21B-330000000000</Data>
    <Data Name="LogonId">0x331bc2</Data>
    <Data Name="TerminalSessionId">2</Data>
    <Data Name="IntegrityLevel">Medium</Data>
    <Data Name="Hashes">MD5=4DD18F001AC31D5F48F50F99E4AA1761,SHA256=2B105FB153B1BCD619B95028612B3A93C60B953EEF6837D3BB0099E4207AAF6B,IMPHASH=247B9220E5D9B720A82B2C8B5069AD69</Data>
    <Data Name="ParentProcessGuid">FF8B6A41-D5BE-63E5-0B00-000000000200</Data>
    <Data Name="ParentProcessId">676</Data>
    <Data Name="ParentImage">C:\Windows\System32\services.exe</Data>
    <Data Name="ParentCommandLine">C:\Windows\system32\services.exe</Data>
    <Data Name="ParentUser">NT AUTHORITY\SYSTEM</Data>
  </EventData>
</Event>
<?xml version="1.0" encoding="utf-8"?>
<Event xmlns="http://schemas.microsoft.com/win/2004/08/events/event">
  <System>
    <Provider Name="Microsoft-Windows-Sysmon" Guid="5770385F-C22A-43E0-BF4C-06F5698FFBD9">
    </Provider>
    <EventID>1</EventID>
    <Version>5</Version>
    <Level>4</Level>
    <Task>1</Task>
    <Opcode>0</Opcode>
    <Keywords>0x8000000000000000</Keywords>
    <TimeCreated SystemTime="2023-02-10T07:30:08.391500Z">
    </TimeCreated>
    <EventRecordID>666</EventRecordID>
    <Correlation>
    </Correlation>
    <Execution ProcessID="2964" ThreadID="4368">
    </Execution>
    <Channel>Microsoft-Windows-Sysmon/Operational</Channel>
    <Computer>WIN-4CKB6CSHOSJ</Computer>
    <Security UserID="S-1-5-18">
    </Security>
  </System>
  <EventData>
    <Data Name="RuleName">-</Data>
    <Data Name="UtcTime">2023-02-10 07:30:08.389</Data>
    <Data Name="ProcessGuid">FF8B6A41-F280-63E5-5601-000000000200</Data>
    <Data Name="ProcessId">1892</Data>
    <Data Name="Image">C:\Windows\System32\taskhostw.exe</Data>
    <Data Name="FileVersion">10.0.17763.1852 (WinBuild.160101.0800)</Data>
    <Data Name="Description">Host Process for Windows Tasks</Data>
    <Data Name="Product">Microsoft® Windows® Operating System</Data>
    <Data Name="Company">Microsoft Corporation</Data>
    <Data Name="OriginalFileName">taskhostw.exe</Data>
    <Data Name="CommandLine">taskhostw.exe {222A245B-E637-4AE9-A93F-A59CA119A75E}</Data>
    <Data Name="CurrentDirectory">C:\Windows\system32\</Data>
    <Data Name="User">WIN-4CKB6CSHOSJ\gerald</Data>
    <Data Name="LogonGuid">FF8B6A41-F27F-63E5-C21B-330000000000</Data>
    <Data Name="LogonId">0x331bc2</Data>
    <Data Name="TerminalSessionId">2</Data>
    <Data Name="IntegrityLevel">Medium</Data>
    <Data Name="Hashes">MD5=8BD7B08DA6BCA54DF9B595E4D9281BEB,SHA256=DE85F29A8BC7219F10A4AC88654C3901ABC329D7505B21CD95CBF780D1EBCCF4,IMPHASH=9839C7FD9649496B162F72128209528A</Data>
    <Data Name="ParentProcessGuid">FF8B6A41-D5C0-63E5-2400-000000000200</Data>
    <Data Name="ParentProcessId">1612</Data>
    <Data Name="ParentImage">C:\Windows\System32\svchost.exe</Data>
    <Data Name="ParentCommandLine">C:\Windows\system32\svchost.exe -k netsvcs -p -s Schedule</Data>
    <Data Name="ParentUser">NT AUTHORITY\SYSTEM</Data>
  </EventData>
</Event>
<?xml version="1.0" encoding="utf-8"?>
<Event xmlns="http://schemas.microsoft.com/win/2004/08/events/event">
  <System>
    <Provider Name="Microsoft-Windows-Sysmon" Guid="5770385F-C22A-43E0-BF4C-06F5698FFBD9">
    </Provider>
    <EventID>1</EventID>
    <Version>5</Version>
    <Level>4</Level>
    <Task>1</Task>
    <Opcode>0</Opcode>
    <Keywords>0x8000000000000000</Keywords>
    <TimeCreated SystemTime="2023-02-10T07:30:08.398276Z">
    </TimeCreated>
    <EventRecordID>667</EventRecordID>
    <Correlation>
    </Correlation>
    <Execution ProcessID="2964" ThreadID="4368">
    </Execution>
    <Channel>Microsoft-Windows-Sysmon/Operational</Channel>
    <Computer>WIN-4CKB6CSHOSJ</Computer>
    <Security UserID="S-1-5-18">
    </Security>
  </System>
  <EventData>
    <Data Name="RuleName">-</Data>
    <Data Name="UtcTime">2023-02-10 07:30:08.390</Data>
    <Data Name="ProcessGuid">FF8B6A41-F280-63E5-5701-000000000200</Data>
    <Data Name="ProcessId">1292</Data>
    <Data Name="Image">C:\Program Files (x86)\Microsoft\EdgeUpdate\MicrosoftEdgeUpdate.exe</Data>
    <Data Name="FileVersion">1.3.173.45</Data>
    <Data Name="Description">Microsoft Edge Update</Data>
    <Data Name="Product">Microsoft Edge Update</Data>
    <Data Name="Company">Microsoft Corporation</Data>
    <Data Name="OriginalFileName">msedgeupdate.dll</Data>
    <Data Name="CommandLine">&quot;C:\Program Files (x86)\Microsoft\EdgeUpdate\MicrosoftEdgeUpdate.exe&quot; /c</Data>
    <Data Name="CurrentDirectory">C:\Windows\system32\</Data>
    <Data Name="User">NT AUTHORITY\SYSTEM</Data>
    <Data Name="LogonGuid">FF8B6A41-D5BF-63E5-E703-000000000000</Data>
    <Data Name="LogonId">0x3e7</Data>
    <Data Name="TerminalSessionId">0</Data>
    <Data Name="IntegrityLevel">System</Data>
    <Data Name="Hashes">MD5=AE0BD70D0D7E467457B9E39B29F78410,SHA256=4D9F16B00BDA1DB65B68CB486F7AE1BF5B32AEDF7FD335E4A8EF2FA087870986,IMPHASH=CD3B2D99C6655A5D4A14E30E380F5BF9</Data>
    <Data Name="ParentProcessGuid">FF8B6A41-D5C0-63E5-2400-000000000200</Data>
    <Data Name="ParentProcessId">1612</Data>
    <Data Name="ParentImage">C:\Windows\System32\svchost.exe</Data>
    <Data Name="ParentCommandLine">C:\Windows\system32\svchost.exe -k netsvcs -p -s Schedule</Data>
    <Data Name="ParentUser">NT AUTHORITY\SYSTEM</Data>
  </EventData>
</Event>
<?xml version="1.0" encoding="utf-8"?>
<Event xmlns="http://schemas.microsoft.com/win/2004/08/events/event">
  <System>
    <Provider Name="Microsoft-Windows-Sysmon" Guid="5770385F-C22A-43E0-BF4C-06F5698FFBD9">
    </Provider>
    <EventID>1</EventID>
    <Version>5</Version>
    <Level>4</Level>
    <Task>1</Task>
    <Opcode>0</Opcode>
    <Keywords>0x8000000000000000</Keywords>
    <TimeCreated SystemTime="2023-02-10T07:30:08.418509Z">
    </TimeCreated>
    <EventRecordID>668</EventRecordID>
    <Correlation>
    </Correlation>
    <Execution ProcessID="2964" ThreadID="4368">
    </Execution>
    <Channel>Microsoft-Windows-Sysmon/Operational</Channel>
    <Computer>WIN-4CKB6CSHOSJ</Computer>
    <Security UserID="S-1-5-18">
    </Security>
  </System>
  <EventData>
    <Data Name="RuleName">-</Data>
    <Data Name="UtcTime">2023-02-10 07:30:08.411</Data>
    <Data Name="ProcessGuid">FF8B6A41-F280-63E5-5801-000000000200</Data>
    <Data Name="ProcessId">2100</Data>
    <Data Name="Image">C:\Windows\System32\taskhostw.exe</Data>
    <Data Name="FileVersion">10.0.17763.1852 (WinBuild.160101.0800)</Data>
    <Data Name="Description">Host Process for Windows Tasks</Data>
    <Data Name="Product">Microsoft® Windows® Operating System</Data>
    <Data Name="Company">Microsoft Corporation</Data>
    <Data Name="OriginalFileName">taskhostw.exe</Data>
    <Data Name="CommandLine">taskhostw.exe</Data>
    <Data Name="CurrentDirectory">C:\Windows\system32\</Data>
    <Data Name="User">WIN-4CKB6CSHOSJ\gerald</Data>
    <Data Name="LogonGuid">FF8B6A41-F27F-63E5-C21B-330000000000</Data>
    <Data Name="LogonId">0x331bc2</Data>
    <Data Name="TerminalSessionId">2</Data>
    <Data Name="IntegrityLevel">Medium</Data>
    <Data Name="Hashes">MD5=8BD7B08DA6BCA54DF9B595E4D9281BEB,SHA256=DE85F29A8BC7219F10A4AC88654C3901ABC329D7505B21CD95CBF780D1EBCCF4,IMPHASH=9839C7FD9649496B162F72128209528A</Data>
    <Data Name="ParentProcessGuid">FF8B6A41-D5C0-63E5-2400-000000000200</Data>
    <Data Name="ParentProcessId">1612</Data>
    <Data Name="ParentImage">C:\Windows\System32\svchost.exe</Data>
    <Data Name="ParentCommandLine">C:\Windows\system32\svchost.exe -k netsvcs -p -s Schedule</Data>
    <Data Name="ParentUser">NT AUTHORITY\SYSTEM</Data>
  </EventData>
</Event>
<?xml version="1.0" encoding="utf-8"?>
<Event xmlns="http://schemas.microsoft.com/win/2004/08/events/event">
  <System>
    <Provider Name="Microsoft-Windows-Sysmon" Guid="5770385F-C22A-43E0-BF4C-06F5698FFBD9">
    </Provider>
    <EventID>1</EventID>
    <Version>5</Version>
    <Level>4</Level>
    <Task>1</Task>
    <Opcode>0</Opcode>
    <Keywords>0x8000000000000000</Keywords>
    <TimeCreated SystemTime="2023-02-10T07:30:08.503507Z">
    </TimeCreated>
    <EventRecordID>669</EventRecordID>
    <Correlation>
    </Correlation>
    <Execution ProcessID="2964" ThreadID="4368">
    </Execution>
    <Channel>Microsoft-Windows-Sysmon/Operational</Channel>
    <Computer>WIN-4CKB6CSHOSJ</Computer>
    <Security UserID="S-1-5-18">
    </Security>
  </System>
  <EventData>
    <Data Name="RuleName">-</Data>
    <Data Name="UtcTime">2023-02-10 07:30:08.498</Data>
    <Data Name="ProcessGuid">FF8B6A41-F280-63E5-5901-000000000200</Data>
    <Data Name="ProcessId">3908</Data>
    <Data Name="Image">C:\Windows\System32\taskhostw.exe</Data>
    <Data Name="FileVersion">10.0.17763.1852 (WinBuild.160101.0800)</Data>
    <Data Name="Description">Host Process for Windows Tasks</Data>
    <Data Name="Product">Microsoft® Windows® Operating System</Data>
    <Data Name="Company">Microsoft Corporation</Data>
    <Data Name="OriginalFileName">taskhostw.exe</Data>
    <Data Name="CommandLine">taskhostw.exe {222A245B-E637-4AE9-A93F-A59CA119A75E}</Data>
    <Data Name="CurrentDirectory">C:\Windows\system32\</Data>
    <Data Name="User">WIN-4CKB6CSHOSJ\gerald</Data>
    <Data Name="LogonGuid">FF8B6A41-F27F-63E5-C21B-330000000000</Data>
    <Data Name="LogonId">0x331bc2</Data>
    <Data Name="TerminalSessionId">2</Data>
    <Data Name="IntegrityLevel">Medium</Data>
    <Data Name="Hashes">MD5=8BD7B08DA6BCA54DF9B595E4D9281BEB,SHA256=DE85F29A8BC7219F10A4AC88654C3901ABC329D7505B21CD95CBF780D1EBCCF4,IMPHASH=9839C7FD9649496B162F72128209528A</Data>
    <Data Name="ParentProcessGuid">FF8B6A41-D5C0-63E5-2400-000000000200</Data>
    <Data Name="ParentProcessId">1612</Data>
    <Data Name="ParentImage">C:\Windows\System32\svchost.exe</Data>
    <Data Name="ParentCommandLine">C:\Windows\system32\svchost.exe -k netsvcs -p -s Schedule</Data>
    <Data Name="ParentUser">NT AUTHORITY\SYSTEM</Data>
  </EventData>
</Event>
<?xml version="1.0" encoding="utf-8"?>
<Event xmlns="http://schemas.microsoft.com/win/2004/08/events/event">
  <System>
    <Provider Name="Microsoft-Windows-Sysmon" Guid="5770385F-C22A-43E0-BF4C-06F5698FFBD9">
    </Provider>
    <EventID>1</EventID>
    <Version>5</Version>
    <Level>4</Level>
    <Task>1</Task>
    <Opcode>0</Opcode>
    <Keywords>0x8000000000000000</Keywords>
    <TimeCreated SystemTime="2023-02-10T07:30:08.528856Z">
    </TimeCreated>
    <EventRecordID>670</EventRecordID>
    <Correlation>
    </Correlation>
    <Execution ProcessID="2964" ThreadID="4368">
    </Execution>
    <Channel>Microsoft-Windows-Sysmon/Operational</Channel>
    <Computer>WIN-4CKB6CSHOSJ</Computer>
    <Security UserID="S-1-5-18">
    </Security>
  </System>
  <EventData>
    <Data Name="RuleName">-</Data>
    <Data Name="UtcTime">2023-02-10 07:30:08.527</Data>
    <Data Name="ProcessGuid">FF8B6A41-F280-63E5-5A01-000000000200</Data>
    <Data Name="ProcessId">1752</Data>
    <Data Name="Image">C:\Windows\System32\taskhostw.exe</Data>
    <Data Name="FileVersion">10.0.17763.1852 (WinBuild.160101.0800)</Data>
    <Data Name="Description">Host Process for Windows Tasks</Data>
    <Data Name="Product">Microsoft® Windows® Operating System</Data>
    <Data Name="Company">Microsoft Corporation</Data>
    <Data Name="OriginalFileName">taskhostw.exe</Data>
    <Data Name="CommandLine">taskhostw.exe</Data>
    <Data Name="CurrentDirectory">C:\Windows\system32\</Data>
    <Data Name="User">WIN-4CKB6CSHOSJ\gerald</Data>
    <Data Name="LogonGuid">FF8B6A41-F27F-63E5-C21B-330000000000</Data>
    <Data Name="LogonId">0x331bc2</Data>
    <Data Name="TerminalSessionId">2</Data>
    <Data Name="IntegrityLevel">Medium</Data>
    <Data Name="Hashes">MD5=8BD7B08DA6BCA54DF9B595E4D9281BEB,SHA256=DE85F29A8BC7219F10A4AC88654C3901ABC329D7505B21CD95CBF780D1EBCCF4,IMPHASH=9839C7FD9649496B162F72128209528A</Data>
    <Data Name="ParentProcessGuid">FF8B6A41-D5C0-63E5-2400-000000000200</Data>
    <Data Name="ParentProcessId">1612</Data>
    <Data Name="ParentImage">C:\Windows\System32\svchost.exe</Data>
    <Data Name="ParentCommandLine">C:\Windows\system32\svchost.exe -k netsvcs -p -s Schedule</Data>
    <Data Name="ParentUser">NT AUTHORITY\SYSTEM</Data>
  </EventData>
</Event>
<?xml version="1.0" encoding="utf-8"?>
<Event xmlns="http://schemas.microsoft.com/win/2004/08/events/event">
  <System>
    <Provider Name="Microsoft-Windows-Sysmon" Guid="5770385F-C22A-43E0-BF4C-06F5698FFBD9">
    </Provider>
    <EventID>1</EventID>
    <Version>5</Version>
    <Level>4</Level>
    <Task>1</Task>
    <Opcode>0</Opcode>
    <Keywords>0x8000000000000000</Keywords>
    <TimeCreated SystemTime="2023-02-10T07:30:08.660325Z">
    </TimeCreated>
    <EventRecordID>671</EventRecordID>
    <Correlation>
    </Correlation>
    <Execution ProcessID="2964" ThreadID="4368">
    </Execution>
    <Channel>Microsoft-Windows-Sysmon/Operational</Channel>
    <Computer>WIN-4CKB6CSHOSJ</Computer>
    <Security UserID="S-1-5-18">
    </Security>
  </System>
  <EventData>
    <Data Name="RuleName">-</Data>
    <Data Name="UtcTime">2023-02-10 07:30:08.659</Data>
    <Data Name="ProcessGuid">FF8B6A41-F280-63E5-5B01-000000000200</Data>
    <Data Name="ProcessId">6884</Data>
    <Data Name="Image">C:\Windows\System32\userinit.exe</Data>
    <Data Name="FileVersion">10.0.17763.2989 (WinBuild.160101.0800)</Data>
    <Data Name="Description">Userinit Logon Application</Data>
    <Data Name="Product">Microsoft® Windows® Operating System</Data>
    <Data Name="Company">Microsoft Corporation</Data>
    <Data Name="OriginalFileName">USERINIT.EXE</Data>
    <Data Name="CommandLine">C:\Windows\system32\userinit.exe</Data>
    <Data Name="CurrentDirectory">C:\Windows\system32\</Data>
    <Data Name="User">WIN-4CKB6CSHOSJ\gerald</Data>
    <Data Name="LogonGuid">FF8B6A41-F27F-63E5-C21B-330000000000</Data>
    <Data Name="LogonId">0x331bc2</Data>
    <Data Name="TerminalSessionId">2</Data>
    <Data Name="IntegrityLevel">Medium</Data>
    <Data Name="Hashes">MD5=DF836E6145C8CCA28DDFC8F6CCBE78C9,SHA256=D3F1CEC588C2E0FD3CBD913B0AF988A6E4EC2D700A52F3A3112D72506B75C7E2,IMPHASH=8419D97ABDFEB6C320F0C39028647572</Data>
    <Data Name="ParentProcessGuid">FF8B6A41-F27D-63E5-4A01-000000000200</Data>
    <Data Name="ParentProcessId">5620</Data>
    <Data Name="ParentImage">C:\Windows\System32\winlogon.exe</Data>
    <Data Name="ParentCommandLine">winlogon.exe</Data>
    <Data Name="ParentUser">NT AUTHORITY\SYSTEM</Data>
  </EventData>
</Event>
<?xml version="1.0" encoding="utf-8"?>
<Event xmlns="http://schemas.microsoft.com/win/2004/08/events/event">
  <System>
    <Provider Name="Microsoft-Windows-Sysmon" Guid="5770385F-C22A-43E0-BF4C-06F5698FFBD9">
    </Provider>
    <EventID>1</EventID>
    <Version>5</Version>
    <Level>4</Level>
    <Task>1</Task>
    <Opcode>0</Opcode>
    <Keywords>0x8000000000000000</Keywords>
    <TimeCreated SystemTime="2023-02-10T07:30:08.703088Z">
    </TimeCreated>
    <EventRecordID>672</EventRecordID>
    <Correlation>
    </Correlation>
    <Execution ProcessID="2964" ThreadID="4368">
    </Execution>
    <Channel>Microsoft-Windows-Sysmon/Operational</Channel>
    <Computer>WIN-4CKB6CSHOSJ</Computer>
    <Security UserID="S-1-5-18">
    </Security>
  </System>
  <EventData>
    <Data Name="RuleName">-</Data>
    <Data Name="UtcTime">2023-02-10 07:30:08.698</Data>
    <Data Name="ProcessGuid">FF8B6A41-F280-63E5-5C01-000000000200</Data>
    <Data Name="ProcessId">6768</Data>
    <Data Name="Image">C:\Windows\explorer.exe</Data>
    <Data Name="FileVersion">10.0.17763.3113 (WinBuild.160101.0800)</Data>
    <Data Name="Description">Windows Explorer</Data>
    <Data Name="Product">Microsoft® Windows® Operating System</Data>
    <Data Name="Company">Microsoft Corporation</Data>
    <Data Name="OriginalFileName">EXPLORER.EXE</Data>
    <Data Name="CommandLine">C:\Windows\Explorer.EXE</Data>
    <Data Name="CurrentDirectory">C:\Windows\system32\</Data>
    <Data Name="User">WIN-4CKB6CSHOSJ\gerald</Data>
    <Data Name="LogonGuid">FF8B6A41-F27F-63E5-C21B-330000000000</Data>
    <Data Name="LogonId">0x331bc2</Data>
    <Data Name="TerminalSessionId">2</Data>
    <Data Name="IntegrityLevel">Medium</Data>
    <Data Name="Hashes">MD5=BBE3017916BF2DB64B5E6B251468082E,SHA256=9E3BD0DA2531CDFE3499C82C729B74FA9E49AB2397CA37FCD3D93D650C812DDD,IMPHASH=E320D3313A399467D02924191A7D3D11</Data>
    <Data Name="ParentProcessGuid">FF8B6A41-F280-63E5-5B01-000000000200</Data>
    <Data Name="ParentProcessId">6884</Data>
    <Data Name="ParentImage">C:\Windows\System32\userinit.exe</Data>
    <Data Name="ParentCommandLine">C:\Windows\system32\userinit.exe</Data>
    <Data Name="ParentUser">WIN-4CKB6CSHOSJ\gerald</Data>
  </EventData>
</Event>
<?xml version="1.0" encoding="utf-8"?>
<Event xmlns="http://schemas.microsoft.com/win/2004/08/events/event">
  <System>
    <Provider Name="Microsoft-Windows-Sysmon" Guid="5770385F-C22A-43E0-BF4C-06F5698FFBD9">
    </Provider>
    <EventID>1</EventID>
    <Version>5</Version>
    <Level>4</Level>
    <Task>1</Task>
    <Opcode>0</Opcode>
    <Keywords>0x8000000000000000</Keywords>
    <TimeCreated SystemTime="2023-02-10T07:30:08.991703Z">
    </TimeCreated>
    <EventRecordID>673</EventRecordID>
    <Correlation>
    </Correlation>
    <Execution ProcessID="2964" ThreadID="4368">
    </Execution>
    <Channel>Microsoft-Windows-Sysmon/Operational</Channel>
    <Computer>WIN-4CKB6CSHOSJ</Computer>
    <Security UserID="S-1-5-18">
    </Security>
  </System>
  <EventData>
    <Data Name="RuleName">-</Data>
    <Data Name="UtcTime">2023-02-10 07:30:08.990</Data>
    <Data Name="ProcessGuid">FF8B6A41-F280-63E5-5D01-000000000200</Data>
    <Data Name="ProcessId">5988</Data>
    <Data Name="Image">C:\Windows\System32\smartscreen.exe</Data>
    <Data Name="FileVersion">10.0.17763.3650 (WinBuild.160101.0800)</Data>
    <Data Name="Description">Windows Defender SmartScreen</Data>
    <Data Name="Product">Microsoft® Windows® Operating System</Data>
    <Data Name="Company">Microsoft Corporation</Data>
    <Data Name="OriginalFileName">smartscreen.exe</Data>
    <Data Name="CommandLine">C:\Windows\System32\smartscreen.exe -Embedding</Data>
    <Data Name="CurrentDirectory">C:\Windows\system32\</Data>
    <Data Name="User">WIN-4CKB6CSHOSJ\gerald</Data>
    <Data Name="LogonGuid">FF8B6A41-F27F-63E5-C21B-330000000000</Data>
    <Data Name="LogonId">0x331bc2</Data>
    <Data Name="TerminalSessionId">2</Data>
    <Data Name="IntegrityLevel">Medium</Data>
    <Data Name="Hashes">MD5=6417A69D5A7DC492924B98282CAEB232,SHA256=008EEBD8C1887CF86BDCDF1FED29D0E1996BC00C9BD6A07C519D1156AA5E26E6,IMPHASH=B780C96EBB53CF24EC4ECD54DBDC2569</Data>
    <Data Name="ParentProcessGuid">00000000-0000-0000-0000-000000000000</Data>
    <Data Name="ParentProcessId">840</Data>
    <Data Name="ParentImage">-</Data>
    <Data Name="ParentCommandLine">-</Data>
    <Data Name="ParentUser">-</Data>
  </EventData>
</Event>
<?xml version="1.0" encoding="utf-8"?>
<Event xmlns="http://schemas.microsoft.com/win/2004/08/events/event">
  <System>
    <Provider Name="Microsoft-Windows-Sysmon" Guid="5770385F-C22A-43E0-BF4C-06F5698FFBD9">
    </Provider>
    <EventID>1</EventID>
    <Version>5</Version>
    <Level>4</Level>
    <Task>1</Task>
    <Opcode>0</Opcode>
    <Keywords>0x8000000000000000</Keywords>
    <TimeCreated SystemTime="2023-02-10T07:30:09.118191Z">
    </TimeCreated>
    <EventRecordID>674</EventRecordID>
    <Correlation>
    </Correlation>
    <Execution ProcessID="2964" ThreadID="4368">
    </Execution>
    <Channel>Microsoft-Windows-Sysmon/Operational</Channel>
    <Computer>WIN-4CKB6CSHOSJ</Computer>
    <Security UserID="S-1-5-18">
    </Security>
  </System>
  <EventData>
    <Data Name="RuleName">-</Data>
    <Data Name="UtcTime">2023-02-10 07:30:09.116</Data>
    <Data Name="ProcessGuid">FF8B6A41-F281-63E5-5E01-000000000200</Data>
    <Data Name="ProcessId">1364</Data>
    <Data Name="Image">C:\Program Files (x86)\Microsoft\Edge\Application\110.0.1587.41\Installer\setup.exe</Data>
    <Data Name="FileVersion">110.0.1587.41</Data>
    <Data Name="Description">Microsoft Edge Installer</Data>
    <Data Name="Product">Microsoft Edge Installer</Data>
    <Data Name="Company">Microsoft Corporation</Data>
    <Data Name="OriginalFileName">setup.exe</Data>
    <Data Name="CommandLine">&quot;C:\Program Files (x86)\Microsoft\Edge\Application\110.0.1587.41\Installer\setup.exe&quot; --configure-user-settings --verbose-logging --system-level --msedge --channel=stable</Data>
    <Data Name="CurrentDirectory">C:\Windows\system32\</Data>
    <Data Name="User">WIN-4CKB6CSHOSJ\gerald</Data>
    <Data Name="LogonGuid">FF8B6A41-F27F-63E5-C21B-330000000000</Data>
    <Data Name="LogonId">0x331bc2</Data>
    <Data Name="TerminalSessionId">2</Data>
    <Data Name="IntegrityLevel">Medium</Data>
    <Data Name="Hashes">MD5=15CA7BFAA773027EB5F875AC438FC4CC,SHA256=6404E0BC5F956BDFBBB2771ACC1194FD25A996FB7835DE1729738173B5A4530B,IMPHASH=2D6D31FE041F7B31FB594434BDB9F88A</Data>
    <Data Name="ParentProcessGuid">FF8B6A41-F280-63E5-5C01-000000000200</Data>
    <Data Name="ParentProcessId">6768</Data>
    <Data Name="ParentImage">C:\Windows\explorer.exe</Data>
    <Data Name="ParentCommandLine">C:\Windows\Explorer.EXE</Data>
    <Data Name="ParentUser">WIN-4CKB6CSHOSJ\gerald</Data>
  </EventData>
</Event>
<?xml version="1.0" encoding="utf-8"?>
<Event xmlns="http://schemas.microsoft.com/win/2004/08/events/event">
  <System>
    <Provider Name="Microsoft-Windows-Sysmon" Guid="5770385F-C22A-43E0-BF4C-06F5698FFBD9">
    </Provider>
    <EventID>1</EventID>
    <Version>5</Version>
    <Level>4</Level>
    <Task>1</Task>
    <Opcode>0</Opcode>
    <Keywords>0x8000000000000000</Keywords>
    <TimeCreated SystemTime="2023-02-10T07:30:09.231106Z">
    </TimeCreated>
    <EventRecordID>675</EventRecordID>
    <Correlation>
    </Correlation>
    <Execution ProcessID="2964" ThreadID="4368">
    </Execution>
    <Channel>Microsoft-Windows-Sysmon/Operational</Channel>
    <Computer>WIN-4CKB6CSHOSJ</Computer>
    <Security UserID="S-1-5-18">
    </Security>
  </System>
  <EventData>
    <Data Name="RuleName">-</Data>
    <Data Name="UtcTime">2023-02-10 07:30:09.227</Data>
    <Data Name="ProcessGuid">FF8B6A41-F281-63E5-6001-000000000200</Data>
    <Data Name="ProcessId">2448</Data>
    <Data Name="Image">C:\Program Files (x86)\Microsoft\Edge\Application\110.0.1587.41\Installer\setup.exe</Data>
    <Data Name="FileVersion">110.0.1587.41</Data>
    <Data Name="Description">Microsoft Edge Installer</Data>
    <Data Name="Product">Microsoft Edge Installer</Data>
    <Data Name="Company">Microsoft Corporation</Data>
    <Data Name="OriginalFileName">setup.exe</Data>
    <Data Name="CommandLine">&quot;C:\Program Files (x86)\Microsoft\Edge\Application\110.0.1587.41\Installer\setup.exe&quot; --msedge --channel=stable --system-level --verbose-logging --installerdata=&quot;C:\Program Files (x86)\Microsoft\Edge\Application\master_preferences&quot; --create-shortcuts=1 --install-level=0</Data>
    <Data Name="CurrentDirectory">C:\Windows\system32\</Data>
    <Data Name="User">WIN-4CKB6CSHOSJ\gerald</Data>
    <Data Name="LogonGuid">FF8B6A41-F27F-63E5-C21B-330000000000</Data>
    <Data Name="LogonId">0x331bc2</Data>
    <Data Name="TerminalSessionId">2</Data>
    <Data Name="IntegrityLevel">Medium</Data>
    <Data Name="Hashes">MD5=15CA7BFAA773027EB5F875AC438FC4CC,SHA256=6404E0BC5F956BDFBBB2771ACC1194FD25A996FB7835DE1729738173B5A4530B,IMPHASH=2D6D31FE041F7B31FB594434BDB9F88A</Data>
    <Data Name="ParentProcessGuid">FF8B6A41-F281-63E5-5E01-000000000200</Data>
    <Data Name="ParentProcessId">1364</Data>
    <Data Name="ParentImage">C:\Program Files (x86)\Microsoft\Edge\Application\110.0.1587.41\Installer\setup.exe</Data>
    <Data Name="ParentCommandLine">&quot;C:\Program Files (x86)\Microsoft\Edge\Application\110.0.1587.41\Installer\setup.exe&quot; --configure-user-settings --verbose-logging --system-level --msedge --channel=stable</Data>
    <Data Name="ParentUser">WIN-4CKB6CSHOSJ\gerald</Data>
  </EventData>
</Event>
<?xml version="1.0" encoding="utf-8"?>
<Event xmlns="http://schemas.microsoft.com/win/2004/08/events/event">
  <System>
    <Provider Name="Microsoft-Windows-Sysmon" Guid="5770385F-C22A-43E0-BF4C-06F5698FFBD9">
    </Provider>
    <EventID>1</EventID>
    <Version>5</Version>
    <Level>4</Level>
    <Task>1</Task>
    <Opcode>0</Opcode>
    <Keywords>0x8000000000000000</Keywords>
    <TimeCreated SystemTime="2023-02-10T07:30:09.466395Z">
    </TimeCreated>
    <EventRecordID>676</EventRecordID>
    <Correlation>
    </Correlation>
    <Execution ProcessID="2964" ThreadID="4368">
    </Execution>
    <Channel>Microsoft-Windows-Sysmon/Operational</Channel>
    <Computer>WIN-4CKB6CSHOSJ</Computer>
    <Security UserID="S-1-5-18">
    </Security>
  </System>
  <EventData>
    <Data Name="RuleName">-</Data>
    <Data Name="UtcTime">2023-02-10 07:30:09.464</Data>
    <Data Name="ProcessGuid">FF8B6A41-F281-63E5-6101-000000000200</Data>
    <Data Name="ProcessId">6304</Data>
    <Data Name="Image">C:\Program Files (x86)\Microsoft\Edge\Application\110.0.1587.41\Installer\setup.exe</Data>
    <Data Name="FileVersion">110.0.1587.41</Data>
    <Data Name="Description">Microsoft Edge Installer</Data>
    <Data Name="Product">Microsoft Edge Installer</Data>
    <Data Name="Company">Microsoft Corporation</Data>
    <Data Name="OriginalFileName">setup.exe</Data>
    <Data Name="CommandLine">&quot;C:\Program Files (x86)\Microsoft\Edge\Application\110.0.1587.41\Installer\setup.exe&quot; --msedge --channel=stable --launch-msedge-after-unlock --verbose-logging --system-level</Data>
    <Data Name="CurrentDirectory">C:\Program Files (x86)\Microsoft\Edge\Application\110.0.1587.41\Installer\</Data>
    <Data Name="User">WIN-4CKB6CSHOSJ\gerald</Data>
    <Data Name="LogonGuid">FF8B6A41-F27F-63E5-C21B-330000000000</Data>
    <Data Name="LogonId">0x331bc2</Data>
    <Data Name="TerminalSessionId">2</Data>
    <Data Name="IntegrityLevel">Medium</Data>
    <Data Name="Hashes">MD5=15CA7BFAA773027EB5F875AC438FC4CC,SHA256=6404E0BC5F956BDFBBB2771ACC1194FD25A996FB7835DE1729738173B5A4530B,IMPHASH=2D6D31FE041F7B31FB594434BDB9F88A</Data>
    <Data Name="ParentProcessGuid">FF8B6A41-F281-63E5-5E01-000000000200</Data>
    <Data Name="ParentProcessId">1364</Data>
    <Data Name="ParentImage">C:\Program Files (x86)\Microsoft\Edge\Application\110.0.1587.41\Installer\setup.exe</Data>
    <Data Name="ParentCommandLine">&quot;C:\Program Files (x86)\Microsoft\Edge\Application\110.0.1587.41\Installer\setup.exe&quot; --configure-user-settings --verbose-logging --system-level --msedge --channel=stable</Data>
    <Data Name="ParentUser">WIN-4CKB6CSHOSJ\gerald</Data>
  </EventData>
</Event>
<?xml version="1.0" encoding="utf-8"?>
<Event xmlns="http://schemas.microsoft.com/win/2004/08/events/event">
  <System>
    <Provider Name="Microsoft-Windows-Sysmon" Guid="5770385F-C22A-43E0-BF4C-06F5698FFBD9">
    </Provider>
    <EventID>1</EventID>
    <Version>5</Version>
    <Level>4</Level>
    <Task>1</Task>
    <Opcode>0</Opcode>
    <Keywords>0x8000000000000000</Keywords>
    <TimeCreated SystemTime="2023-02-10T07:30:09.739494Z">
    </TimeCreated>
    <EventRecordID>677</EventRecordID>
    <Correlation>
    </Correlation>
    <Execution ProcessID="2964" ThreadID="4368">
    </Execution>
    <Channel>Microsoft-Windows-Sysmon/Operational</Channel>
    <Computer>WIN-4CKB6CSHOSJ</Computer>
    <Security UserID="S-1-5-18">
    </Security>
  </System>
  <EventData>
    <Data Name="RuleName">-</Data>
    <Data Name="UtcTime">2023-02-10 07:30:09.524</Data>
    <Data Name="ProcessGuid">FF8B6A41-F281-63E5-6201-000000000200</Data>
    <Data Name="ProcessId">4016</Data>
    <Data Name="Image">C:\Program Files (x86)\Microsoft\Edge\Application\msedge.exe</Data>
    <Data Name="FileVersion">110.0.1587.41</Data>
    <Data Name="Description">Microsoft Edge</Data>
    <Data Name="Product">Microsoft Edge</Data>
    <Data Name="Company">Microsoft Corporation</Data>
    <Data Name="OriginalFileName">msedge.exe</Data>
    <Data Name="CommandLine">&quot;C:\Program Files (x86)\Microsoft\Edge\Application\msedge.exe&quot; --continue-active-setup</Data>
    <Data Name="CurrentDirectory">C:\Program Files (x86)\Microsoft\Edge\Application\110.0.1587.41\Installer\</Data>
    <Data Name="User">WIN-4CKB6CSHOSJ\gerald</Data>
    <Data Name="LogonGuid">FF8B6A41-F27F-63E5-C21B-330000000000</Data>
    <Data Name="LogonId">0x331bc2</Data>
    <Data Name="TerminalSessionId">2</Data>
    <Data Name="IntegrityLevel">Medium</Data>
    <Data Name="Hashes">MD5=2372F95ED81D83E86A9B296410DAA621,SHA256=EB6AED84AC0087E8BF43E64B138421272091BF16D480D74F5DA7F296B5DF9F19,IMPHASH=6858258FBD06BABD9B7990ACD011E737</Data>
    <Data Name="ParentProcessGuid">FF8B6A41-F281-63E5-6101-000000000200</Data>
    <Data Name="ParentProcessId">6304</Data>
    <Data Name="ParentImage">C:\Program Files (x86)\Microsoft\Edge\Application\110.0.1587.41\Installer\setup.exe</Data>
    <Data Name="ParentCommandLine">&quot;C:\Program Files (x86)\Microsoft\Edge\Application\110.0.1587.41\Installer\setup.exe&quot; --msedge --channel=stable --launch-msedge-after-unlock --verbose-logging --system-level</Data>
    <Data Name="ParentUser">WIN-4CKB6CSHOSJ\gerald</Data>
  </EventData>
</Event>
<?xml version="1.0" encoding="utf-8"?>
<Event xmlns="http://schemas.microsoft.com/win/2004/08/events/event">
  <System>
    <Provider Name="Microsoft-Windows-Sysmon" Guid="5770385F-C22A-43E0-BF4C-06F5698FFBD9">
    </Provider>
    <EventID>1</EventID>
    <Version>5</Version>
    <Level>4</Level>
    <Task>1</Task>
    <Opcode>0</Opcode>
    <Keywords>0x8000000000000000</Keywords>
    <TimeCreated SystemTime="2023-02-10T07:30:09.808539Z">
    </TimeCreated>
    <EventRecordID>678</EventRecordID>
    <Correlation>
    </Correlation>
    <Execution ProcessID="2964" ThreadID="4368">
    </Execution>
    <Channel>Microsoft-Windows-Sysmon/Operational</Channel>
    <Computer>WIN-4CKB6CSHOSJ</Computer>
    <Security UserID="S-1-5-18">
    </Security>
  </System>
  <EventData>
    <Data Name="RuleName">-</Data>
    <Data Name="UtcTime">2023-02-10 07:30:09.807</Data>
    <Data Name="ProcessGuid">FF8B6A41-F281-63E5-6301-000000000200</Data>
    <Data Name="ProcessId">6568</Data>
    <Data Name="Image">C:\Program Files (x86)\Microsoft\Edge\Application\msedge.exe</Data>
    <Data Name="FileVersion">110.0.1587.41</Data>
    <Data Name="Description">Microsoft Edge</Data>
    <Data Name="Product">Microsoft Edge</Data>
    <Data Name="Company">Microsoft Corporation</Data>
    <Data Name="OriginalFileName">msedge.exe</Data>
    <Data Name="CommandLine">&quot;C:\Program Files (x86)\Microsoft\Edge\Application\msedge.exe&quot; --type=crashpad-handler &quot;--user-data-dir=C:\Users\gerald\AppData\Local\Microsoft\Edge\User Data&quot; /prefetch:7 --monitor-self-annotation=ptype=crashpad-handler &quot;--database=C:\Users\gerald\AppData\Local\Microsoft\Edge\User Data\Crashpad&quot; --annotation=IsOfficialBuild=1 --annotation=channel= --annotation=chromium-version=110.0.5481.77 &quot;--annotation=exe=C:\Program Files (x86)\Microsoft\Edge\Application\msedge.exe&quot; --annotation=plat=Win64 &quot;--annotation=prod=Microsoft Edge&quot; --annotation=ver=110.0.1587.41 --initial-client-data=0xf4,0xf8,0xfc,0xf0,0x104,0x7fff14277750,0x7fff14277760,0x7fff14277770</Data>
    <Data Name="CurrentDirectory">C:\Program Files (x86)\Microsoft\Edge\Application\</Data>
    <Data Name="User">WIN-4CKB6CSHOSJ\gerald</Data>
    <Data Name="LogonGuid">FF8B6A41-F27F-63E5-C21B-330000000000</Data>
    <Data Name="LogonId">0x331bc2</Data>
    <Data Name="TerminalSessionId">2</Data>
    <Data Name="IntegrityLevel">Medium</Data>
    <Data Name="Hashes">MD5=2372F95ED81D83E86A9B296410DAA621,SHA256=EB6AED84AC0087E8BF43E64B138421272091BF16D480D74F5DA7F296B5DF9F19,IMPHASH=6858258FBD06BABD9B7990ACD011E737</Data>
    <Data Name="ParentProcessGuid">FF8B6A41-F281-63E5-6201-000000000200</Data>
    <Data Name="ParentProcessId">4016</Data>
    <Data Name="ParentImage">C:\Program Files (x86)\Microsoft\Edge\Application\msedge.exe</Data>
    <Data Name="ParentCommandLine">&quot;C:\Program Files (x86)\Microsoft\Edge\Application\msedge.exe&quot; --continue-active-setup</Data>
    <Data Name="ParentUser">WIN-4CKB6CSHOSJ\gerald</Data>
  </EventData>
</Event>
<?xml version="1.0" encoding="utf-8"?>
<Event xmlns="http://schemas.microsoft.com/win/2004/08/events/event">
  <System>
    <Provider Name="Microsoft-Windows-Sysmon" Guid="5770385F-C22A-43E0-BF4C-06F5698FFBD9">
    </Provider>
    <EventID>1</EventID>
    <Version>5</Version>
    <Level>4</Level>
    <Task>1</Task>
    <Opcode>0</Opcode>
    <Keywords>0x8000000000000000</Keywords>
    <TimeCreated SystemTime="2023-02-10T07:30:12.444729Z">
    </TimeCreated>
    <EventRecordID>679</EventRecordID>
    <Correlation>
    </Correlation>
    <Execution ProcessID="2964" ThreadID="4368">
    </Execution>
    <Channel>Microsoft-Windows-Sysmon/Operational</Channel>
    <Computer>WIN-4CKB6CSHOSJ</Computer>
    <Security UserID="S-1-5-18">
    </Security>
  </System>
  <EventData>
    <Data Name="RuleName">-</Data>
    <Data Name="UtcTime">2023-02-10 07:30:12.438</Data>
    <Data Name="ProcessGuid">FF8B6A41-F284-63E5-6801-000000000200</Data>
    <Data Name="ProcessId">7052</Data>
    <Data Name="Image">C:\Windows\System32\ctfmon.exe</Data>
    <Data Name="FileVersion">10.0.17763.1 (WinBuild.160101.0800)</Data>
    <Data Name="Description">CTF Loader</Data>
    <Data Name="Product">Microsoft® Windows® Operating System</Data>
    <Data Name="Company">Microsoft Corporation</Data>
    <Data Name="OriginalFileName">CTFMON.EXE</Data>
    <Data Name="CommandLine">&quot;ctfmon.exe&quot;</Data>
    <Data Name="CurrentDirectory">C:\Windows\system32\</Data>
    <Data Name="User">WIN-4CKB6CSHOSJ\gerald</Data>
    <Data Name="LogonGuid">FF8B6A41-F27F-63E5-C21B-330000000000</Data>
    <Data Name="LogonId">0x331bc2</Data>
    <Data Name="TerminalSessionId">2</Data>
    <Data Name="IntegrityLevel">Medium</Data>
    <Data Name="Hashes">MD5=AFE653CCC2592633C22DD5DA4124AB59,SHA256=2D88AB60714D7CAA53B06653CDD31E14093121CEBF3BB7EB7CA0F1B9F04A3A8A,IMPHASH=6FD43544FB51C12382CAD7C88F550240</Data>
    <Data Name="ParentProcessGuid">FF8B6A41-D5C5-63E5-5700-000000000200</Data>
    <Data Name="ParentProcessId">4716</Data>
    <Data Name="ParentImage">C:\Windows\System32\svchost.exe</Data>
    <Data Name="ParentCommandLine">C:\Windows\System32\svchost.exe -k LocalSystemNetworkRestricted -p -s TabletInputService</Data>
    <Data Name="ParentUser">NT AUTHORITY\SYSTEM</Data>
  </EventData>
</Event>
<?xml version="1.0" encoding="utf-8"?>
<Event xmlns="http://schemas.microsoft.com/win/2004/08/events/event">
  <System>
    <Provider Name="Microsoft-Windows-Sysmon" Guid="5770385F-C22A-43E0-BF4C-06F5698FFBD9">
    </Provider>
    <EventID>1</EventID>
    <Version>5</Version>
    <Level>4</Level>
    <Task>1</Task>
    <Opcode>0</Opcode>
    <Keywords>0x8000000000000000</Keywords>
    <TimeCreated SystemTime="2023-02-10T07:30:18.252884Z">
    </TimeCreated>
    <EventRecordID>680</EventRecordID>
    <Correlation>
    </Correlation>
    <Execution ProcessID="2964" ThreadID="4368">
    </Execution>
    <Channel>Microsoft-Windows-Sysmon/Operational</Channel>
    <Computer>WIN-4CKB6CSHOSJ</Computer>
    <Security UserID="S-1-5-18">
    </Security>
  </System>
  <EventData>
    <Data Name="RuleName">-</Data>
    <Data Name="UtcTime">2023-02-10 07:30:18.247</Data>
    <Data Name="ProcessGuid">FF8B6A41-F28A-63E5-6B01-000000000200</Data>
    <Data Name="ProcessId">2204</Data>
    <Data Name="Image">C:\Windows\System32\rundll32.exe</Data>
    <Data Name="FileVersion">10.0.17763.1697 (WinBuild.160101.0800)</Data>
    <Data Name="Description">Windows host process (Rundll32)</Data>
    <Data Name="Product">Microsoft® Windows® Operating System</Data>
    <Data Name="Company">Microsoft Corporation</Data>
    <Data Name="OriginalFileName">RUNDLL32.EXE</Data>
    <Data Name="CommandLine">C:\Windows\System32\rundll32.exe C:\Windows\System32\shell32.dll,SHCreateLocalServerRunDll {9aa46009-3ce0-458a-a354-715610a075e6} -Embedding</Data>
    <Data Name="CurrentDirectory">C:\Windows\system32\</Data>
    <Data Name="User">WIN-4CKB6CSHOSJ\gerald</Data>
    <Data Name="LogonGuid">FF8B6A41-F27F-63E5-C21B-330000000000</Data>
    <Data Name="LogonId">0x331bc2</Data>
    <Data Name="TerminalSessionId">2</Data>
    <Data Name="IntegrityLevel">Medium</Data>
    <Data Name="Hashes">MD5=80F8E0C26028E83F1EF371D7B44DE3DF,SHA256=9F1E56A3BF293AC536CF4B8DAD57040797D62DBB0CA19C4ED9683B5565549481,IMPHASH=F27A7FC3A53E74F45BE370131953896A</Data>
    <Data Name="ParentProcessGuid">00000000-0000-0000-0000-000000000000</Data>
    <Data Name="ParentProcessId">840</Data>
    <Data Name="ParentImage">-</Data>
    <Data Name="ParentCommandLine">-</Data>
    <Data Name="ParentUser">-</Data>
  </EventData>
</Event>
<?xml version="1.0" encoding="utf-8"?>
<Event xmlns="http://schemas.microsoft.com/win/2004/08/events/event">
  <System>
    <Provider Name="Microsoft-Windows-Sysmon" Guid="5770385F-C22A-43E0-BF4C-06F5698FFBD9">
    </Provider>
    <EventID>1</EventID>
    <Version>5</Version>
    <Level>4</Level>
    <Task>1</Task>
    <Opcode>0</Opcode>
    <Keywords>0x8000000000000000</Keywords>
    <TimeCreated SystemTime="2023-02-10T07:30:22.655088Z">
    </TimeCreated>
    <EventRecordID>681</EventRecordID>
    <Correlation>
    </Correlation>
    <Execution ProcessID="2964" ThreadID="4368">
    </Execution>
    <Channel>Microsoft-Windows-Sysmon/Operational</Channel>
    <Computer>WIN-4CKB6CSHOSJ</Computer>
    <Security UserID="S-1-5-18">
    </Security>
  </System>
  <EventData>
    <Data Name="RuleName">-</Data>
    <Data Name="UtcTime">2023-02-10 07:30:22.653</Data>
    <Data Name="ProcessGuid">FF8B6A41-F28E-63E5-6D01-000000000200</Data>
    <Data Name="ProcessId">5772</Data>
    <Data Name="Image">C:\Program Files (x86)\Microsoft\Edge\Application\msedge.exe</Data>
    <Data Name="FileVersion">110.0.1587.41</Data>
    <Data Name="Description">Microsoft Edge</Data>
    <Data Name="Product">Microsoft Edge</Data>
    <Data Name="Company">Microsoft Corporation</Data>
    <Data Name="OriginalFileName">msedge.exe</Data>
    <Data Name="CommandLine">&quot;C:\Program Files (x86)\Microsoft\Edge\Application\msedge.exe&quot; --type=gpu-process --gpu-preferences=UAAAAAAAAADgAAAYAAAAAAAAAAAAAAAAAABgAAAAAAAwAAAAAAAAAAAAAAAQAAAAAAAAAAAAAAAAAAAAAAAAAEgAAAAAAAAASAAAAAAAAAAYAAAAAgAAABAAAAAAAAAAGAAAAAAAAAAQAAAAAAAAAAAAAAAOAAAAEAAAAAAAAAABAAAADgAAAAgAAAAAAAAACAAAAAAAAAA= --mojo-platform-channel-handle=1988 --field-trial-handle=2116,i,2689899378805519605,6380804971203908794,131072 /prefetch:2</Data>
    <Data Name="CurrentDirectory">C:\Program Files (x86)\Microsoft\Edge\Application\110.0.1587.41\</Data>
    <Data Name="User">WIN-4CKB6CSHOSJ\gerald</Data>
    <Data Name="LogonGuid">FF8B6A41-F27F-63E5-C21B-330000000000</Data>
    <Data Name="LogonId">0x331bc2</Data>
    <Data Name="TerminalSessionId">2</Data>
    <Data Name="IntegrityLevel">Low</Data>
    <Data Name="Hashes">MD5=2372F95ED81D83E86A9B296410DAA621,SHA256=EB6AED84AC0087E8BF43E64B138421272091BF16D480D74F5DA7F296B5DF9F19,IMPHASH=6858258FBD06BABD9B7990ACD011E737</Data>
    <Data Name="ParentProcessGuid">FF8B6A41-F281-63E5-6201-000000000200</Data>
    <Data Name="ParentProcessId">4016</Data>
    <Data Name="ParentImage">C:\Program Files (x86)\Microsoft\Edge\Application\msedge.exe</Data>
    <Data Name="ParentCommandLine">&quot;C:\Program Files (x86)\Microsoft\Edge\Application\msedge.exe&quot; --continue-active-setup</Data>
    <Data Name="ParentUser">WIN-4CKB6CSHOSJ\gerald</Data>
  </EventData>
</Event>
<?xml version="1.0" encoding="utf-8"?>
<Event xmlns="http://schemas.microsoft.com/win/2004/08/events/event">
  <System>
    <Provider Name="Microsoft-Windows-Sysmon" Guid="5770385F-C22A-43E0-BF4C-06F5698FFBD9">
    </Provider>
    <EventID>1</EventID>
    <Version>5</Version>
    <Level>4</Level>
    <Task>1</Task>
    <Opcode>0</Opcode>
    <Keywords>0x8000000000000000</Keywords>
    <TimeCreated SystemTime="2023-02-10T07:30:22.659713Z">
    </TimeCreated>
    <EventRecordID>682</EventRecordID>
    <Correlation>
    </Correlation>
    <Execution ProcessID="2964" ThreadID="4368">
    </Execution>
    <Channel>Microsoft-Windows-Sysmon/Operational</Channel>
    <Computer>WIN-4CKB6CSHOSJ</Computer>
    <Security UserID="S-1-5-18">
    </Security>
  </System>
  <EventData>
    <Data Name="RuleName">-</Data>
    <Data Name="UtcTime">2023-02-10 07:30:22.658</Data>
    <Data Name="ProcessGuid">FF8B6A41-F28E-63E5-6E01-000000000200</Data>
    <Data Name="ProcessId">6148</Data>
    <Data Name="Image">C:\Program Files (x86)\Microsoft\Edge\Application\msedge.exe</Data>
    <Data Name="FileVersion">110.0.1587.41</Data>
    <Data Name="Description">Microsoft Edge</Data>
    <Data Name="Product">Microsoft Edge</Data>
    <Data Name="Company">Microsoft Corporation</Data>
    <Data Name="OriginalFileName">msedge.exe</Data>
    <Data Name="CommandLine">&quot;C:\Program Files (x86)\Microsoft\Edge\Application\msedge.exe&quot; --type=utility --utility-sub-type=network.mojom.NetworkService --lang=en-US --service-sandbox-type=none --mojo-platform-channel-handle=2340 --field-trial-handle=2116,i,2689899378805519605,6380804971203908794,131072 /prefetch:3</Data>
    <Data Name="CurrentDirectory">C:\Program Files (x86)\Microsoft\Edge\Application\110.0.1587.41\</Data>
    <Data Name="User">WIN-4CKB6CSHOSJ\gerald</Data>
    <Data Name="LogonGuid">FF8B6A41-F27F-63E5-C21B-330000000000</Data>
    <Data Name="LogonId">0x331bc2</Data>
    <Data Name="TerminalSessionId">2</Data>
    <Data Name="IntegrityLevel">Medium</Data>
    <Data Name="Hashes">MD5=2372F95ED81D83E86A9B296410DAA621,SHA256=EB6AED84AC0087E8BF43E64B138421272091BF16D480D74F5DA7F296B5DF9F19,IMPHASH=6858258FBD06BABD9B7990ACD011E737</Data>
    <Data Name="ParentProcessGuid">FF8B6A41-F281-63E5-6201-000000000200</Data>
    <Data Name="ParentProcessId">4016</Data>
    <Data Name="ParentImage">C:\Program Files (x86)\Microsoft\Edge\Application\msedge.exe</Data>
    <Data Name="ParentCommandLine">&quot;C:\Program Files (x86)\Microsoft\Edge\Application\msedge.exe&quot; --continue-active-setup</Data>
    <Data Name="ParentUser">WIN-4CKB6CSHOSJ\gerald</Data>
  </EventData>
</Event>
