{"Event":{"EventData":{"Binary":null,"Data":null},"System":{"Channel":"Application","Computer":"WIN-4CKB6CSHOSJ","EventID":9027,"EventID_attributes":{"Qualifiers":16384},"EventRecordID":123,"Keywords":"0x80000000000000","Level":4,"Provider_attributes":{"Name":"Desktop Window Manager"},"Security":null,"Task":0,"TimeCreated_attributes":{"SystemTime":"2023-02-10T07:30:06.774131Z"}}},"Event_attributes":{"xmlns":"http://schemas.microsoft.com/win/2004/08/events/event"}}
{"Event":{"EventData":{"Binary":null,"Data":null},"System":{"Channel":"Application","Computer":"WIN-4CKB6CSHOSJ","Correlation":null,"EventID":16394,"EventID_attributes":{"Qualifiers":49152},"EventRecordID":124,"Execution_attributes":{"ProcessID":0,"ThreadID":0},"Keywords":"0x80000000000000","Level":4,"Opcode":0,"Provider_attributes":{"EventSourceName":"Software Protection Platform Service","Guid":"{E23B33B0-C8C9-472C-A5F9-F2BDFEA0F156}","Name":"Microsoft-Windows-Security-SPP"},"Security":null,"Task":0,"TimeCreated_attributes":{"SystemTime":"2023-02-10T07:31:53.964947Z"},"Version":0}},"Event_attributes":{"xmlns":"http://schemas.microsoft.com/win/2004/08/events/event"}}
{"Event":{"EventData":{"Binary":null,"Data":["2023-07-09T04:47:24Z","RulesEngine"]},"System":{"Channel":"Application","Computer":"WIN-4CKB6CSHOSJ","Correlation":null,"EventID":16384,"EventID_attributes":{"Qualifiers":16384},"EventRecordID":125,"Execution_attributes":{"ProcessID":0,"ThreadID":0},"Keywords":"0x80000000000000","Level":4,"Opcode":0,"Provider_attributes":{"EventSourceName":"Software Protection Platform Service","Guid":"{E23B33B0-C8C9-472C-A5F9-F2BDFEA0F156}","Name":"Microsoft-Windows-Security-SPP"},"Security":null,"Task":0,"TimeCreated_attributes":{"SystemTime":"2023-02-10T07:32:24.420719Z"},"Version":0}},"Event_attributes":{"xmlns":"http://schemas.microsoft.com/win/2004/08/events/event"}}
{"Event":{"EventData":{"Binary":null,"Data":null},"System":{"Channel":"Application","Computer":"WIN-4CKB6CSHOSJ","Correlation":null,"EventID":16394,"EventID_attributes":{"Qualifiers":49152},"EventRecordID":126,"Execution_attributes":{"ProcessID":0,"ThreadID":0},"Keywords":"0x80000000000000","Level":4,"Opcode":0,"Provider_attributes":{"EventSourceName":"Software Protection Platform Service","Guid":"{E23B33B0-C8C9-472C-A5F9-F2BDFEA0F156}","Name":"Microsoft-Windows-Security-SPP"},"Security":null,"Task":0,"TimeCreated_attributes":{"SystemTime":"2023-02-10T07:32:30.096779Z"},"Version":0}},"Event_attributes":{"xmlns":"http://schemas.microsoft.com/win/2004/08/events/event"}}
{"Event":{"EventData":{"Binary":null,"Data":["2023-07-09T04:48:00Z","RulesEngine"]},"System":{"Channel":"Application","Computer":"WIN-4CKB6CSHOSJ","Correlation":null,"EventID":16384,"EventID_attributes":{"Qualifiers":16384},"EventRecordID":127,"Execution_attributes":{"ProcessID":0,"ThreadID":0},"Keywords":"0x80000000000000","Level":4,"Opcode":0,"Provider_attributes":{"EventSourceName":"Software Protection Platform Service","Guid":"{E23B33B0-C8C9-472C-A5F9-F2BDFEA0F156}","Name":"Microsoft-Windows-Security-SPP"},"Security":null,"Task":0,"TimeCreated_attributes":{"SystemTime":"2023-02-10T07:33:00.654217Z"},"Version":0}},"Event_attributes":{"xmlns":"http://schemas.microsoft.com/win/2004/08/events/event"}}
{"Event":{"EventData":{"Binary":null,"Data":null},"System":{"Channel":"Application","Computer":"WIN-4CKB6CSHOSJ","EventID":9027,"EventID_attributes":{"Qualifiers":16384},"EventRecordID":128,"Keywords":"0x80000000000000","Level":4,"Provider_attributes":{"Name":"Desktop Window Manager"},"Security":null,"Task":0,"TimeCreated_attributes":{"SystemTime":"2023-02-10T07:36:35.564059Z"}}},"Event_attributes":{"xmlns":"http://schemas.microsoft.com/win/2004/08/events/event"}}
{"Event":{"EventData":{"Binary":null,"Data":null},"System":{"Channel":"Application","Computer":"WIN-4CKB6CSHOSJ","EventID":9027,"EventID_attributes":{"Qualifiers":16384},"EventRecordID":129,"Keywords":"0x80000000000000","Level":4,"Provider_attributes":{"Name":"Desktop Window Manager"},"Security":null,"Task":0,"TimeCreated_attributes":{"SystemTime":"2023-02-10T07:43:43.163189Z"}}},"Event_attributes":{"xmlns":"http://schemas.microsoft.com/win/2004/08/events/event"}}
{"Event":{"EventData":{"Binary":null,"Data":null},"System":{"Channel":"Application","Computer":"WIN-4CKB6CSHOSJ","EventID":9027,"EventID_attributes":{"Qualifiers":16384},"EventRecordID":130,"Keywords":"0x80000000000000","Level":4,"Provider_attributes":{"Name":"Desktop Window Manager"},"Security":null,"Task":0,"TimeCreated_attributes":{"SystemTime":"2023-02-10T07:52:26.413475Z"}}},"Event_attributes":{"xmlns":"http://schemas.microsoft.com/win/2004/08/events/event"}}
{"Event":{"EventData":{"Binary":null,"Data":null},"System":{"Channel":"Application","Computer":"WIN-4CKB6CSHOSJ","Correlation":null,"EventID":16394,"EventID_attributes":{"Qualifiers":49152},"EventRecordID":131,"Execution_attributes":{"ProcessID":0,"ThreadID":0},"Keywords":"0x80000000000000","Level":4,"Opcode":0,"Provider_attributes":{"EventSourceName":"Software Protection Platform Service","Guid":"{E23B33B0-C8C9-472C-A5F9-F2BDFEA0F156}","Name":"Microsoft-Windows-Security-SPP"},"Security":null,"Task":0,"TimeCreated_attributes":{"SystemTime":"2023-02-10T08:01:54.484596Z"},"Version":0}},"Event_attributes":{"xmlns":"http://schemas.microsoft.com/win/2004/08/events/event"}}
{"Event":{"EventData":{"Binary":null,"Data":null},"System":{"Channel":"Application","Computer":"WIN-4CKB6CSHOSJ","EventID":9027,"EventID_attributes":{"Qualifiers":16384},"EventRecordID":132,"Keywords":"0x80000000000000","Level":4,"Provider_attributes":{"Name":"Desktop Window Manager"},"Security":null,"Task":0,"TimeCreated_attributes":{"SystemTime":"2023-02-10T08:02:03.956149Z"}}},"Event_attributes":{"xmlns":"http://schemas.microsoft.com/win/2004/08/events/event"}}
{"Event":{"EventData":{"Binary":null,"Data":["2023-07-09T04:47:24Z","RulesEngine"]},"System":{"Channel":"Application","Computer":"WIN-4CKB6CSHOSJ","Correlation":null,"EventID":16384,"EventID_attributes":{"Qualifiers":16384},"EventRecordID":133,"Execution_attributes":{"ProcessID":0,"ThreadID":0},"Keywords":"0x80000000000000","Level":4,"Opcode":0,"Provider_attributes":{"EventSourceName":"Software Protection Platform Service","Guid":"{E23B33B0-C8C9-472C-A5F9-F2BDFEA0F156}","Name":"Microsoft-Windows-Security-SPP"},"Security":null,"Task":0,"TimeCreated_attributes":{"SystemTime":"2023-02-10T08:02:24.998794Z"},"Version":0}},"Event_attributes":{"xmlns":"http://schemas.microsoft.com/win/2004/08/events/event"}}
